<?xml version="1.0" encoding="UTF-8" standalone="yes"?>
<ns2:test-suite start="1522330609606" stop="1522331793771" version="1.4.16" xmlns:ns2="urn:model.allure.qatools.yandex.ru">
    <name>Default suite : Default test</name>
    <title>Default suite : Default test</title>
    <test-cases>
        <test-case start="1522330814615" stop="1522331050925" status="broken">
            <name>Smoke_Test_Case_C415129_Verify_Weatherfx_API_Call_Response_When_User_Selects_Contextual_Locations</name>
            <title>Verify WeatherFx API Call Response When User Selects Contextual Locations</title>
            <failure>
                <message>WebDriverException: An unknown server-side error occurred while processing the command. (WARNING: The server did not provide any stacktrace information)
Command duration or timeout: 6 milliseconds
Build info: version: '2.51.0', revision: '1af067dbcaedd7d2ab9af5151fc471d363d97193', time: '2016-02-05 11:20:57'
System info: host: 'ravis-mbp.corp.monocept.com', ip: '192.168.1.158', os.name: 'Mac OS X', os.arch: 'x86_64', os.version: '10.12', java.version: '1.8.0_60'
Driver info: io.appium.java_client.android.AndroidDriver
Capabilities [{app=/Users/monocept/Desktop/ads-android-master/APKFile/app_google_universal_debug_813000154.apk, appPackage=com.weather.Weather, networkConnectionEnabled=true, noReset=false, warnings={}, databaseEnabled=false, deviceName=03157df33d91c039, platform=LINUX, desired={app=/Users/monocept/Desktop/ads-android-master/APKFile/app_google_universal_debug_813000154.apk, appPackage=com.weather.Weather, appium-version=1.4.13, noReset=false, newCommandTimeout=100000.0, autoLaunch=true, platformVersion=6.0.1, platformName=Android, deviceName=Samsung S6}, appium-version=1.4.13, newCommandTimeout=100000.0, autoLaunch=true, platformVersion=7.0, webStorageEnabled=false, locationContextEnabled=false, browserName=Android, takesScreenshot=true, javascriptEnabled=true, platformName=Android}]
Session ID: a13baac4-afb1-4d60-aac2-d17271ae7bfa</message>
                <stack-trace>org.openqa.selenium.WebDriverException: An unknown server-side error occurred while processing the command. (WARNING: The server did not provide any stacktrace information)
Command duration or timeout: 6 milliseconds
Build info: version: '2.51.0', revision: '1af067dbcaedd7d2ab9af5151fc471d363d97193', time: '2016-02-05 11:20:57'
System info: host: 'ravis-mbp.corp.monocept.com', ip: '192.168.1.158', os.name: 'Mac OS X', os.arch: 'x86_64', os.version: '10.12', java.version: '1.8.0_60'
Driver info: io.appium.java_client.android.AndroidDriver
Capabilities [{app=/Users/monocept/Desktop/ads-android-master/APKFile/app_google_universal_debug_813000154.apk, appPackage=com.weather.Weather, networkConnectionEnabled=true, noReset=false, warnings={}, databaseEnabled=false, deviceName=03157df33d91c039, platform=LINUX, desired={app=/Users/monocept/Desktop/ads-android-master/APKFile/app_google_universal_debug_813000154.apk, appPackage=com.weather.Weather, appium-version=1.4.13, noReset=false, newCommandTimeout=100000.0, autoLaunch=true, platformVersion=6.0.1, platformName=Android, deviceName=Samsung S6}, appium-version=1.4.13, newCommandTimeout=100000.0, autoLaunch=true, platformVersion=7.0, webStorageEnabled=false, locationContextEnabled=false, browserName=Android, takesScreenshot=true, javascriptEnabled=true, platformName=Android}]
Session ID: a13baac4-afb1-4d60-aac2-d17271ae7bfa
	at sun.reflect.NativeConstructorAccessorImpl.newInstance0(Native Method)
	at sun.reflect.NativeConstructorAccessorImpl.newInstance(NativeConstructorAccessorImpl.java:62)
	at sun.reflect.DelegatingConstructorAccessorImpl.newInstance(DelegatingConstructorAccessorImpl.java:45)
	at java.lang.reflect.Constructor.newInstance(Constructor.java:422)
	at org.openqa.selenium.remote.ErrorHandler.createThrowable(ErrorHandler.java:206)
	at org.openqa.selenium.remote.ErrorHandler.throwIfResponseFailed(ErrorHandler.java:158)
	at org.openqa.selenium.remote.RemoteWebDriver.execute(RemoteWebDriver.java:678)
	at io.appium.java_client.DefaultGenericMobileDriver.execute(DefaultGenericMobileDriver.java:42)
	at io.appium.java_client.AppiumDriver.execute(AppiumDriver.java:1)
	at io.appium.java_client.android.AndroidDriver.execute(AndroidDriver.java:1)
	at org.openqa.selenium.remote.RemoteWebDriver$RemoteWebDriverOptions$RemoteWindow.getSize(RemoteWebDriver.java:914)
	at twc.Automation.HandleWithAppium.AppiumFunctions.Swipe_Up(AppiumFunctions.java:25)
	at twc.Automation.SmokeTestCases.smokeTestCases.Smoke_Test_Case_C415129_Verify_Weatherfx_API_Call_Response_When_User_Selects_Contextual_Locations(smokeTestCases.java:131)
	at sun.reflect.NativeMethodAccessorImpl.invoke0(Native Method)
	at sun.reflect.NativeMethodAccessorImpl.invoke(NativeMethodAccessorImpl.java:62)
	at sun.reflect.DelegatingMethodAccessorImpl.invoke(DelegatingMethodAccessorImpl.java:43)
	at java.lang.reflect.Method.invoke(Method.java:497)
	at org.testng.internal.MethodInvocationHelper.invokeMethod(MethodInvocationHelper.java:85)
	at org.testng.internal.Invoker.invokeMethod(Invoker.java:659)
	at org.testng.internal.Invoker.invokeTestMethod(Invoker.java:845)
	at org.testng.internal.Invoker.invokeTestMethods(Invoker.java:1153)
	at org.testng.internal.TestMethodWorker.invokeTestMethods(TestMethodWorker.java:125)
	at org.testng.internal.TestMethodWorker.run(TestMethodWorker.java:108)
	at org.testng.TestRunner.privateRun(TestRunner.java:771)
	at org.testng.TestRunner.run(TestRunner.java:621)
	at org.testng.SuiteRunner.runTest(SuiteRunner.java:357)
	at org.testng.SuiteRunner.runSequentially(SuiteRunner.java:352)
	at org.testng.SuiteRunner.privateRun(SuiteRunner.java:310)
	at org.testng.SuiteRunner.run(SuiteRunner.java:259)
	at org.testng.SuiteRunnerWorker.runSuite(SuiteRunnerWorker.java:52)
	at org.testng.SuiteRunnerWorker.run(SuiteRunnerWorker.java:86)
	at org.testng.TestNG.runSuitesSequentially(TestNG.java:1199)
	at org.testng.TestNG.runSuitesLocally(TestNG.java:1124)
	at org.testng.TestNG.run(TestNG.java:1032)
	at org.testng.remote.AbstractRemoteTestNG.run(AbstractRemoteTestNG.java:132)
	at org.testng.remote.RemoteTestNG.initAndRun(RemoteTestNG.java:230)
	at org.testng.remote.RemoteTestNG.main(RemoteTestNG.java:76)
</stack-trace>
            </failure>
            <steps/>
            <attachments/>
            <labels>
                <label name="host" value="ravis-mbp.corp.monocept.com"/>
                <label name="thread" value="2370@ravis-mbp.corp.monocept.com.main(1)"/>
            </labels>
        </test-case>
        <test-case start="1522330814615" stop="1522331050925" status="broken">
            <name>Smoke_Test_Case_C415129_Verify_Weatherfx_API_Call_Response_When_User_Selects_Contextual_Locations</name>
            <title>Verify WeatherFx API Call Response When User Selects Contextual Locations</title>
            <failure>
                <message>WebDriverException: An unknown server-side error occurred while processing the command. (WARNING: The server did not provide any stacktrace information)
Command duration or timeout: 6 milliseconds
Build info: version: '2.51.0', revision: '1af067dbcaedd7d2ab9af5151fc471d363d97193', time: '2016-02-05 11:20:57'
System info: host: 'ravis-mbp.corp.monocept.com', ip: '192.168.1.158', os.name: 'Mac OS X', os.arch: 'x86_64', os.version: '10.12', java.version: '1.8.0_60'
Driver info: io.appium.java_client.android.AndroidDriver
Capabilities [{app=/Users/monocept/Desktop/ads-android-master/APKFile/app_google_universal_debug_813000154.apk, appPackage=com.weather.Weather, networkConnectionEnabled=true, noReset=false, warnings={}, databaseEnabled=false, deviceName=03157df33d91c039, platform=LINUX, desired={app=/Users/monocept/Desktop/ads-android-master/APKFile/app_google_universal_debug_813000154.apk, appPackage=com.weather.Weather, appium-version=1.4.13, noReset=false, newCommandTimeout=100000.0, autoLaunch=true, platformVersion=6.0.1, platformName=Android, deviceName=Samsung S6}, appium-version=1.4.13, newCommandTimeout=100000.0, autoLaunch=true, platformVersion=7.0, webStorageEnabled=false, locationContextEnabled=false, browserName=Android, takesScreenshot=true, javascriptEnabled=true, platformName=Android}]
Session ID: a13baac4-afb1-4d60-aac2-d17271ae7bfa</message>
                <stack-trace>org.openqa.selenium.WebDriverException: An unknown server-side error occurred while processing the command. (WARNING: The server did not provide any stacktrace information)
Command duration or timeout: 6 milliseconds
Build info: version: '2.51.0', revision: '1af067dbcaedd7d2ab9af5151fc471d363d97193', time: '2016-02-05 11:20:57'
System info: host: 'ravis-mbp.corp.monocept.com', ip: '192.168.1.158', os.name: 'Mac OS X', os.arch: 'x86_64', os.version: '10.12', java.version: '1.8.0_60'
Driver info: io.appium.java_client.android.AndroidDriver
Capabilities [{app=/Users/monocept/Desktop/ads-android-master/APKFile/app_google_universal_debug_813000154.apk, appPackage=com.weather.Weather, networkConnectionEnabled=true, noReset=false, warnings={}, databaseEnabled=false, deviceName=03157df33d91c039, platform=LINUX, desired={app=/Users/monocept/Desktop/ads-android-master/APKFile/app_google_universal_debug_813000154.apk, appPackage=com.weather.Weather, appium-version=1.4.13, noReset=false, newCommandTimeout=100000.0, autoLaunch=true, platformVersion=6.0.1, platformName=Android, deviceName=Samsung S6}, appium-version=1.4.13, newCommandTimeout=100000.0, autoLaunch=true, platformVersion=7.0, webStorageEnabled=false, locationContextEnabled=false, browserName=Android, takesScreenshot=true, javascriptEnabled=true, platformName=Android}]
Session ID: a13baac4-afb1-4d60-aac2-d17271ae7bfa
	at sun.reflect.NativeConstructorAccessorImpl.newInstance0(Native Method)
	at sun.reflect.NativeConstructorAccessorImpl.newInstance(NativeConstructorAccessorImpl.java:62)
	at sun.reflect.DelegatingConstructorAccessorImpl.newInstance(DelegatingConstructorAccessorImpl.java:45)
	at java.lang.reflect.Constructor.newInstance(Constructor.java:422)
	at org.openqa.selenium.remote.ErrorHandler.createThrowable(ErrorHandler.java:206)
	at org.openqa.selenium.remote.ErrorHandler.throwIfResponseFailed(ErrorHandler.java:158)
	at org.openqa.selenium.remote.RemoteWebDriver.execute(RemoteWebDriver.java:678)
	at io.appium.java_client.DefaultGenericMobileDriver.execute(DefaultGenericMobileDriver.java:42)
	at io.appium.java_client.AppiumDriver.execute(AppiumDriver.java:1)
	at io.appium.java_client.android.AndroidDriver.execute(AndroidDriver.java:1)
	at org.openqa.selenium.remote.RemoteWebDriver$RemoteWebDriverOptions$RemoteWindow.getSize(RemoteWebDriver.java:914)
	at twc.Automation.HandleWithAppium.AppiumFunctions.Swipe_Up(AppiumFunctions.java:25)
	at twc.Automation.SmokeTestCases.smokeTestCases.Smoke_Test_Case_C415129_Verify_Weatherfx_API_Call_Response_When_User_Selects_Contextual_Locations(smokeTestCases.java:131)
	at sun.reflect.NativeMethodAccessorImpl.invoke0(Native Method)
	at sun.reflect.NativeMethodAccessorImpl.invoke(NativeMethodAccessorImpl.java:62)
	at sun.reflect.DelegatingMethodAccessorImpl.invoke(DelegatingMethodAccessorImpl.java:43)
	at java.lang.reflect.Method.invoke(Method.java:497)
	at org.testng.internal.MethodInvocationHelper.invokeMethod(MethodInvocationHelper.java:85)
	at org.testng.internal.Invoker.invokeMethod(Invoker.java:659)
	at org.testng.internal.Invoker.invokeTestMethod(Invoker.java:845)
	at org.testng.internal.Invoker.invokeTestMethods(Invoker.java:1153)
	at org.testng.internal.TestMethodWorker.invokeTestMethods(TestMethodWorker.java:125)
	at org.testng.internal.TestMethodWorker.run(TestMethodWorker.java:108)
	at org.testng.TestRunner.privateRun(TestRunner.java:771)
	at org.testng.TestRunner.run(TestRunner.java:621)
	at org.testng.SuiteRunner.runTest(SuiteRunner.java:357)
	at org.testng.SuiteRunner.runSequentially(SuiteRunner.java:352)
	at org.testng.SuiteRunner.privateRun(SuiteRunner.java:310)
	at org.testng.SuiteRunner.run(SuiteRunner.java:259)
	at org.testng.SuiteRunnerWorker.runSuite(SuiteRunnerWorker.java:52)
	at org.testng.SuiteRunnerWorker.run(SuiteRunnerWorker.java:86)
	at org.testng.TestNG.runSuitesSequentially(TestNG.java:1199)
	at org.testng.TestNG.runSuitesLocally(TestNG.java:1124)
	at org.testng.TestNG.run(TestNG.java:1032)
	at org.testng.remote.AbstractRemoteTestNG.run(AbstractRemoteTestNG.java:132)
	at org.testng.remote.RemoteTestNG.initAndRun(RemoteTestNG.java:230)
	at org.testng.remote.RemoteTestNG.main(RemoteTestNG.java:76)
</stack-trace>
            </failure>
            <steps/>
            <attachments/>
            <labels>
                <label name="host" value="ravis-mbp.corp.monocept.com"/>
                <label name="thread" value="2370@ravis-mbp.corp.monocept.com.main(1)"/>
            </labels>
        </test-case>
        <test-case start="1522331050929" stop="1522331129724" status="broken">
            <name>Smoke_Test_Case_C415129_Verify_Weatherfx_API_Call_Response_When_User_Selects_Contextual_Locations</name>
            <title>Verify WeatherFx API Call Response When User Selects Contextual Locations</title>
            <failure>
                <message>WebDriverException: An unknown server-side error occurred while processing the command. (WARNING: The server did not provide any stacktrace information)
Command duration or timeout: 60.42 seconds
Build info: version: '2.51.0', revision: '1af067dbcaedd7d2ab9af5151fc471d363d97193', time: '2016-02-05 11:20:57'
System info: host: 'ravis-mbp.corp.monocept.com', ip: '192.168.1.158', os.name: 'Mac OS X', os.arch: 'x86_64', os.version: '10.12', java.version: '1.8.0_60'
Driver info: io.appium.java_client.android.AndroidDriver
Capabilities [{app=/Users/monocept/Desktop/ads-android-master/APKFile/app_google_universal_debug_813000154.apk, appPackage=com.weather.Weather, networkConnectionEnabled=true, noReset=false, warnings={}, databaseEnabled=false, deviceName=03157df33d91c039, platform=LINUX, desired={app=/Users/monocept/Desktop/ads-android-master/APKFile/app_google_universal_debug_813000154.apk, appPackage=com.weather.Weather, appium-version=1.4.13, noReset=false, newCommandTimeout=100000.0, autoLaunch=true, platformVersion=6.0.1, platformName=Android, deviceName=Samsung S6}, appium-version=1.4.13, newCommandTimeout=100000.0, autoLaunch=true, platformVersion=7.0, webStorageEnabled=false, locationContextEnabled=false, browserName=Android, takesScreenshot=true, javascriptEnabled=true, platformName=Android}]
Session ID: a13baac4-afb1-4d60-aac2-d17271ae7bfa
*** Element info: {Using=class name, value=android.widget.ImageButton}</message>
                <stack-trace>org.openqa.selenium.WebDriverException: An unknown server-side error occurred while processing the command. (WARNING: The server did not provide any stacktrace information)
Command duration or timeout: 60.42 seconds
Build info: version: '2.51.0', revision: '1af067dbcaedd7d2ab9af5151fc471d363d97193', time: '2016-02-05 11:20:57'
System info: host: 'ravis-mbp.corp.monocept.com', ip: '192.168.1.158', os.name: 'Mac OS X', os.arch: 'x86_64', os.version: '10.12', java.version: '1.8.0_60'
Driver info: io.appium.java_client.android.AndroidDriver
Capabilities [{app=/Users/monocept/Desktop/ads-android-master/APKFile/app_google_universal_debug_813000154.apk, appPackage=com.weather.Weather, networkConnectionEnabled=true, noReset=false, warnings={}, databaseEnabled=false, deviceName=03157df33d91c039, platform=LINUX, desired={app=/Users/monocept/Desktop/ads-android-master/APKFile/app_google_universal_debug_813000154.apk, appPackage=com.weather.Weather, appium-version=1.4.13, noReset=false, newCommandTimeout=100000.0, autoLaunch=true, platformVersion=6.0.1, platformName=Android, deviceName=Samsung S6}, appium-version=1.4.13, newCommandTimeout=100000.0, autoLaunch=true, platformVersion=7.0, webStorageEnabled=false, locationContextEnabled=false, browserName=Android, takesScreenshot=true, javascriptEnabled=true, platformName=Android}]
Session ID: a13baac4-afb1-4d60-aac2-d17271ae7bfa
*** Element info: {Using=class name, value=android.widget.ImageButton}
	at sun.reflect.NativeConstructorAccessorImpl.newInstance0(Native Method)
	at sun.reflect.NativeConstructorAccessorImpl.newInstance(NativeConstructorAccessorImpl.java:62)
	at sun.reflect.DelegatingConstructorAccessorImpl.newInstance(DelegatingConstructorAccessorImpl.java:45)
	at java.lang.reflect.Constructor.newInstance(Constructor.java:422)
	at org.openqa.selenium.remote.ErrorHandler.createThrowable(ErrorHandler.java:206)
	at org.openqa.selenium.remote.ErrorHandler.throwIfResponseFailed(ErrorHandler.java:158)
	at org.openqa.selenium.remote.RemoteWebDriver.execute(RemoteWebDriver.java:678)
	at io.appium.java_client.DefaultGenericMobileDriver.execute(DefaultGenericMobileDriver.java:42)
	at io.appium.java_client.AppiumDriver.execute(AppiumDriver.java:1)
	at io.appium.java_client.android.AndroidDriver.execute(AndroidDriver.java:1)
	at org.openqa.selenium.remote.RemoteWebDriver.findElement(RemoteWebDriver.java:363)
	at org.openqa.selenium.remote.RemoteWebDriver.findElementByClassName(RemoteWebDriver.java:477)
	at io.appium.java_client.DefaultGenericMobileDriver.findElementByClassName(DefaultGenericMobileDriver.java:110)
	at io.appium.java_client.AppiumDriver.findElementByClassName(AppiumDriver.java:1)
	at io.appium.java_client.android.AndroidDriver.findElementByClassName(AndroidDriver.java:1)
	at org.openqa.selenium.By$ByClassName.findElement(By.java:391)
	at org.openqa.selenium.remote.RemoteWebDriver.findElement(RemoteWebDriver.java:355)
	at io.appium.java_client.DefaultGenericMobileDriver.findElement(DefaultGenericMobileDriver.java:52)
	at io.appium.java_client.AppiumDriver.findElement(AppiumDriver.java:1)
	at io.appium.java_client.android.AndroidDriver.findElement(AndroidDriver.java:1)
	at org.openqa.selenium.support.ui.ExpectedConditions.findElement(ExpectedConditions.java:911)
	at org.openqa.selenium.support.ui.ExpectedConditions.access$000(ExpectedConditions.java:41)
	at org.openqa.selenium.support.ui.ExpectedConditions$6.apply(ExpectedConditions.java:181)
	at org.openqa.selenium.support.ui.ExpectedConditions$6.apply(ExpectedConditions.java:178)
	at org.openqa.selenium.support.ui.FluentWait.until(FluentWait.java:238)
	at twc.Automation.HandleWithApp.AppFunctions.compareBuildVersion(AppFunctions.java:1333)
	at twc.Automation.SmokeTestCases.smokeTestCases.Smoke_Test_Case_C415129_Verify_Weatherfx_API_Call_Response_When_User_Selects_Contextual_Locations(smokeTestCases.java:129)
	at sun.reflect.NativeMethodAccessorImpl.invoke0(Native Method)
	at sun.reflect.NativeMethodAccessorImpl.invoke(NativeMethodAccessorImpl.java:62)
	at sun.reflect.DelegatingMethodAccessorImpl.invoke(DelegatingMethodAccessorImpl.java:43)
	at java.lang.reflect.Method.invoke(Method.java:497)
	at org.testng.internal.MethodInvocationHelper.invokeMethod(MethodInvocationHelper.java:85)
	at org.testng.internal.Invoker.invokeMethod(Invoker.java:659)
	at org.testng.internal.Invoker.retryFailed(Invoker.java:991)
	at org.testng.internal.Invoker.invokeTestMethods(Invoker.java:1171)
	at org.testng.internal.TestMethodWorker.invokeTestMethods(TestMethodWorker.java:125)
	at org.testng.internal.TestMethodWorker.run(TestMethodWorker.java:108)
	at org.testng.TestRunner.privateRun(TestRunner.java:771)
	at org.testng.TestRunner.run(TestRunner.java:621)
	at org.testng.SuiteRunner.runTest(SuiteRunner.java:357)
	at org.testng.SuiteRunner.runSequentially(SuiteRunner.java:352)
	at org.testng.SuiteRunner.privateRun(SuiteRunner.java:310)
	at org.testng.SuiteRunner.run(SuiteRunner.java:259)
	at org.testng.SuiteRunnerWorker.runSuite(SuiteRunnerWorker.java:52)
	at org.testng.SuiteRunnerWorker.run(SuiteRunnerWorker.java:86)
	at org.testng.TestNG.runSuitesSequentially(TestNG.java:1199)
	at org.testng.TestNG.runSuitesLocally(TestNG.java:1124)
	at org.testng.TestNG.run(TestNG.java:1032)
	at org.testng.remote.AbstractRemoteTestNG.run(AbstractRemoteTestNG.java:132)
	at org.testng.remote.RemoteTestNG.initAndRun(RemoteTestNG.java:230)
	at org.testng.remote.RemoteTestNG.main(RemoteTestNG.java:76)
</stack-trace>
            </failure>
            <steps/>
            <attachments/>
            <labels>
                <label name="host" value="ravis-mbp.corp.monocept.com"/>
                <label name="thread" value="2370@ravis-mbp.corp.monocept.com.main(1)"/>
            </labels>
        </test-case>
        <test-case start="1522331050929" stop="1522331129724" status="broken">
            <name>Smoke_Test_Case_C415129_Verify_Weatherfx_API_Call_Response_When_User_Selects_Contextual_Locations</name>
            <title>Verify WeatherFx API Call Response When User Selects Contextual Locations</title>
            <failure>
                <message>WebDriverException: An unknown server-side error occurred while processing the command. (WARNING: The server did not provide any stacktrace information)
Command duration or timeout: 60.42 seconds
Build info: version: '2.51.0', revision: '1af067dbcaedd7d2ab9af5151fc471d363d97193', time: '2016-02-05 11:20:57'
System info: host: 'ravis-mbp.corp.monocept.com', ip: '192.168.1.158', os.name: 'Mac OS X', os.arch: 'x86_64', os.version: '10.12', java.version: '1.8.0_60'
Driver info: io.appium.java_client.android.AndroidDriver
Capabilities [{app=/Users/monocept/Desktop/ads-android-master/APKFile/app_google_universal_debug_813000154.apk, appPackage=com.weather.Weather, networkConnectionEnabled=true, noReset=false, warnings={}, databaseEnabled=false, deviceName=03157df33d91c039, platform=LINUX, desired={app=/Users/monocept/Desktop/ads-android-master/APKFile/app_google_universal_debug_813000154.apk, appPackage=com.weather.Weather, appium-version=1.4.13, noReset=false, newCommandTimeout=100000.0, autoLaunch=true, platformVersion=6.0.1, platformName=Android, deviceName=Samsung S6}, appium-version=1.4.13, newCommandTimeout=100000.0, autoLaunch=true, platformVersion=7.0, webStorageEnabled=false, locationContextEnabled=false, browserName=Android, takesScreenshot=true, javascriptEnabled=true, platformName=Android}]
Session ID: a13baac4-afb1-4d60-aac2-d17271ae7bfa
*** Element info: {Using=class name, value=android.widget.ImageButton}</message>
                <stack-trace>org.openqa.selenium.WebDriverException: An unknown server-side error occurred while processing the command. (WARNING: The server did not provide any stacktrace information)
Command duration or timeout: 60.42 seconds
Build info: version: '2.51.0', revision: '1af067dbcaedd7d2ab9af5151fc471d363d97193', time: '2016-02-05 11:20:57'
System info: host: 'ravis-mbp.corp.monocept.com', ip: '192.168.1.158', os.name: 'Mac OS X', os.arch: 'x86_64', os.version: '10.12', java.version: '1.8.0_60'
Driver info: io.appium.java_client.android.AndroidDriver
Capabilities [{app=/Users/monocept/Desktop/ads-android-master/APKFile/app_google_universal_debug_813000154.apk, appPackage=com.weather.Weather, networkConnectionEnabled=true, noReset=false, warnings={}, databaseEnabled=false, deviceName=03157df33d91c039, platform=LINUX, desired={app=/Users/monocept/Desktop/ads-android-master/APKFile/app_google_universal_debug_813000154.apk, appPackage=com.weather.Weather, appium-version=1.4.13, noReset=false, newCommandTimeout=100000.0, autoLaunch=true, platformVersion=6.0.1, platformName=Android, deviceName=Samsung S6}, appium-version=1.4.13, newCommandTimeout=100000.0, autoLaunch=true, platformVersion=7.0, webStorageEnabled=false, locationContextEnabled=false, browserName=Android, takesScreenshot=true, javascriptEnabled=true, platformName=Android}]
Session ID: a13baac4-afb1-4d60-aac2-d17271ae7bfa
*** Element info: {Using=class name, value=android.widget.ImageButton}
	at sun.reflect.NativeConstructorAccessorImpl.newInstance0(Native Method)
	at sun.reflect.NativeConstructorAccessorImpl.newInstance(NativeConstructorAccessorImpl.java:62)
	at sun.reflect.DelegatingConstructorAccessorImpl.newInstance(DelegatingConstructorAccessorImpl.java:45)
	at java.lang.reflect.Constructor.newInstance(Constructor.java:422)
	at org.openqa.selenium.remote.ErrorHandler.createThrowable(ErrorHandler.java:206)
	at org.openqa.selenium.remote.ErrorHandler.throwIfResponseFailed(ErrorHandler.java:158)
	at org.openqa.selenium.remote.RemoteWebDriver.execute(RemoteWebDriver.java:678)
	at io.appium.java_client.DefaultGenericMobileDriver.execute(DefaultGenericMobileDriver.java:42)
	at io.appium.java_client.AppiumDriver.execute(AppiumDriver.java:1)
	at io.appium.java_client.android.AndroidDriver.execute(AndroidDriver.java:1)
	at org.openqa.selenium.remote.RemoteWebDriver.findElement(RemoteWebDriver.java:363)
	at org.openqa.selenium.remote.RemoteWebDriver.findElementByClassName(RemoteWebDriver.java:477)
	at io.appium.java_client.DefaultGenericMobileDriver.findElementByClassName(DefaultGenericMobileDriver.java:110)
	at io.appium.java_client.AppiumDriver.findElementByClassName(AppiumDriver.java:1)
	at io.appium.java_client.android.AndroidDriver.findElementByClassName(AndroidDriver.java:1)
	at org.openqa.selenium.By$ByClassName.findElement(By.java:391)
	at org.openqa.selenium.remote.RemoteWebDriver.findElement(RemoteWebDriver.java:355)
	at io.appium.java_client.DefaultGenericMobileDriver.findElement(DefaultGenericMobileDriver.java:52)
	at io.appium.java_client.AppiumDriver.findElement(AppiumDriver.java:1)
	at io.appium.java_client.android.AndroidDriver.findElement(AndroidDriver.java:1)
	at org.openqa.selenium.support.ui.ExpectedConditions.findElement(ExpectedConditions.java:911)
	at org.openqa.selenium.support.ui.ExpectedConditions.access$000(ExpectedConditions.java:41)
	at org.openqa.selenium.support.ui.ExpectedConditions$6.apply(ExpectedConditions.java:181)
	at org.openqa.selenium.support.ui.ExpectedConditions$6.apply(ExpectedConditions.java:178)
	at org.openqa.selenium.support.ui.FluentWait.until(FluentWait.java:238)
	at twc.Automation.HandleWithApp.AppFunctions.compareBuildVersion(AppFunctions.java:1333)
	at twc.Automation.SmokeTestCases.smokeTestCases.Smoke_Test_Case_C415129_Verify_Weatherfx_API_Call_Response_When_User_Selects_Contextual_Locations(smokeTestCases.java:129)
	at sun.reflect.NativeMethodAccessorImpl.invoke0(Native Method)
	at sun.reflect.NativeMethodAccessorImpl.invoke(NativeMethodAccessorImpl.java:62)
	at sun.reflect.DelegatingMethodAccessorImpl.invoke(DelegatingMethodAccessorImpl.java:43)
	at java.lang.reflect.Method.invoke(Method.java:497)
	at org.testng.internal.MethodInvocationHelper.invokeMethod(MethodInvocationHelper.java:85)
	at org.testng.internal.Invoker.invokeMethod(Invoker.java:659)
	at org.testng.internal.Invoker.retryFailed(Invoker.java:991)
	at org.testng.internal.Invoker.invokeTestMethods(Invoker.java:1171)
	at org.testng.internal.TestMethodWorker.invokeTestMethods(TestMethodWorker.java:125)
	at org.testng.internal.TestMethodWorker.run(TestMethodWorker.java:108)
	at org.testng.TestRunner.privateRun(TestRunner.java:771)
	at org.testng.TestRunner.run(TestRunner.java:621)
	at org.testng.SuiteRunner.runTest(SuiteRunner.java:357)
	at org.testng.SuiteRunner.runSequentially(SuiteRunner.java:352)
	at org.testng.SuiteRunner.privateRun(SuiteRunner.java:310)
	at org.testng.SuiteRunner.run(SuiteRunner.java:259)
	at org.testng.SuiteRunnerWorker.runSuite(SuiteRunnerWorker.java:52)
	at org.testng.SuiteRunnerWorker.run(SuiteRunnerWorker.java:86)
	at org.testng.TestNG.runSuitesSequentially(TestNG.java:1199)
	at org.testng.TestNG.runSuitesLocally(TestNG.java:1124)
	at org.testng.TestNG.run(TestNG.java:1032)
	at org.testng.remote.AbstractRemoteTestNG.run(AbstractRemoteTestNG.java:132)
	at org.testng.remote.RemoteTestNG.initAndRun(RemoteTestNG.java:230)
	at org.testng.remote.RemoteTestNG.main(RemoteTestNG.java:76)
</stack-trace>
            </failure>
            <steps/>
            <attachments/>
            <labels>
                <label name="host" value="ravis-mbp.corp.monocept.com"/>
                <label name="thread" value="2370@ravis-mbp.corp.monocept.com.main(1)"/>
            </labels>
        </test-case>
        <test-case start="1522331129733" stop="1522331205565" status="broken">
            <name>Smoke_Test_Case_C333173_Verify_WeatherFX_API_Request_For_Wfxtg_Value</name>
            <title>Verify WeatherFX API Request For Wfxtg Value</title>
            <failure>
                <message>WebDriverException: An unknown server-side error occurred while processing the command. (WARNING: The server did not provide any stacktrace information)
Command duration or timeout: 60.41 seconds
Build info: version: '2.51.0', revision: '1af067dbcaedd7d2ab9af5151fc471d363d97193', time: '2016-02-05 11:20:57'
System info: host: 'ravis-mbp.corp.monocept.com', ip: '192.168.1.158', os.name: 'Mac OS X', os.arch: 'x86_64', os.version: '10.12', java.version: '1.8.0_60'
Driver info: io.appium.java_client.android.AndroidDriver
Capabilities [{app=/Users/monocept/Desktop/ads-android-master/APKFile/app_google_universal_debug_813000154.apk, appPackage=com.weather.Weather, networkConnectionEnabled=true, noReset=false, warnings={}, databaseEnabled=false, deviceName=03157df33d91c039, platform=LINUX, desired={app=/Users/monocept/Desktop/ads-android-master/APKFile/app_google_universal_debug_813000154.apk, appPackage=com.weather.Weather, appium-version=1.4.13, noReset=false, newCommandTimeout=100000.0, autoLaunch=true, platformVersion=6.0.1, platformName=Android, deviceName=Samsung S6}, appium-version=1.4.13, newCommandTimeout=100000.0, autoLaunch=true, platformVersion=7.0, webStorageEnabled=false, locationContextEnabled=false, browserName=Android, takesScreenshot=true, javascriptEnabled=true, platformName=Android}]
Session ID: a13baac4-afb1-4d60-aac2-d17271ae7bfa
*** Element info: {Using=class name, value=android.widget.ImageButton}</message>
                <stack-trace>org.openqa.selenium.WebDriverException: An unknown server-side error occurred while processing the command. (WARNING: The server did not provide any stacktrace information)
Command duration or timeout: 60.41 seconds
Build info: version: '2.51.0', revision: '1af067dbcaedd7d2ab9af5151fc471d363d97193', time: '2016-02-05 11:20:57'
System info: host: 'ravis-mbp.corp.monocept.com', ip: '192.168.1.158', os.name: 'Mac OS X', os.arch: 'x86_64', os.version: '10.12', java.version: '1.8.0_60'
Driver info: io.appium.java_client.android.AndroidDriver
Capabilities [{app=/Users/monocept/Desktop/ads-android-master/APKFile/app_google_universal_debug_813000154.apk, appPackage=com.weather.Weather, networkConnectionEnabled=true, noReset=false, warnings={}, databaseEnabled=false, deviceName=03157df33d91c039, platform=LINUX, desired={app=/Users/monocept/Desktop/ads-android-master/APKFile/app_google_universal_debug_813000154.apk, appPackage=com.weather.Weather, appium-version=1.4.13, noReset=false, newCommandTimeout=100000.0, autoLaunch=true, platformVersion=6.0.1, platformName=Android, deviceName=Samsung S6}, appium-version=1.4.13, newCommandTimeout=100000.0, autoLaunch=true, platformVersion=7.0, webStorageEnabled=false, locationContextEnabled=false, browserName=Android, takesScreenshot=true, javascriptEnabled=true, platformName=Android}]
Session ID: a13baac4-afb1-4d60-aac2-d17271ae7bfa
*** Element info: {Using=class name, value=android.widget.ImageButton}
	at sun.reflect.NativeConstructorAccessorImpl.newInstance0(Native Method)
	at sun.reflect.NativeConstructorAccessorImpl.newInstance(NativeConstructorAccessorImpl.java:62)
	at sun.reflect.DelegatingConstructorAccessorImpl.newInstance(DelegatingConstructorAccessorImpl.java:45)
	at java.lang.reflect.Constructor.newInstance(Constructor.java:422)
	at org.openqa.selenium.remote.ErrorHandler.createThrowable(ErrorHandler.java:206)
	at org.openqa.selenium.remote.ErrorHandler.throwIfResponseFailed(ErrorHandler.java:158)
	at org.openqa.selenium.remote.RemoteWebDriver.execute(RemoteWebDriver.java:678)
	at io.appium.java_client.DefaultGenericMobileDriver.execute(DefaultGenericMobileDriver.java:42)
	at io.appium.java_client.AppiumDriver.execute(AppiumDriver.java:1)
	at io.appium.java_client.android.AndroidDriver.execute(AndroidDriver.java:1)
	at org.openqa.selenium.remote.RemoteWebDriver.findElement(RemoteWebDriver.java:363)
	at org.openqa.selenium.remote.RemoteWebDriver.findElementByClassName(RemoteWebDriver.java:477)
	at io.appium.java_client.DefaultGenericMobileDriver.findElementByClassName(DefaultGenericMobileDriver.java:110)
	at io.appium.java_client.AppiumDriver.findElementByClassName(AppiumDriver.java:1)
	at io.appium.java_client.android.AndroidDriver.findElementByClassName(AndroidDriver.java:1)
	at org.openqa.selenium.By$ByClassName.findElement(By.java:391)
	at org.openqa.selenium.remote.RemoteWebDriver.findElement(RemoteWebDriver.java:355)
	at io.appium.java_client.DefaultGenericMobileDriver.findElement(DefaultGenericMobileDriver.java:52)
	at io.appium.java_client.AppiumDriver.findElement(AppiumDriver.java:1)
	at io.appium.java_client.android.AndroidDriver.findElement(AndroidDriver.java:1)
	at org.openqa.selenium.support.ui.ExpectedConditions.findElement(ExpectedConditions.java:911)
	at org.openqa.selenium.support.ui.ExpectedConditions.access$000(ExpectedConditions.java:41)
	at org.openqa.selenium.support.ui.ExpectedConditions$6.apply(ExpectedConditions.java:181)
	at org.openqa.selenium.support.ui.ExpectedConditions$6.apply(ExpectedConditions.java:178)
	at org.openqa.selenium.support.ui.FluentWait.until(FluentWait.java:238)
	at twc.Automation.HandleWithApp.AppFunctions.compareBuildVersion(AppFunctions.java:1333)
	at twc.Automation.SmokeTestCases.smokeTestCases.Smoke_Test_Case_C415129_Verify_Weatherfx_API_Call_Response_When_User_Selects_Contextual_Locations(smokeTestCases.java:129)
	at twc.Automation.SmokeTestCases.smokeTestCases.Smoke_Test_Case_C333173_Verify_WeatherFX_API_Request_For_Wfxtg_Value(smokeTestCases.java:149)
	at sun.reflect.NativeMethodAccessorImpl.invoke0(Native Method)
	at sun.reflect.NativeMethodAccessorImpl.invoke(NativeMethodAccessorImpl.java:62)
	at sun.reflect.DelegatingMethodAccessorImpl.invoke(DelegatingMethodAccessorImpl.java:43)
	at java.lang.reflect.Method.invoke(Method.java:497)
	at org.testng.internal.MethodInvocationHelper.invokeMethod(MethodInvocationHelper.java:85)
	at org.testng.internal.Invoker.invokeMethod(Invoker.java:659)
	at org.testng.internal.Invoker.invokeTestMethod(Invoker.java:845)
	at org.testng.internal.Invoker.invokeTestMethods(Invoker.java:1153)
	at org.testng.internal.TestMethodWorker.invokeTestMethods(TestMethodWorker.java:125)
	at org.testng.internal.TestMethodWorker.run(TestMethodWorker.java:108)
	at org.testng.TestRunner.privateRun(TestRunner.java:771)
	at org.testng.TestRunner.run(TestRunner.java:621)
	at org.testng.SuiteRunner.runTest(SuiteRunner.java:357)
	at org.testng.SuiteRunner.runSequentially(SuiteRunner.java:352)
	at org.testng.SuiteRunner.privateRun(SuiteRunner.java:310)
	at org.testng.SuiteRunner.run(SuiteRunner.java:259)
	at org.testng.SuiteRunnerWorker.runSuite(SuiteRunnerWorker.java:52)
	at org.testng.SuiteRunnerWorker.run(SuiteRunnerWorker.java:86)
	at org.testng.TestNG.runSuitesSequentially(TestNG.java:1199)
	at org.testng.TestNG.runSuitesLocally(TestNG.java:1124)
	at org.testng.TestNG.run(TestNG.java:1032)
	at org.testng.remote.AbstractRemoteTestNG.run(AbstractRemoteTestNG.java:132)
	at org.testng.remote.RemoteTestNG.initAndRun(RemoteTestNG.java:230)
	at org.testng.remote.RemoteTestNG.main(RemoteTestNG.java:76)
</stack-trace>
            </failure>
            <steps/>
            <attachments/>
            <labels>
                <label name="host" value="ravis-mbp.corp.monocept.com"/>
                <label name="thread" value="2370@ravis-mbp.corp.monocept.com.main(1)"/>
            </labels>
        </test-case>
        <test-case start="1522331129733" stop="1522331205565" status="broken">
            <name>Smoke_Test_Case_C333173_Verify_WeatherFX_API_Request_For_Wfxtg_Value</name>
            <title>Verify WeatherFX API Request For Wfxtg Value</title>
            <failure>
                <message>WebDriverException: An unknown server-side error occurred while processing the command. (WARNING: The server did not provide any stacktrace information)
Command duration or timeout: 60.41 seconds
Build info: version: '2.51.0', revision: '1af067dbcaedd7d2ab9af5151fc471d363d97193', time: '2016-02-05 11:20:57'
System info: host: 'ravis-mbp.corp.monocept.com', ip: '192.168.1.158', os.name: 'Mac OS X', os.arch: 'x86_64', os.version: '10.12', java.version: '1.8.0_60'
Driver info: io.appium.java_client.android.AndroidDriver
Capabilities [{app=/Users/monocept/Desktop/ads-android-master/APKFile/app_google_universal_debug_813000154.apk, appPackage=com.weather.Weather, networkConnectionEnabled=true, noReset=false, warnings={}, databaseEnabled=false, deviceName=03157df33d91c039, platform=LINUX, desired={app=/Users/monocept/Desktop/ads-android-master/APKFile/app_google_universal_debug_813000154.apk, appPackage=com.weather.Weather, appium-version=1.4.13, noReset=false, newCommandTimeout=100000.0, autoLaunch=true, platformVersion=6.0.1, platformName=Android, deviceName=Samsung S6}, appium-version=1.4.13, newCommandTimeout=100000.0, autoLaunch=true, platformVersion=7.0, webStorageEnabled=false, locationContextEnabled=false, browserName=Android, takesScreenshot=true, javascriptEnabled=true, platformName=Android}]
Session ID: a13baac4-afb1-4d60-aac2-d17271ae7bfa
*** Element info: {Using=class name, value=android.widget.ImageButton}</message>
                <stack-trace>org.openqa.selenium.WebDriverException: An unknown server-side error occurred while processing the command. (WARNING: The server did not provide any stacktrace information)
Command duration or timeout: 60.41 seconds
Build info: version: '2.51.0', revision: '1af067dbcaedd7d2ab9af5151fc471d363d97193', time: '2016-02-05 11:20:57'
System info: host: 'ravis-mbp.corp.monocept.com', ip: '192.168.1.158', os.name: 'Mac OS X', os.arch: 'x86_64', os.version: '10.12', java.version: '1.8.0_60'
Driver info: io.appium.java_client.android.AndroidDriver
Capabilities [{app=/Users/monocept/Desktop/ads-android-master/APKFile/app_google_universal_debug_813000154.apk, appPackage=com.weather.Weather, networkConnectionEnabled=true, noReset=false, warnings={}, databaseEnabled=false, deviceName=03157df33d91c039, platform=LINUX, desired={app=/Users/monocept/Desktop/ads-android-master/APKFile/app_google_universal_debug_813000154.apk, appPackage=com.weather.Weather, appium-version=1.4.13, noReset=false, newCommandTimeout=100000.0, autoLaunch=true, platformVersion=6.0.1, platformName=Android, deviceName=Samsung S6}, appium-version=1.4.13, newCommandTimeout=100000.0, autoLaunch=true, platformVersion=7.0, webStorageEnabled=false, locationContextEnabled=false, browserName=Android, takesScreenshot=true, javascriptEnabled=true, platformName=Android}]
Session ID: a13baac4-afb1-4d60-aac2-d17271ae7bfa
*** Element info: {Using=class name, value=android.widget.ImageButton}
	at sun.reflect.NativeConstructorAccessorImpl.newInstance0(Native Method)
	at sun.reflect.NativeConstructorAccessorImpl.newInstance(NativeConstructorAccessorImpl.java:62)
	at sun.reflect.DelegatingConstructorAccessorImpl.newInstance(DelegatingConstructorAccessorImpl.java:45)
	at java.lang.reflect.Constructor.newInstance(Constructor.java:422)
	at org.openqa.selenium.remote.ErrorHandler.createThrowable(ErrorHandler.java:206)
	at org.openqa.selenium.remote.ErrorHandler.throwIfResponseFailed(ErrorHandler.java:158)
	at org.openqa.selenium.remote.RemoteWebDriver.execute(RemoteWebDriver.java:678)
	at io.appium.java_client.DefaultGenericMobileDriver.execute(DefaultGenericMobileDriver.java:42)
	at io.appium.java_client.AppiumDriver.execute(AppiumDriver.java:1)
	at io.appium.java_client.android.AndroidDriver.execute(AndroidDriver.java:1)
	at org.openqa.selenium.remote.RemoteWebDriver.findElement(RemoteWebDriver.java:363)
	at org.openqa.selenium.remote.RemoteWebDriver.findElementByClassName(RemoteWebDriver.java:477)
	at io.appium.java_client.DefaultGenericMobileDriver.findElementByClassName(DefaultGenericMobileDriver.java:110)
	at io.appium.java_client.AppiumDriver.findElementByClassName(AppiumDriver.java:1)
	at io.appium.java_client.android.AndroidDriver.findElementByClassName(AndroidDriver.java:1)
	at org.openqa.selenium.By$ByClassName.findElement(By.java:391)
	at org.openqa.selenium.remote.RemoteWebDriver.findElement(RemoteWebDriver.java:355)
	at io.appium.java_client.DefaultGenericMobileDriver.findElement(DefaultGenericMobileDriver.java:52)
	at io.appium.java_client.AppiumDriver.findElement(AppiumDriver.java:1)
	at io.appium.java_client.android.AndroidDriver.findElement(AndroidDriver.java:1)
	at org.openqa.selenium.support.ui.ExpectedConditions.findElement(ExpectedConditions.java:911)
	at org.openqa.selenium.support.ui.ExpectedConditions.access$000(ExpectedConditions.java:41)
	at org.openqa.selenium.support.ui.ExpectedConditions$6.apply(ExpectedConditions.java:181)
	at org.openqa.selenium.support.ui.ExpectedConditions$6.apply(ExpectedConditions.java:178)
	at org.openqa.selenium.support.ui.FluentWait.until(FluentWait.java:238)
	at twc.Automation.HandleWithApp.AppFunctions.compareBuildVersion(AppFunctions.java:1333)
	at twc.Automation.SmokeTestCases.smokeTestCases.Smoke_Test_Case_C415129_Verify_Weatherfx_API_Call_Response_When_User_Selects_Contextual_Locations(smokeTestCases.java:129)
	at twc.Automation.SmokeTestCases.smokeTestCases.Smoke_Test_Case_C333173_Verify_WeatherFX_API_Request_For_Wfxtg_Value(smokeTestCases.java:149)
	at sun.reflect.NativeMethodAccessorImpl.invoke0(Native Method)
	at sun.reflect.NativeMethodAccessorImpl.invoke(NativeMethodAccessorImpl.java:62)
	at sun.reflect.DelegatingMethodAccessorImpl.invoke(DelegatingMethodAccessorImpl.java:43)
	at java.lang.reflect.Method.invoke(Method.java:497)
	at org.testng.internal.MethodInvocationHelper.invokeMethod(MethodInvocationHelper.java:85)
	at org.testng.internal.Invoker.invokeMethod(Invoker.java:659)
	at org.testng.internal.Invoker.invokeTestMethod(Invoker.java:845)
	at org.testng.internal.Invoker.invokeTestMethods(Invoker.java:1153)
	at org.testng.internal.TestMethodWorker.invokeTestMethods(TestMethodWorker.java:125)
	at org.testng.internal.TestMethodWorker.run(TestMethodWorker.java:108)
	at org.testng.TestRunner.privateRun(TestRunner.java:771)
	at org.testng.TestRunner.run(TestRunner.java:621)
	at org.testng.SuiteRunner.runTest(SuiteRunner.java:357)
	at org.testng.SuiteRunner.runSequentially(SuiteRunner.java:352)
	at org.testng.SuiteRunner.privateRun(SuiteRunner.java:310)
	at org.testng.SuiteRunner.run(SuiteRunner.java:259)
	at org.testng.SuiteRunnerWorker.runSuite(SuiteRunnerWorker.java:52)
	at org.testng.SuiteRunnerWorker.run(SuiteRunnerWorker.java:86)
	at org.testng.TestNG.runSuitesSequentially(TestNG.java:1199)
	at org.testng.TestNG.runSuitesLocally(TestNG.java:1124)
	at org.testng.TestNG.run(TestNG.java:1032)
	at org.testng.remote.AbstractRemoteTestNG.run(AbstractRemoteTestNG.java:132)
	at org.testng.remote.RemoteTestNG.initAndRun(RemoteTestNG.java:230)
	at org.testng.remote.RemoteTestNG.main(RemoteTestNG.java:76)
</stack-trace>
            </failure>
            <steps/>
            <attachments/>
            <labels>
                <label name="host" value="ravis-mbp.corp.monocept.com"/>
                <label name="thread" value="2370@ravis-mbp.corp.monocept.com.main(1)"/>
            </labels>
        </test-case>
        <test-case start="1522331205571" stop="1522331286963" status="broken">
            <name>Smoke_Test_Case_C333174_Verify_Factual_Call</name>
            <title>Verify Factual Call</title>
            <failure>
                <message>WebDriverException: An unknown server-side error occurred while processing the command. (WARNING: The server did not provide any stacktrace information)
Command duration or timeout: 60.37 seconds
Build info: version: '2.51.0', revision: '1af067dbcaedd7d2ab9af5151fc471d363d97193', time: '2016-02-05 11:20:57'
System info: host: 'ravis-mbp.corp.monocept.com', ip: '192.168.1.158', os.name: 'Mac OS X', os.arch: 'x86_64', os.version: '10.12', java.version: '1.8.0_60'
Driver info: io.appium.java_client.android.AndroidDriver
Capabilities [{app=/Users/monocept/Desktop/ads-android-master/APKFile/app_google_universal_debug_813000154.apk, appPackage=com.weather.Weather, networkConnectionEnabled=true, noReset=false, warnings={}, databaseEnabled=false, deviceName=03157df33d91c039, platform=LINUX, desired={app=/Users/monocept/Desktop/ads-android-master/APKFile/app_google_universal_debug_813000154.apk, appPackage=com.weather.Weather, appium-version=1.4.13, noReset=false, newCommandTimeout=100000.0, autoLaunch=true, platformVersion=6.0.1, platformName=Android, deviceName=Samsung S6}, appium-version=1.4.13, newCommandTimeout=100000.0, autoLaunch=true, platformVersion=7.0, webStorageEnabled=false, locationContextEnabled=false, browserName=Android, takesScreenshot=true, javascriptEnabled=true, platformName=Android}]
Session ID: a13baac4-afb1-4d60-aac2-d17271ae7bfa
*** Element info: {Using=class name, value=android.widget.ImageButton}</message>
                <stack-trace>org.openqa.selenium.WebDriverException: An unknown server-side error occurred while processing the command. (WARNING: The server did not provide any stacktrace information)
Command duration or timeout: 60.37 seconds
Build info: version: '2.51.0', revision: '1af067dbcaedd7d2ab9af5151fc471d363d97193', time: '2016-02-05 11:20:57'
System info: host: 'ravis-mbp.corp.monocept.com', ip: '192.168.1.158', os.name: 'Mac OS X', os.arch: 'x86_64', os.version: '10.12', java.version: '1.8.0_60'
Driver info: io.appium.java_client.android.AndroidDriver
Capabilities [{app=/Users/monocept/Desktop/ads-android-master/APKFile/app_google_universal_debug_813000154.apk, appPackage=com.weather.Weather, networkConnectionEnabled=true, noReset=false, warnings={}, databaseEnabled=false, deviceName=03157df33d91c039, platform=LINUX, desired={app=/Users/monocept/Desktop/ads-android-master/APKFile/app_google_universal_debug_813000154.apk, appPackage=com.weather.Weather, appium-version=1.4.13, noReset=false, newCommandTimeout=100000.0, autoLaunch=true, platformVersion=6.0.1, platformName=Android, deviceName=Samsung S6}, appium-version=1.4.13, newCommandTimeout=100000.0, autoLaunch=true, platformVersion=7.0, webStorageEnabled=false, locationContextEnabled=false, browserName=Android, takesScreenshot=true, javascriptEnabled=true, platformName=Android}]
Session ID: a13baac4-afb1-4d60-aac2-d17271ae7bfa
*** Element info: {Using=class name, value=android.widget.ImageButton}
	at sun.reflect.NativeConstructorAccessorImpl.newInstance0(Native Method)
	at sun.reflect.NativeConstructorAccessorImpl.newInstance(NativeConstructorAccessorImpl.java:62)
	at sun.reflect.DelegatingConstructorAccessorImpl.newInstance(DelegatingConstructorAccessorImpl.java:45)
	at java.lang.reflect.Constructor.newInstance(Constructor.java:422)
	at org.openqa.selenium.remote.ErrorHandler.createThrowable(ErrorHandler.java:206)
	at org.openqa.selenium.remote.ErrorHandler.throwIfResponseFailed(ErrorHandler.java:158)
	at org.openqa.selenium.remote.RemoteWebDriver.execute(RemoteWebDriver.java:678)
	at io.appium.java_client.DefaultGenericMobileDriver.execute(DefaultGenericMobileDriver.java:42)
	at io.appium.java_client.AppiumDriver.execute(AppiumDriver.java:1)
	at io.appium.java_client.android.AndroidDriver.execute(AndroidDriver.java:1)
	at org.openqa.selenium.remote.RemoteWebDriver.findElement(RemoteWebDriver.java:363)
	at org.openqa.selenium.remote.RemoteWebDriver.findElementByClassName(RemoteWebDriver.java:477)
	at io.appium.java_client.DefaultGenericMobileDriver.findElementByClassName(DefaultGenericMobileDriver.java:110)
	at io.appium.java_client.AppiumDriver.findElementByClassName(AppiumDriver.java:1)
	at io.appium.java_client.android.AndroidDriver.findElementByClassName(AndroidDriver.java:1)
	at org.openqa.selenium.By$ByClassName.findElement(By.java:391)
	at org.openqa.selenium.remote.RemoteWebDriver.findElement(RemoteWebDriver.java:355)
	at io.appium.java_client.DefaultGenericMobileDriver.findElement(DefaultGenericMobileDriver.java:52)
	at io.appium.java_client.AppiumDriver.findElement(AppiumDriver.java:1)
	at io.appium.java_client.android.AndroidDriver.findElement(AndroidDriver.java:1)
	at org.openqa.selenium.support.ui.ExpectedConditions.findElement(ExpectedConditions.java:911)
	at org.openqa.selenium.support.ui.ExpectedConditions.access$000(ExpectedConditions.java:41)
	at org.openqa.selenium.support.ui.ExpectedConditions$6.apply(ExpectedConditions.java:181)
	at org.openqa.selenium.support.ui.ExpectedConditions$6.apply(ExpectedConditions.java:178)
	at org.openqa.selenium.support.ui.FluentWait.until(FluentWait.java:238)
	at twc.Automation.HandleWithApp.AppFunctions.compareBuildVersion(AppFunctions.java:1333)
	at twc.Automation.SmokeTestCases.smokeTestCases.Smoke_Test_Case_C415129_Verify_Weatherfx_API_Call_Response_When_User_Selects_Contextual_Locations(smokeTestCases.java:129)
	at twc.Automation.SmokeTestCases.smokeTestCases.Smoke_Test_Case_C333174_Verify_Factual_Call(smokeTestCases.java:168)
	at sun.reflect.NativeMethodAccessorImpl.invoke0(Native Method)
	at sun.reflect.NativeMethodAccessorImpl.invoke(NativeMethodAccessorImpl.java:62)
	at sun.reflect.DelegatingMethodAccessorImpl.invoke(DelegatingMethodAccessorImpl.java:43)
	at java.lang.reflect.Method.invoke(Method.java:497)
	at org.testng.internal.MethodInvocationHelper.invokeMethod(MethodInvocationHelper.java:85)
	at org.testng.internal.Invoker.invokeMethod(Invoker.java:659)
	at org.testng.internal.Invoker.invokeTestMethod(Invoker.java:845)
	at org.testng.internal.Invoker.invokeTestMethods(Invoker.java:1153)
	at org.testng.internal.TestMethodWorker.invokeTestMethods(TestMethodWorker.java:125)
	at org.testng.internal.TestMethodWorker.run(TestMethodWorker.java:108)
	at org.testng.TestRunner.privateRun(TestRunner.java:771)
	at org.testng.TestRunner.run(TestRunner.java:621)
	at org.testng.SuiteRunner.runTest(SuiteRunner.java:357)
	at org.testng.SuiteRunner.runSequentially(SuiteRunner.java:352)
	at org.testng.SuiteRunner.privateRun(SuiteRunner.java:310)
	at org.testng.SuiteRunner.run(SuiteRunner.java:259)
	at org.testng.SuiteRunnerWorker.runSuite(SuiteRunnerWorker.java:52)
	at org.testng.SuiteRunnerWorker.run(SuiteRunnerWorker.java:86)
	at org.testng.TestNG.runSuitesSequentially(TestNG.java:1199)
	at org.testng.TestNG.runSuitesLocally(TestNG.java:1124)
	at org.testng.TestNG.run(TestNG.java:1032)
	at org.testng.remote.AbstractRemoteTestNG.run(AbstractRemoteTestNG.java:132)
	at org.testng.remote.RemoteTestNG.initAndRun(RemoteTestNG.java:230)
	at org.testng.remote.RemoteTestNG.main(RemoteTestNG.java:76)
</stack-trace>
            </failure>
            <steps/>
            <attachments/>
            <labels>
                <label name="host" value="ravis-mbp.corp.monocept.com"/>
                <label name="thread" value="2370@ravis-mbp.corp.monocept.com.main(1)"/>
            </labels>
        </test-case>
        <test-case start="1522331205571" stop="1522331286963" status="broken">
            <name>Smoke_Test_Case_C333174_Verify_Factual_Call</name>
            <title>Verify Factual Call</title>
            <failure>
                <message>WebDriverException: An unknown server-side error occurred while processing the command. (WARNING: The server did not provide any stacktrace information)
Command duration or timeout: 60.37 seconds
Build info: version: '2.51.0', revision: '1af067dbcaedd7d2ab9af5151fc471d363d97193', time: '2016-02-05 11:20:57'
System info: host: 'ravis-mbp.corp.monocept.com', ip: '192.168.1.158', os.name: 'Mac OS X', os.arch: 'x86_64', os.version: '10.12', java.version: '1.8.0_60'
Driver info: io.appium.java_client.android.AndroidDriver
Capabilities [{app=/Users/monocept/Desktop/ads-android-master/APKFile/app_google_universal_debug_813000154.apk, appPackage=com.weather.Weather, networkConnectionEnabled=true, noReset=false, warnings={}, databaseEnabled=false, deviceName=03157df33d91c039, platform=LINUX, desired={app=/Users/monocept/Desktop/ads-android-master/APKFile/app_google_universal_debug_813000154.apk, appPackage=com.weather.Weather, appium-version=1.4.13, noReset=false, newCommandTimeout=100000.0, autoLaunch=true, platformVersion=6.0.1, platformName=Android, deviceName=Samsung S6}, appium-version=1.4.13, newCommandTimeout=100000.0, autoLaunch=true, platformVersion=7.0, webStorageEnabled=false, locationContextEnabled=false, browserName=Android, takesScreenshot=true, javascriptEnabled=true, platformName=Android}]
Session ID: a13baac4-afb1-4d60-aac2-d17271ae7bfa
*** Element info: {Using=class name, value=android.widget.ImageButton}</message>
                <stack-trace>org.openqa.selenium.WebDriverException: An unknown server-side error occurred while processing the command. (WARNING: The server did not provide any stacktrace information)
Command duration or timeout: 60.37 seconds
Build info: version: '2.51.0', revision: '1af067dbcaedd7d2ab9af5151fc471d363d97193', time: '2016-02-05 11:20:57'
System info: host: 'ravis-mbp.corp.monocept.com', ip: '192.168.1.158', os.name: 'Mac OS X', os.arch: 'x86_64', os.version: '10.12', java.version: '1.8.0_60'
Driver info: io.appium.java_client.android.AndroidDriver
Capabilities [{app=/Users/monocept/Desktop/ads-android-master/APKFile/app_google_universal_debug_813000154.apk, appPackage=com.weather.Weather, networkConnectionEnabled=true, noReset=false, warnings={}, databaseEnabled=false, deviceName=03157df33d91c039, platform=LINUX, desired={app=/Users/monocept/Desktop/ads-android-master/APKFile/app_google_universal_debug_813000154.apk, appPackage=com.weather.Weather, appium-version=1.4.13, noReset=false, newCommandTimeout=100000.0, autoLaunch=true, platformVersion=6.0.1, platformName=Android, deviceName=Samsung S6}, appium-version=1.4.13, newCommandTimeout=100000.0, autoLaunch=true, platformVersion=7.0, webStorageEnabled=false, locationContextEnabled=false, browserName=Android, takesScreenshot=true, javascriptEnabled=true, platformName=Android}]
Session ID: a13baac4-afb1-4d60-aac2-d17271ae7bfa
*** Element info: {Using=class name, value=android.widget.ImageButton}
	at sun.reflect.NativeConstructorAccessorImpl.newInstance0(Native Method)
	at sun.reflect.NativeConstructorAccessorImpl.newInstance(NativeConstructorAccessorImpl.java:62)
	at sun.reflect.DelegatingConstructorAccessorImpl.newInstance(DelegatingConstructorAccessorImpl.java:45)
	at java.lang.reflect.Constructor.newInstance(Constructor.java:422)
	at org.openqa.selenium.remote.ErrorHandler.createThrowable(ErrorHandler.java:206)
	at org.openqa.selenium.remote.ErrorHandler.throwIfResponseFailed(ErrorHandler.java:158)
	at org.openqa.selenium.remote.RemoteWebDriver.execute(RemoteWebDriver.java:678)
	at io.appium.java_client.DefaultGenericMobileDriver.execute(DefaultGenericMobileDriver.java:42)
	at io.appium.java_client.AppiumDriver.execute(AppiumDriver.java:1)
	at io.appium.java_client.android.AndroidDriver.execute(AndroidDriver.java:1)
	at org.openqa.selenium.remote.RemoteWebDriver.findElement(RemoteWebDriver.java:363)
	at org.openqa.selenium.remote.RemoteWebDriver.findElementByClassName(RemoteWebDriver.java:477)
	at io.appium.java_client.DefaultGenericMobileDriver.findElementByClassName(DefaultGenericMobileDriver.java:110)
	at io.appium.java_client.AppiumDriver.findElementByClassName(AppiumDriver.java:1)
	at io.appium.java_client.android.AndroidDriver.findElementByClassName(AndroidDriver.java:1)
	at org.openqa.selenium.By$ByClassName.findElement(By.java:391)
	at org.openqa.selenium.remote.RemoteWebDriver.findElement(RemoteWebDriver.java:355)
	at io.appium.java_client.DefaultGenericMobileDriver.findElement(DefaultGenericMobileDriver.java:52)
	at io.appium.java_client.AppiumDriver.findElement(AppiumDriver.java:1)
	at io.appium.java_client.android.AndroidDriver.findElement(AndroidDriver.java:1)
	at org.openqa.selenium.support.ui.ExpectedConditions.findElement(ExpectedConditions.java:911)
	at org.openqa.selenium.support.ui.ExpectedConditions.access$000(ExpectedConditions.java:41)
	at org.openqa.selenium.support.ui.ExpectedConditions$6.apply(ExpectedConditions.java:181)
	at org.openqa.selenium.support.ui.ExpectedConditions$6.apply(ExpectedConditions.java:178)
	at org.openqa.selenium.support.ui.FluentWait.until(FluentWait.java:238)
	at twc.Automation.HandleWithApp.AppFunctions.compareBuildVersion(AppFunctions.java:1333)
	at twc.Automation.SmokeTestCases.smokeTestCases.Smoke_Test_Case_C415129_Verify_Weatherfx_API_Call_Response_When_User_Selects_Contextual_Locations(smokeTestCases.java:129)
	at twc.Automation.SmokeTestCases.smokeTestCases.Smoke_Test_Case_C333174_Verify_Factual_Call(smokeTestCases.java:168)
	at sun.reflect.NativeMethodAccessorImpl.invoke0(Native Method)
	at sun.reflect.NativeMethodAccessorImpl.invoke(NativeMethodAccessorImpl.java:62)
	at sun.reflect.DelegatingMethodAccessorImpl.invoke(DelegatingMethodAccessorImpl.java:43)
	at java.lang.reflect.Method.invoke(Method.java:497)
	at org.testng.internal.MethodInvocationHelper.invokeMethod(MethodInvocationHelper.java:85)
	at org.testng.internal.Invoker.invokeMethod(Invoker.java:659)
	at org.testng.internal.Invoker.invokeTestMethod(Invoker.java:845)
	at org.testng.internal.Invoker.invokeTestMethods(Invoker.java:1153)
	at org.testng.internal.TestMethodWorker.invokeTestMethods(TestMethodWorker.java:125)
	at org.testng.internal.TestMethodWorker.run(TestMethodWorker.java:108)
	at org.testng.TestRunner.privateRun(TestRunner.java:771)
	at org.testng.TestRunner.run(TestRunner.java:621)
	at org.testng.SuiteRunner.runTest(SuiteRunner.java:357)
	at org.testng.SuiteRunner.runSequentially(SuiteRunner.java:352)
	at org.testng.SuiteRunner.privateRun(SuiteRunner.java:310)
	at org.testng.SuiteRunner.run(SuiteRunner.java:259)
	at org.testng.SuiteRunnerWorker.runSuite(SuiteRunnerWorker.java:52)
	at org.testng.SuiteRunnerWorker.run(SuiteRunnerWorker.java:86)
	at org.testng.TestNG.runSuitesSequentially(TestNG.java:1199)
	at org.testng.TestNG.runSuitesLocally(TestNG.java:1124)
	at org.testng.TestNG.run(TestNG.java:1032)
	at org.testng.remote.AbstractRemoteTestNG.run(AbstractRemoteTestNG.java:132)
	at org.testng.remote.RemoteTestNG.initAndRun(RemoteTestNG.java:230)
	at org.testng.remote.RemoteTestNG.main(RemoteTestNG.java:76)
</stack-trace>
            </failure>
            <steps/>
            <attachments/>
            <labels>
                <label name="host" value="ravis-mbp.corp.monocept.com"/>
                <label name="thread" value="2370@ravis-mbp.corp.monocept.com.main(1)"/>
            </labels>
        </test-case>
        <test-case start="1522331286969" stop="1522331370786" status="broken">
            <name>Smoke_Test_Case_C333182_Verify_Lotame_Call</name>
            <title>Verify Lotame Call</title>
            <failure>
                <message>WebDriverException: An unknown server-side error occurred while processing the command. (WARNING: The server did not provide any stacktrace information)
Command duration or timeout: 60.40 seconds
Build info: version: '2.51.0', revision: '1af067dbcaedd7d2ab9af5151fc471d363d97193', time: '2016-02-05 11:20:57'
System info: host: 'ravis-mbp.corp.monocept.com', ip: '192.168.1.158', os.name: 'Mac OS X', os.arch: 'x86_64', os.version: '10.12', java.version: '1.8.0_60'
Driver info: io.appium.java_client.android.AndroidDriver
Capabilities [{app=/Users/monocept/Desktop/ads-android-master/APKFile/app_google_universal_debug_813000154.apk, appPackage=com.weather.Weather, networkConnectionEnabled=true, noReset=false, warnings={}, databaseEnabled=false, deviceName=03157df33d91c039, platform=LINUX, desired={app=/Users/monocept/Desktop/ads-android-master/APKFile/app_google_universal_debug_813000154.apk, appPackage=com.weather.Weather, appium-version=1.4.13, noReset=false, newCommandTimeout=100000.0, autoLaunch=true, platformVersion=6.0.1, platformName=Android, deviceName=Samsung S6}, appium-version=1.4.13, newCommandTimeout=100000.0, autoLaunch=true, platformVersion=7.0, webStorageEnabled=false, locationContextEnabled=false, browserName=Android, takesScreenshot=true, javascriptEnabled=true, platformName=Android}]
Session ID: a13baac4-afb1-4d60-aac2-d17271ae7bfa
*** Element info: {Using=class name, value=android.widget.ImageButton}</message>
                <stack-trace>org.openqa.selenium.WebDriverException: An unknown server-side error occurred while processing the command. (WARNING: The server did not provide any stacktrace information)
Command duration or timeout: 60.40 seconds
Build info: version: '2.51.0', revision: '1af067dbcaedd7d2ab9af5151fc471d363d97193', time: '2016-02-05 11:20:57'
System info: host: 'ravis-mbp.corp.monocept.com', ip: '192.168.1.158', os.name: 'Mac OS X', os.arch: 'x86_64', os.version: '10.12', java.version: '1.8.0_60'
Driver info: io.appium.java_client.android.AndroidDriver
Capabilities [{app=/Users/monocept/Desktop/ads-android-master/APKFile/app_google_universal_debug_813000154.apk, appPackage=com.weather.Weather, networkConnectionEnabled=true, noReset=false, warnings={}, databaseEnabled=false, deviceName=03157df33d91c039, platform=LINUX, desired={app=/Users/monocept/Desktop/ads-android-master/APKFile/app_google_universal_debug_813000154.apk, appPackage=com.weather.Weather, appium-version=1.4.13, noReset=false, newCommandTimeout=100000.0, autoLaunch=true, platformVersion=6.0.1, platformName=Android, deviceName=Samsung S6}, appium-version=1.4.13, newCommandTimeout=100000.0, autoLaunch=true, platformVersion=7.0, webStorageEnabled=false, locationContextEnabled=false, browserName=Android, takesScreenshot=true, javascriptEnabled=true, platformName=Android}]
Session ID: a13baac4-afb1-4d60-aac2-d17271ae7bfa
*** Element info: {Using=class name, value=android.widget.ImageButton}
	at sun.reflect.NativeConstructorAccessorImpl.newInstance0(Native Method)
	at sun.reflect.NativeConstructorAccessorImpl.newInstance(NativeConstructorAccessorImpl.java:62)
	at sun.reflect.DelegatingConstructorAccessorImpl.newInstance(DelegatingConstructorAccessorImpl.java:45)
	at java.lang.reflect.Constructor.newInstance(Constructor.java:422)
	at org.openqa.selenium.remote.ErrorHandler.createThrowable(ErrorHandler.java:206)
	at org.openqa.selenium.remote.ErrorHandler.throwIfResponseFailed(ErrorHandler.java:158)
	at org.openqa.selenium.remote.RemoteWebDriver.execute(RemoteWebDriver.java:678)
	at io.appium.java_client.DefaultGenericMobileDriver.execute(DefaultGenericMobileDriver.java:42)
	at io.appium.java_client.AppiumDriver.execute(AppiumDriver.java:1)
	at io.appium.java_client.android.AndroidDriver.execute(AndroidDriver.java:1)
	at org.openqa.selenium.remote.RemoteWebDriver.findElement(RemoteWebDriver.java:363)
	at org.openqa.selenium.remote.RemoteWebDriver.findElementByClassName(RemoteWebDriver.java:477)
	at io.appium.java_client.DefaultGenericMobileDriver.findElementByClassName(DefaultGenericMobileDriver.java:110)
	at io.appium.java_client.AppiumDriver.findElementByClassName(AppiumDriver.java:1)
	at io.appium.java_client.android.AndroidDriver.findElementByClassName(AndroidDriver.java:1)
	at org.openqa.selenium.By$ByClassName.findElement(By.java:391)
	at org.openqa.selenium.remote.RemoteWebDriver.findElement(RemoteWebDriver.java:355)
	at io.appium.java_client.DefaultGenericMobileDriver.findElement(DefaultGenericMobileDriver.java:52)
	at io.appium.java_client.AppiumDriver.findElement(AppiumDriver.java:1)
	at io.appium.java_client.android.AndroidDriver.findElement(AndroidDriver.java:1)
	at org.openqa.selenium.support.ui.ExpectedConditions.findElement(ExpectedConditions.java:911)
	at org.openqa.selenium.support.ui.ExpectedConditions.access$000(ExpectedConditions.java:41)
	at org.openqa.selenium.support.ui.ExpectedConditions$6.apply(ExpectedConditions.java:181)
	at org.openqa.selenium.support.ui.ExpectedConditions$6.apply(ExpectedConditions.java:178)
	at org.openqa.selenium.support.ui.FluentWait.until(FluentWait.java:238)
	at twc.Automation.HandleWithApp.AppFunctions.compareBuildVersion(AppFunctions.java:1333)
	at twc.Automation.SmokeTestCases.smokeTestCases.Smoke_Test_Case_C415129_Verify_Weatherfx_API_Call_Response_When_User_Selects_Contextual_Locations(smokeTestCases.java:129)
	at twc.Automation.SmokeTestCases.smokeTestCases.Smoke_Test_Case_C333182_Verify_Lotame_Call(smokeTestCases.java:187)
	at sun.reflect.NativeMethodAccessorImpl.invoke0(Native Method)
	at sun.reflect.NativeMethodAccessorImpl.invoke(NativeMethodAccessorImpl.java:62)
	at sun.reflect.DelegatingMethodAccessorImpl.invoke(DelegatingMethodAccessorImpl.java:43)
	at java.lang.reflect.Method.invoke(Method.java:497)
	at org.testng.internal.MethodInvocationHelper.invokeMethod(MethodInvocationHelper.java:85)
	at org.testng.internal.Invoker.invokeMethod(Invoker.java:659)
	at org.testng.internal.Invoker.invokeTestMethod(Invoker.java:845)
	at org.testng.internal.Invoker.invokeTestMethods(Invoker.java:1153)
	at org.testng.internal.TestMethodWorker.invokeTestMethods(TestMethodWorker.java:125)
	at org.testng.internal.TestMethodWorker.run(TestMethodWorker.java:108)
	at org.testng.TestRunner.privateRun(TestRunner.java:771)
	at org.testng.TestRunner.run(TestRunner.java:621)
	at org.testng.SuiteRunner.runTest(SuiteRunner.java:357)
	at org.testng.SuiteRunner.runSequentially(SuiteRunner.java:352)
	at org.testng.SuiteRunner.privateRun(SuiteRunner.java:310)
	at org.testng.SuiteRunner.run(SuiteRunner.java:259)
	at org.testng.SuiteRunnerWorker.runSuite(SuiteRunnerWorker.java:52)
	at org.testng.SuiteRunnerWorker.run(SuiteRunnerWorker.java:86)
	at org.testng.TestNG.runSuitesSequentially(TestNG.java:1199)
	at org.testng.TestNG.runSuitesLocally(TestNG.java:1124)
	at org.testng.TestNG.run(TestNG.java:1032)
	at org.testng.remote.AbstractRemoteTestNG.run(AbstractRemoteTestNG.java:132)
	at org.testng.remote.RemoteTestNG.initAndRun(RemoteTestNG.java:230)
	at org.testng.remote.RemoteTestNG.main(RemoteTestNG.java:76)
</stack-trace>
            </failure>
            <steps/>
            <attachments/>
            <labels>
                <label name="host" value="ravis-mbp.corp.monocept.com"/>
                <label name="thread" value="2370@ravis-mbp.corp.monocept.com.main(1)"/>
            </labels>
        </test-case>
        <test-case start="1522331286969" stop="1522331370786" status="broken">
            <name>Smoke_Test_Case_C333182_Verify_Lotame_Call</name>
            <title>Verify Lotame Call</title>
            <failure>
                <message>WebDriverException: An unknown server-side error occurred while processing the command. (WARNING: The server did not provide any stacktrace information)
Command duration or timeout: 60.40 seconds
Build info: version: '2.51.0', revision: '1af067dbcaedd7d2ab9af5151fc471d363d97193', time: '2016-02-05 11:20:57'
System info: host: 'ravis-mbp.corp.monocept.com', ip: '192.168.1.158', os.name: 'Mac OS X', os.arch: 'x86_64', os.version: '10.12', java.version: '1.8.0_60'
Driver info: io.appium.java_client.android.AndroidDriver
Capabilities [{app=/Users/monocept/Desktop/ads-android-master/APKFile/app_google_universal_debug_813000154.apk, appPackage=com.weather.Weather, networkConnectionEnabled=true, noReset=false, warnings={}, databaseEnabled=false, deviceName=03157df33d91c039, platform=LINUX, desired={app=/Users/monocept/Desktop/ads-android-master/APKFile/app_google_universal_debug_813000154.apk, appPackage=com.weather.Weather, appium-version=1.4.13, noReset=false, newCommandTimeout=100000.0, autoLaunch=true, platformVersion=6.0.1, platformName=Android, deviceName=Samsung S6}, appium-version=1.4.13, newCommandTimeout=100000.0, autoLaunch=true, platformVersion=7.0, webStorageEnabled=false, locationContextEnabled=false, browserName=Android, takesScreenshot=true, javascriptEnabled=true, platformName=Android}]
Session ID: a13baac4-afb1-4d60-aac2-d17271ae7bfa
*** Element info: {Using=class name, value=android.widget.ImageButton}</message>
                <stack-trace>org.openqa.selenium.WebDriverException: An unknown server-side error occurred while processing the command. (WARNING: The server did not provide any stacktrace information)
Command duration or timeout: 60.40 seconds
Build info: version: '2.51.0', revision: '1af067dbcaedd7d2ab9af5151fc471d363d97193', time: '2016-02-05 11:20:57'
System info: host: 'ravis-mbp.corp.monocept.com', ip: '192.168.1.158', os.name: 'Mac OS X', os.arch: 'x86_64', os.version: '10.12', java.version: '1.8.0_60'
Driver info: io.appium.java_client.android.AndroidDriver
Capabilities [{app=/Users/monocept/Desktop/ads-android-master/APKFile/app_google_universal_debug_813000154.apk, appPackage=com.weather.Weather, networkConnectionEnabled=true, noReset=false, warnings={}, databaseEnabled=false, deviceName=03157df33d91c039, platform=LINUX, desired={app=/Users/monocept/Desktop/ads-android-master/APKFile/app_google_universal_debug_813000154.apk, appPackage=com.weather.Weather, appium-version=1.4.13, noReset=false, newCommandTimeout=100000.0, autoLaunch=true, platformVersion=6.0.1, platformName=Android, deviceName=Samsung S6}, appium-version=1.4.13, newCommandTimeout=100000.0, autoLaunch=true, platformVersion=7.0, webStorageEnabled=false, locationContextEnabled=false, browserName=Android, takesScreenshot=true, javascriptEnabled=true, platformName=Android}]
Session ID: a13baac4-afb1-4d60-aac2-d17271ae7bfa
*** Element info: {Using=class name, value=android.widget.ImageButton}
	at sun.reflect.NativeConstructorAccessorImpl.newInstance0(Native Method)
	at sun.reflect.NativeConstructorAccessorImpl.newInstance(NativeConstructorAccessorImpl.java:62)
	at sun.reflect.DelegatingConstructorAccessorImpl.newInstance(DelegatingConstructorAccessorImpl.java:45)
	at java.lang.reflect.Constructor.newInstance(Constructor.java:422)
	at org.openqa.selenium.remote.ErrorHandler.createThrowable(ErrorHandler.java:206)
	at org.openqa.selenium.remote.ErrorHandler.throwIfResponseFailed(ErrorHandler.java:158)
	at org.openqa.selenium.remote.RemoteWebDriver.execute(RemoteWebDriver.java:678)
	at io.appium.java_client.DefaultGenericMobileDriver.execute(DefaultGenericMobileDriver.java:42)
	at io.appium.java_client.AppiumDriver.execute(AppiumDriver.java:1)
	at io.appium.java_client.android.AndroidDriver.execute(AndroidDriver.java:1)
	at org.openqa.selenium.remote.RemoteWebDriver.findElement(RemoteWebDriver.java:363)
	at org.openqa.selenium.remote.RemoteWebDriver.findElementByClassName(RemoteWebDriver.java:477)
	at io.appium.java_client.DefaultGenericMobileDriver.findElementByClassName(DefaultGenericMobileDriver.java:110)
	at io.appium.java_client.AppiumDriver.findElementByClassName(AppiumDriver.java:1)
	at io.appium.java_client.android.AndroidDriver.findElementByClassName(AndroidDriver.java:1)
	at org.openqa.selenium.By$ByClassName.findElement(By.java:391)
	at org.openqa.selenium.remote.RemoteWebDriver.findElement(RemoteWebDriver.java:355)
	at io.appium.java_client.DefaultGenericMobileDriver.findElement(DefaultGenericMobileDriver.java:52)
	at io.appium.java_client.AppiumDriver.findElement(AppiumDriver.java:1)
	at io.appium.java_client.android.AndroidDriver.findElement(AndroidDriver.java:1)
	at org.openqa.selenium.support.ui.ExpectedConditions.findElement(ExpectedConditions.java:911)
	at org.openqa.selenium.support.ui.ExpectedConditions.access$000(ExpectedConditions.java:41)
	at org.openqa.selenium.support.ui.ExpectedConditions$6.apply(ExpectedConditions.java:181)
	at org.openqa.selenium.support.ui.ExpectedConditions$6.apply(ExpectedConditions.java:178)
	at org.openqa.selenium.support.ui.FluentWait.until(FluentWait.java:238)
	at twc.Automation.HandleWithApp.AppFunctions.compareBuildVersion(AppFunctions.java:1333)
	at twc.Automation.SmokeTestCases.smokeTestCases.Smoke_Test_Case_C415129_Verify_Weatherfx_API_Call_Response_When_User_Selects_Contextual_Locations(smokeTestCases.java:129)
	at twc.Automation.SmokeTestCases.smokeTestCases.Smoke_Test_Case_C333182_Verify_Lotame_Call(smokeTestCases.java:187)
	at sun.reflect.NativeMethodAccessorImpl.invoke0(Native Method)
	at sun.reflect.NativeMethodAccessorImpl.invoke(NativeMethodAccessorImpl.java:62)
	at sun.reflect.DelegatingMethodAccessorImpl.invoke(DelegatingMethodAccessorImpl.java:43)
	at java.lang.reflect.Method.invoke(Method.java:497)
	at org.testng.internal.MethodInvocationHelper.invokeMethod(MethodInvocationHelper.java:85)
	at org.testng.internal.Invoker.invokeMethod(Invoker.java:659)
	at org.testng.internal.Invoker.invokeTestMethod(Invoker.java:845)
	at org.testng.internal.Invoker.invokeTestMethods(Invoker.java:1153)
	at org.testng.internal.TestMethodWorker.invokeTestMethods(TestMethodWorker.java:125)
	at org.testng.internal.TestMethodWorker.run(TestMethodWorker.java:108)
	at org.testng.TestRunner.privateRun(TestRunner.java:771)
	at org.testng.TestRunner.run(TestRunner.java:621)
	at org.testng.SuiteRunner.runTest(SuiteRunner.java:357)
	at org.testng.SuiteRunner.runSequentially(SuiteRunner.java:352)
	at org.testng.SuiteRunner.privateRun(SuiteRunner.java:310)
	at org.testng.SuiteRunner.run(SuiteRunner.java:259)
	at org.testng.SuiteRunnerWorker.runSuite(SuiteRunnerWorker.java:52)
	at org.testng.SuiteRunnerWorker.run(SuiteRunnerWorker.java:86)
	at org.testng.TestNG.runSuitesSequentially(TestNG.java:1199)
	at org.testng.TestNG.runSuitesLocally(TestNG.java:1124)
	at org.testng.TestNG.run(TestNG.java:1032)
	at org.testng.remote.AbstractRemoteTestNG.run(AbstractRemoteTestNG.java:132)
	at org.testng.remote.RemoteTestNG.initAndRun(RemoteTestNG.java:230)
	at org.testng.remote.RemoteTestNG.main(RemoteTestNG.java:76)
</stack-trace>
            </failure>
            <steps/>
            <attachments/>
            <labels>
                <label name="host" value="ravis-mbp.corp.monocept.com"/>
                <label name="thread" value="2370@ravis-mbp.corp.monocept.com.main(1)"/>
            </labels>
        </test-case>
        <test-case start="1522331370790" stop="1522331490231" status="broken">
            <name>Smoke_Test_Case_C333179_Verify_Ad_Call_Is_Made_On_Pull_To_Refresh</name>
            <title>Verify Ad Call Is Made On Pull To Refresh</title>
            <failure>
                <message>WebDriverException: An unknown server-side error occurred while processing the command. (WARNING: The server did not provide any stacktrace information)
Command duration or timeout: 60.39 seconds
Build info: version: '2.51.0', revision: '1af067dbcaedd7d2ab9af5151fc471d363d97193', time: '2016-02-05 11:20:57'
System info: host: 'ravis-mbp.corp.monocept.com', ip: '192.168.1.158', os.name: 'Mac OS X', os.arch: 'x86_64', os.version: '10.12', java.version: '1.8.0_60'
Driver info: io.appium.java_client.android.AndroidDriver
Capabilities [{app=/Users/monocept/Desktop/ads-android-master/APKFile/app_google_universal_debug_813000154.apk, appPackage=com.weather.Weather, networkConnectionEnabled=true, noReset=false, warnings={}, databaseEnabled=false, deviceName=03157df33d91c039, platform=LINUX, desired={app=/Users/monocept/Desktop/ads-android-master/APKFile/app_google_universal_debug_813000154.apk, appPackage=com.weather.Weather, appium-version=1.4.13, noReset=false, newCommandTimeout=100000.0, autoLaunch=true, platformVersion=6.0.1, platformName=Android, deviceName=Samsung S6}, appium-version=1.4.13, newCommandTimeout=100000.0, autoLaunch=true, platformVersion=7.0, webStorageEnabled=false, locationContextEnabled=false, browserName=Android, takesScreenshot=true, javascriptEnabled=true, platformName=Android}]
Session ID: a13baac4-afb1-4d60-aac2-d17271ae7bfa
*** Element info: {Using=id, value=com.weather.Weather:id/temperature}</message>
                <stack-trace>org.openqa.selenium.WebDriverException: An unknown server-side error occurred while processing the command. (WARNING: The server did not provide any stacktrace information)
Command duration or timeout: 60.39 seconds
Build info: version: '2.51.0', revision: '1af067dbcaedd7d2ab9af5151fc471d363d97193', time: '2016-02-05 11:20:57'
System info: host: 'ravis-mbp.corp.monocept.com', ip: '192.168.1.158', os.name: 'Mac OS X', os.arch: 'x86_64', os.version: '10.12', java.version: '1.8.0_60'
Driver info: io.appium.java_client.android.AndroidDriver
Capabilities [{app=/Users/monocept/Desktop/ads-android-master/APKFile/app_google_universal_debug_813000154.apk, appPackage=com.weather.Weather, networkConnectionEnabled=true, noReset=false, warnings={}, databaseEnabled=false, deviceName=03157df33d91c039, platform=LINUX, desired={app=/Users/monocept/Desktop/ads-android-master/APKFile/app_google_universal_debug_813000154.apk, appPackage=com.weather.Weather, appium-version=1.4.13, noReset=false, newCommandTimeout=100000.0, autoLaunch=true, platformVersion=6.0.1, platformName=Android, deviceName=Samsung S6}, appium-version=1.4.13, newCommandTimeout=100000.0, autoLaunch=true, platformVersion=7.0, webStorageEnabled=false, locationContextEnabled=false, browserName=Android, takesScreenshot=true, javascriptEnabled=true, platformName=Android}]
Session ID: a13baac4-afb1-4d60-aac2-d17271ae7bfa
*** Element info: {Using=id, value=com.weather.Weather:id/temperature}
	at sun.reflect.NativeConstructorAccessorImpl.newInstance0(Native Method)
	at sun.reflect.NativeConstructorAccessorImpl.newInstance(NativeConstructorAccessorImpl.java:62)
	at sun.reflect.DelegatingConstructorAccessorImpl.newInstance(DelegatingConstructorAccessorImpl.java:45)
	at java.lang.reflect.Constructor.newInstance(Constructor.java:422)
	at org.openqa.selenium.remote.ErrorHandler.createThrowable(ErrorHandler.java:206)
	at org.openqa.selenium.remote.ErrorHandler.throwIfResponseFailed(ErrorHandler.java:158)
	at org.openqa.selenium.remote.RemoteWebDriver.execute(RemoteWebDriver.java:678)
	at io.appium.java_client.DefaultGenericMobileDriver.execute(DefaultGenericMobileDriver.java:42)
	at io.appium.java_client.AppiumDriver.execute(AppiumDriver.java:1)
	at io.appium.java_client.android.AndroidDriver.execute(AndroidDriver.java:1)
	at org.openqa.selenium.remote.RemoteWebDriver.findElement(RemoteWebDriver.java:363)
	at org.openqa.selenium.remote.RemoteWebDriver.findElementById(RemoteWebDriver.java:413)
	at io.appium.java_client.DefaultGenericMobileDriver.findElementById(DefaultGenericMobileDriver.java:62)
	at io.appium.java_client.AppiumDriver.findElementById(AppiumDriver.java:1)
	at io.appium.java_client.android.AndroidDriver.findElementById(AndroidDriver.java:1)
	at org.openqa.selenium.By$ById.findElement(By.java:218)
	at org.openqa.selenium.remote.RemoteWebDriver.findElement(RemoteWebDriver.java:355)
	at io.appium.java_client.DefaultGenericMobileDriver.findElement(DefaultGenericMobileDriver.java:52)
	at io.appium.java_client.AppiumDriver.findElement(AppiumDriver.java:1)
	at io.appium.java_client.android.AndroidDriver.findElement(AndroidDriver.java:1)
	at org.openqa.selenium.support.ui.ExpectedConditions.findElement(ExpectedConditions.java:911)
	at org.openqa.selenium.support.ui.ExpectedConditions.access$000(ExpectedConditions.java:41)
	at org.openqa.selenium.support.ui.ExpectedConditions$6.apply(ExpectedConditions.java:181)
	at org.openqa.selenium.support.ui.ExpectedConditions$6.apply(ExpectedConditions.java:178)
	at org.openqa.selenium.support.ui.FluentWait.until(FluentWait.java:238)
	at twc.Automation.HandleWithApp.AppFunctions.Pull_To_Refresh(AppFunctions.java:879)
	at twc.Automation.SmokeTestCases.smokeTestCases.Smoke_Test_Case_C333179_Verify_Ad_Call_Is_Made_On_Pull_To_Refresh(smokeTestCases.java:206)
	at sun.reflect.NativeMethodAccessorImpl.invoke0(Native Method)
	at sun.reflect.NativeMethodAccessorImpl.invoke(NativeMethodAccessorImpl.java:62)
	at sun.reflect.DelegatingMethodAccessorImpl.invoke(DelegatingMethodAccessorImpl.java:43)
	at java.lang.reflect.Method.invoke(Method.java:497)
	at org.testng.internal.MethodInvocationHelper.invokeMethod(MethodInvocationHelper.java:85)
	at org.testng.internal.Invoker.invokeMethod(Invoker.java:659)
	at org.testng.internal.Invoker.invokeTestMethod(Invoker.java:845)
	at org.testng.internal.Invoker.invokeTestMethods(Invoker.java:1153)
	at org.testng.internal.TestMethodWorker.invokeTestMethods(TestMethodWorker.java:125)
	at org.testng.internal.TestMethodWorker.run(TestMethodWorker.java:108)
	at org.testng.TestRunner.privateRun(TestRunner.java:771)
	at org.testng.TestRunner.run(TestRunner.java:621)
	at org.testng.SuiteRunner.runTest(SuiteRunner.java:357)
	at org.testng.SuiteRunner.runSequentially(SuiteRunner.java:352)
	at org.testng.SuiteRunner.privateRun(SuiteRunner.java:310)
	at org.testng.SuiteRunner.run(SuiteRunner.java:259)
	at org.testng.SuiteRunnerWorker.runSuite(SuiteRunnerWorker.java:52)
	at org.testng.SuiteRunnerWorker.run(SuiteRunnerWorker.java:86)
	at org.testng.TestNG.runSuitesSequentially(TestNG.java:1199)
	at org.testng.TestNG.runSuitesLocally(TestNG.java:1124)
	at org.testng.TestNG.run(TestNG.java:1032)
	at org.testng.remote.AbstractRemoteTestNG.run(AbstractRemoteTestNG.java:132)
	at org.testng.remote.RemoteTestNG.initAndRun(RemoteTestNG.java:230)
	at org.testng.remote.RemoteTestNG.main(RemoteTestNG.java:76)
</stack-trace>
            </failure>
            <steps/>
            <attachments/>
            <labels>
                <label name="host" value="ravis-mbp.corp.monocept.com"/>
                <label name="thread" value="2370@ravis-mbp.corp.monocept.com.main(1)"/>
            </labels>
        </test-case>
        <test-case start="1522331370790" stop="1522331490231" status="broken">
            <name>Smoke_Test_Case_C333179_Verify_Ad_Call_Is_Made_On_Pull_To_Refresh</name>
            <title>Verify Ad Call Is Made On Pull To Refresh</title>
            <failure>
                <message>WebDriverException: An unknown server-side error occurred while processing the command. (WARNING: The server did not provide any stacktrace information)
Command duration or timeout: 60.39 seconds
Build info: version: '2.51.0', revision: '1af067dbcaedd7d2ab9af5151fc471d363d97193', time: '2016-02-05 11:20:57'
System info: host: 'ravis-mbp.corp.monocept.com', ip: '192.168.1.158', os.name: 'Mac OS X', os.arch: 'x86_64', os.version: '10.12', java.version: '1.8.0_60'
Driver info: io.appium.java_client.android.AndroidDriver
Capabilities [{app=/Users/monocept/Desktop/ads-android-master/APKFile/app_google_universal_debug_813000154.apk, appPackage=com.weather.Weather, networkConnectionEnabled=true, noReset=false, warnings={}, databaseEnabled=false, deviceName=03157df33d91c039, platform=LINUX, desired={app=/Users/monocept/Desktop/ads-android-master/APKFile/app_google_universal_debug_813000154.apk, appPackage=com.weather.Weather, appium-version=1.4.13, noReset=false, newCommandTimeout=100000.0, autoLaunch=true, platformVersion=6.0.1, platformName=Android, deviceName=Samsung S6}, appium-version=1.4.13, newCommandTimeout=100000.0, autoLaunch=true, platformVersion=7.0, webStorageEnabled=false, locationContextEnabled=false, browserName=Android, takesScreenshot=true, javascriptEnabled=true, platformName=Android}]
Session ID: a13baac4-afb1-4d60-aac2-d17271ae7bfa
*** Element info: {Using=id, value=com.weather.Weather:id/temperature}</message>
                <stack-trace>org.openqa.selenium.WebDriverException: An unknown server-side error occurred while processing the command. (WARNING: The server did not provide any stacktrace information)
Command duration or timeout: 60.39 seconds
Build info: version: '2.51.0', revision: '1af067dbcaedd7d2ab9af5151fc471d363d97193', time: '2016-02-05 11:20:57'
System info: host: 'ravis-mbp.corp.monocept.com', ip: '192.168.1.158', os.name: 'Mac OS X', os.arch: 'x86_64', os.version: '10.12', java.version: '1.8.0_60'
Driver info: io.appium.java_client.android.AndroidDriver
Capabilities [{app=/Users/monocept/Desktop/ads-android-master/APKFile/app_google_universal_debug_813000154.apk, appPackage=com.weather.Weather, networkConnectionEnabled=true, noReset=false, warnings={}, databaseEnabled=false, deviceName=03157df33d91c039, platform=LINUX, desired={app=/Users/monocept/Desktop/ads-android-master/APKFile/app_google_universal_debug_813000154.apk, appPackage=com.weather.Weather, appium-version=1.4.13, noReset=false, newCommandTimeout=100000.0, autoLaunch=true, platformVersion=6.0.1, platformName=Android, deviceName=Samsung S6}, appium-version=1.4.13, newCommandTimeout=100000.0, autoLaunch=true, platformVersion=7.0, webStorageEnabled=false, locationContextEnabled=false, browserName=Android, takesScreenshot=true, javascriptEnabled=true, platformName=Android}]
Session ID: a13baac4-afb1-4d60-aac2-d17271ae7bfa
*** Element info: {Using=id, value=com.weather.Weather:id/temperature}
	at sun.reflect.NativeConstructorAccessorImpl.newInstance0(Native Method)
	at sun.reflect.NativeConstructorAccessorImpl.newInstance(NativeConstructorAccessorImpl.java:62)
	at sun.reflect.DelegatingConstructorAccessorImpl.newInstance(DelegatingConstructorAccessorImpl.java:45)
	at java.lang.reflect.Constructor.newInstance(Constructor.java:422)
	at org.openqa.selenium.remote.ErrorHandler.createThrowable(ErrorHandler.java:206)
	at org.openqa.selenium.remote.ErrorHandler.throwIfResponseFailed(ErrorHandler.java:158)
	at org.openqa.selenium.remote.RemoteWebDriver.execute(RemoteWebDriver.java:678)
	at io.appium.java_client.DefaultGenericMobileDriver.execute(DefaultGenericMobileDriver.java:42)
	at io.appium.java_client.AppiumDriver.execute(AppiumDriver.java:1)
	at io.appium.java_client.android.AndroidDriver.execute(AndroidDriver.java:1)
	at org.openqa.selenium.remote.RemoteWebDriver.findElement(RemoteWebDriver.java:363)
	at org.openqa.selenium.remote.RemoteWebDriver.findElementById(RemoteWebDriver.java:413)
	at io.appium.java_client.DefaultGenericMobileDriver.findElementById(DefaultGenericMobileDriver.java:62)
	at io.appium.java_client.AppiumDriver.findElementById(AppiumDriver.java:1)
	at io.appium.java_client.android.AndroidDriver.findElementById(AndroidDriver.java:1)
	at org.openqa.selenium.By$ById.findElement(By.java:218)
	at org.openqa.selenium.remote.RemoteWebDriver.findElement(RemoteWebDriver.java:355)
	at io.appium.java_client.DefaultGenericMobileDriver.findElement(DefaultGenericMobileDriver.java:52)
	at io.appium.java_client.AppiumDriver.findElement(AppiumDriver.java:1)
	at io.appium.java_client.android.AndroidDriver.findElement(AndroidDriver.java:1)
	at org.openqa.selenium.support.ui.ExpectedConditions.findElement(ExpectedConditions.java:911)
	at org.openqa.selenium.support.ui.ExpectedConditions.access$000(ExpectedConditions.java:41)
	at org.openqa.selenium.support.ui.ExpectedConditions$6.apply(ExpectedConditions.java:181)
	at org.openqa.selenium.support.ui.ExpectedConditions$6.apply(ExpectedConditions.java:178)
	at org.openqa.selenium.support.ui.FluentWait.until(FluentWait.java:238)
	at twc.Automation.HandleWithApp.AppFunctions.Pull_To_Refresh(AppFunctions.java:879)
	at twc.Automation.SmokeTestCases.smokeTestCases.Smoke_Test_Case_C333179_Verify_Ad_Call_Is_Made_On_Pull_To_Refresh(smokeTestCases.java:206)
	at sun.reflect.NativeMethodAccessorImpl.invoke0(Native Method)
	at sun.reflect.NativeMethodAccessorImpl.invoke(NativeMethodAccessorImpl.java:62)
	at sun.reflect.DelegatingMethodAccessorImpl.invoke(DelegatingMethodAccessorImpl.java:43)
	at java.lang.reflect.Method.invoke(Method.java:497)
	at org.testng.internal.MethodInvocationHelper.invokeMethod(MethodInvocationHelper.java:85)
	at org.testng.internal.Invoker.invokeMethod(Invoker.java:659)
	at org.testng.internal.Invoker.invokeTestMethod(Invoker.java:845)
	at org.testng.internal.Invoker.invokeTestMethods(Invoker.java:1153)
	at org.testng.internal.TestMethodWorker.invokeTestMethods(TestMethodWorker.java:125)
	at org.testng.internal.TestMethodWorker.run(TestMethodWorker.java:108)
	at org.testng.TestRunner.privateRun(TestRunner.java:771)
	at org.testng.TestRunner.run(TestRunner.java:621)
	at org.testng.SuiteRunner.runTest(SuiteRunner.java:357)
	at org.testng.SuiteRunner.runSequentially(SuiteRunner.java:352)
	at org.testng.SuiteRunner.privateRun(SuiteRunner.java:310)
	at org.testng.SuiteRunner.run(SuiteRunner.java:259)
	at org.testng.SuiteRunnerWorker.runSuite(SuiteRunnerWorker.java:52)
	at org.testng.SuiteRunnerWorker.run(SuiteRunnerWorker.java:86)
	at org.testng.TestNG.runSuitesSequentially(TestNG.java:1199)
	at org.testng.TestNG.runSuitesLocally(TestNG.java:1124)
	at org.testng.TestNG.run(TestNG.java:1032)
	at org.testng.remote.AbstractRemoteTestNG.run(AbstractRemoteTestNG.java:132)
	at org.testng.remote.RemoteTestNG.initAndRun(RemoteTestNG.java:230)
	at org.testng.remote.RemoteTestNG.main(RemoteTestNG.java:76)
</stack-trace>
            </failure>
            <steps/>
            <attachments/>
            <labels>
                <label name="host" value="ravis-mbp.corp.monocept.com"/>
                <label name="thread" value="2370@ravis-mbp.corp.monocept.com.main(1)"/>
            </labels>
        </test-case>
        <test-case start="1522331490236" stop="1522331543004" status="broken">
            <name>Smoke_Test_Case_C333172_Verify_Ad_Calls_On_Clean_Launch</name>
            <title>Verify Ad Calls On Clean Launch</title>
            <failure>
                <message>WebDriverException: An unknown server-side error occurred while processing the command. (WARNING: The server did not provide any stacktrace information)
Command duration or timeout: 7 milliseconds
Build info: version: '2.51.0', revision: '1af067dbcaedd7d2ab9af5151fc471d363d97193', time: '2016-02-05 11:20:57'
System info: host: 'ravis-mbp.corp.monocept.com', ip: '192.168.1.158', os.name: 'Mac OS X', os.arch: 'x86_64', os.version: '10.12', java.version: '1.8.0_60'
Driver info: io.appium.java_client.android.AndroidDriver
Capabilities [{app=/Users/monocept/Desktop/ads-android-master/APKFile/app_google_universal_debug_813000154.apk, appPackage=com.weather.Weather, networkConnectionEnabled=true, noReset=false, warnings={}, databaseEnabled=false, deviceName=03157df33d91c039, platform=LINUX, desired={app=/Users/monocept/Desktop/ads-android-master/APKFile/app_google_universal_debug_813000154.apk, appPackage=com.weather.Weather, appium-version=1.4.13, noReset=false, newCommandTimeout=100000.0, autoLaunch=true, platformVersion=6.0.1, platformName=Android, deviceName=Samsung S6}, appium-version=1.4.13, newCommandTimeout=100000.0, autoLaunch=true, platformVersion=7.0, webStorageEnabled=false, locationContextEnabled=false, browserName=Android, takesScreenshot=true, javascriptEnabled=true, platformName=Android}]
Session ID: a13baac4-afb1-4d60-aac2-d17271ae7bfa</message>
                <stack-trace>org.openqa.selenium.WebDriverException: An unknown server-side error occurred while processing the command. (WARNING: The server did not provide any stacktrace information)
Command duration or timeout: 7 milliseconds
Build info: version: '2.51.0', revision: '1af067dbcaedd7d2ab9af5151fc471d363d97193', time: '2016-02-05 11:20:57'
System info: host: 'ravis-mbp.corp.monocept.com', ip: '192.168.1.158', os.name: 'Mac OS X', os.arch: 'x86_64', os.version: '10.12', java.version: '1.8.0_60'
Driver info: io.appium.java_client.android.AndroidDriver
Capabilities [{app=/Users/monocept/Desktop/ads-android-master/APKFile/app_google_universal_debug_813000154.apk, appPackage=com.weather.Weather, networkConnectionEnabled=true, noReset=false, warnings={}, databaseEnabled=false, deviceName=03157df33d91c039, platform=LINUX, desired={app=/Users/monocept/Desktop/ads-android-master/APKFile/app_google_universal_debug_813000154.apk, appPackage=com.weather.Weather, appium-version=1.4.13, noReset=false, newCommandTimeout=100000.0, autoLaunch=true, platformVersion=6.0.1, platformName=Android, deviceName=Samsung S6}, appium-version=1.4.13, newCommandTimeout=100000.0, autoLaunch=true, platformVersion=7.0, webStorageEnabled=false, locationContextEnabled=false, browserName=Android, takesScreenshot=true, javascriptEnabled=true, platformName=Android}]
Session ID: a13baac4-afb1-4d60-aac2-d17271ae7bfa
	at sun.reflect.NativeConstructorAccessorImpl.newInstance0(Native Method)
	at sun.reflect.NativeConstructorAccessorImpl.newInstance(NativeConstructorAccessorImpl.java:62)
	at sun.reflect.DelegatingConstructorAccessorImpl.newInstance(DelegatingConstructorAccessorImpl.java:45)
	at java.lang.reflect.Constructor.newInstance(Constructor.java:422)
	at org.openqa.selenium.remote.ErrorHandler.createThrowable(ErrorHandler.java:206)
	at org.openqa.selenium.remote.ErrorHandler.throwIfResponseFailed(ErrorHandler.java:158)
	at org.openqa.selenium.remote.RemoteWebDriver.execute(RemoteWebDriver.java:678)
	at io.appium.java_client.DefaultGenericMobileDriver.execute(DefaultGenericMobileDriver.java:42)
	at io.appium.java_client.AppiumDriver.execute(AppiumDriver.java:1)
	at io.appium.java_client.android.AndroidDriver.execute(AndroidDriver.java:1)
	at org.openqa.selenium.remote.RemoteWebDriver$RemoteWebDriverOptions$RemoteWindow.getSize(RemoteWebDriver.java:914)
	at twc.Automation.HandleWithApp.AppFunctions.Swipe(AppFunctions.java:907)
	at twc.Automation.HandleWithApp.AppFunctions.CleanLaunch_launch(AppFunctions.java:1061)
	at twc.Automation.SmokeTestCases.smokeTestCases.Smoke_Test_Case_C333172_Verify_Ad_Calls_On_Clean_Launch(smokeTestCases.java:223)
	at sun.reflect.NativeMethodAccessorImpl.invoke0(Native Method)
	at sun.reflect.NativeMethodAccessorImpl.invoke(NativeMethodAccessorImpl.java:62)
	at sun.reflect.DelegatingMethodAccessorImpl.invoke(DelegatingMethodAccessorImpl.java:43)
	at java.lang.reflect.Method.invoke(Method.java:497)
	at org.testng.internal.MethodInvocationHelper.invokeMethod(MethodInvocationHelper.java:85)
	at org.testng.internal.Invoker.invokeMethod(Invoker.java:659)
	at org.testng.internal.Invoker.invokeTestMethod(Invoker.java:845)
	at org.testng.internal.Invoker.invokeTestMethods(Invoker.java:1153)
	at org.testng.internal.TestMethodWorker.invokeTestMethods(TestMethodWorker.java:125)
	at org.testng.internal.TestMethodWorker.run(TestMethodWorker.java:108)
	at org.testng.TestRunner.privateRun(TestRunner.java:771)
	at org.testng.TestRunner.run(TestRunner.java:621)
	at org.testng.SuiteRunner.runTest(SuiteRunner.java:357)
	at org.testng.SuiteRunner.runSequentially(SuiteRunner.java:352)
	at org.testng.SuiteRunner.privateRun(SuiteRunner.java:310)
	at org.testng.SuiteRunner.run(SuiteRunner.java:259)
	at org.testng.SuiteRunnerWorker.runSuite(SuiteRunnerWorker.java:52)
	at org.testng.SuiteRunnerWorker.run(SuiteRunnerWorker.java:86)
	at org.testng.TestNG.runSuitesSequentially(TestNG.java:1199)
	at org.testng.TestNG.runSuitesLocally(TestNG.java:1124)
	at org.testng.TestNG.run(TestNG.java:1032)
	at org.testng.remote.AbstractRemoteTestNG.run(AbstractRemoteTestNG.java:132)
	at org.testng.remote.RemoteTestNG.initAndRun(RemoteTestNG.java:230)
	at org.testng.remote.RemoteTestNG.main(RemoteTestNG.java:76)
</stack-trace>
            </failure>
            <steps/>
            <attachments/>
            <labels>
                <label name="host" value="ravis-mbp.corp.monocept.com"/>
                <label name="thread" value="2370@ravis-mbp.corp.monocept.com.main(1)"/>
            </labels>
        </test-case>
        <test-case start="1522331490236" stop="1522331543004" status="broken">
            <name>Smoke_Test_Case_C333172_Verify_Ad_Calls_On_Clean_Launch</name>
            <title>Verify Ad Calls On Clean Launch</title>
            <failure>
                <message>WebDriverException: An unknown server-side error occurred while processing the command. (WARNING: The server did not provide any stacktrace information)
Command duration or timeout: 7 milliseconds
Build info: version: '2.51.0', revision: '1af067dbcaedd7d2ab9af5151fc471d363d97193', time: '2016-02-05 11:20:57'
System info: host: 'ravis-mbp.corp.monocept.com', ip: '192.168.1.158', os.name: 'Mac OS X', os.arch: 'x86_64', os.version: '10.12', java.version: '1.8.0_60'
Driver info: io.appium.java_client.android.AndroidDriver
Capabilities [{app=/Users/monocept/Desktop/ads-android-master/APKFile/app_google_universal_debug_813000154.apk, appPackage=com.weather.Weather, networkConnectionEnabled=true, noReset=false, warnings={}, databaseEnabled=false, deviceName=03157df33d91c039, platform=LINUX, desired={app=/Users/monocept/Desktop/ads-android-master/APKFile/app_google_universal_debug_813000154.apk, appPackage=com.weather.Weather, appium-version=1.4.13, noReset=false, newCommandTimeout=100000.0, autoLaunch=true, platformVersion=6.0.1, platformName=Android, deviceName=Samsung S6}, appium-version=1.4.13, newCommandTimeout=100000.0, autoLaunch=true, platformVersion=7.0, webStorageEnabled=false, locationContextEnabled=false, browserName=Android, takesScreenshot=true, javascriptEnabled=true, platformName=Android}]
Session ID: a13baac4-afb1-4d60-aac2-d17271ae7bfa</message>
                <stack-trace>org.openqa.selenium.WebDriverException: An unknown server-side error occurred while processing the command. (WARNING: The server did not provide any stacktrace information)
Command duration or timeout: 7 milliseconds
Build info: version: '2.51.0', revision: '1af067dbcaedd7d2ab9af5151fc471d363d97193', time: '2016-02-05 11:20:57'
System info: host: 'ravis-mbp.corp.monocept.com', ip: '192.168.1.158', os.name: 'Mac OS X', os.arch: 'x86_64', os.version: '10.12', java.version: '1.8.0_60'
Driver info: io.appium.java_client.android.AndroidDriver
Capabilities [{app=/Users/monocept/Desktop/ads-android-master/APKFile/app_google_universal_debug_813000154.apk, appPackage=com.weather.Weather, networkConnectionEnabled=true, noReset=false, warnings={}, databaseEnabled=false, deviceName=03157df33d91c039, platform=LINUX, desired={app=/Users/monocept/Desktop/ads-android-master/APKFile/app_google_universal_debug_813000154.apk, appPackage=com.weather.Weather, appium-version=1.4.13, noReset=false, newCommandTimeout=100000.0, autoLaunch=true, platformVersion=6.0.1, platformName=Android, deviceName=Samsung S6}, appium-version=1.4.13, newCommandTimeout=100000.0, autoLaunch=true, platformVersion=7.0, webStorageEnabled=false, locationContextEnabled=false, browserName=Android, takesScreenshot=true, javascriptEnabled=true, platformName=Android}]
Session ID: a13baac4-afb1-4d60-aac2-d17271ae7bfa
	at sun.reflect.NativeConstructorAccessorImpl.newInstance0(Native Method)
	at sun.reflect.NativeConstructorAccessorImpl.newInstance(NativeConstructorAccessorImpl.java:62)
	at sun.reflect.DelegatingConstructorAccessorImpl.newInstance(DelegatingConstructorAccessorImpl.java:45)
	at java.lang.reflect.Constructor.newInstance(Constructor.java:422)
	at org.openqa.selenium.remote.ErrorHandler.createThrowable(ErrorHandler.java:206)
	at org.openqa.selenium.remote.ErrorHandler.throwIfResponseFailed(ErrorHandler.java:158)
	at org.openqa.selenium.remote.RemoteWebDriver.execute(RemoteWebDriver.java:678)
	at io.appium.java_client.DefaultGenericMobileDriver.execute(DefaultGenericMobileDriver.java:42)
	at io.appium.java_client.AppiumDriver.execute(AppiumDriver.java:1)
	at io.appium.java_client.android.AndroidDriver.execute(AndroidDriver.java:1)
	at org.openqa.selenium.remote.RemoteWebDriver$RemoteWebDriverOptions$RemoteWindow.getSize(RemoteWebDriver.java:914)
	at twc.Automation.HandleWithApp.AppFunctions.Swipe(AppFunctions.java:907)
	at twc.Automation.HandleWithApp.AppFunctions.CleanLaunch_launch(AppFunctions.java:1061)
	at twc.Automation.SmokeTestCases.smokeTestCases.Smoke_Test_Case_C333172_Verify_Ad_Calls_On_Clean_Launch(smokeTestCases.java:223)
	at sun.reflect.NativeMethodAccessorImpl.invoke0(Native Method)
	at sun.reflect.NativeMethodAccessorImpl.invoke(NativeMethodAccessorImpl.java:62)
	at sun.reflect.DelegatingMethodAccessorImpl.invoke(DelegatingMethodAccessorImpl.java:43)
	at java.lang.reflect.Method.invoke(Method.java:497)
	at org.testng.internal.MethodInvocationHelper.invokeMethod(MethodInvocationHelper.java:85)
	at org.testng.internal.Invoker.invokeMethod(Invoker.java:659)
	at org.testng.internal.Invoker.invokeTestMethod(Invoker.java:845)
	at org.testng.internal.Invoker.invokeTestMethods(Invoker.java:1153)
	at org.testng.internal.TestMethodWorker.invokeTestMethods(TestMethodWorker.java:125)
	at org.testng.internal.TestMethodWorker.run(TestMethodWorker.java:108)
	at org.testng.TestRunner.privateRun(TestRunner.java:771)
	at org.testng.TestRunner.run(TestRunner.java:621)
	at org.testng.SuiteRunner.runTest(SuiteRunner.java:357)
	at org.testng.SuiteRunner.runSequentially(SuiteRunner.java:352)
	at org.testng.SuiteRunner.privateRun(SuiteRunner.java:310)
	at org.testng.SuiteRunner.run(SuiteRunner.java:259)
	at org.testng.SuiteRunnerWorker.runSuite(SuiteRunnerWorker.java:52)
	at org.testng.SuiteRunnerWorker.run(SuiteRunnerWorker.java:86)
	at org.testng.TestNG.runSuitesSequentially(TestNG.java:1199)
	at org.testng.TestNG.runSuitesLocally(TestNG.java:1124)
	at org.testng.TestNG.run(TestNG.java:1032)
	at org.testng.remote.AbstractRemoteTestNG.run(AbstractRemoteTestNG.java:132)
	at org.testng.remote.RemoteTestNG.initAndRun(RemoteTestNG.java:230)
	at org.testng.remote.RemoteTestNG.main(RemoteTestNG.java:76)
</stack-trace>
            </failure>
            <steps/>
            <attachments/>
            <labels>
                <label name="host" value="ravis-mbp.corp.monocept.com"/>
                <label name="thread" value="2370@ravis-mbp.corp.monocept.com.main(1)"/>
            </labels>
        </test-case>
        <test-case start="1522331543007" stop="1522331605645" status="broken">
            <name>Smoke_Test_Case_C333175_Verify_Ad_Is_Present_On_Extended_Hourly_Page</name>
            <title>Verify Ad Is Present On Extended Hourly Page</title>
            <failure>
                <message>WebDriverException: An unknown server-side error occurred while processing the command. (WARNING: The server did not provide any stacktrace information)
Command duration or timeout: 6 milliseconds
Build info: version: '2.51.0', revision: '1af067dbcaedd7d2ab9af5151fc471d363d97193', time: '2016-02-05 11:20:57'
System info: host: 'ravis-mbp.corp.monocept.com', ip: '192.168.1.158', os.name: 'Mac OS X', os.arch: 'x86_64', os.version: '10.12', java.version: '1.8.0_60'
Driver info: io.appium.java_client.android.AndroidDriver
Capabilities [{app=/Users/monocept/Desktop/ads-android-master/APKFile/app_google_universal_debug_813000154.apk, appPackage=com.weather.Weather, networkConnectionEnabled=true, noReset=false, warnings={}, databaseEnabled=false, deviceName=03157df33d91c039, platform=LINUX, desired={app=/Users/monocept/Desktop/ads-android-master/APKFile/app_google_universal_debug_813000154.apk, appPackage=com.weather.Weather, appium-version=1.4.13, noReset=false, newCommandTimeout=100000.0, autoLaunch=true, platformVersion=6.0.1, platformName=Android, deviceName=Samsung S6}, appium-version=1.4.13, newCommandTimeout=100000.0, autoLaunch=true, platformVersion=7.0, webStorageEnabled=false, locationContextEnabled=false, browserName=Android, takesScreenshot=true, javascriptEnabled=true, platformName=Android}]
Session ID: a13baac4-afb1-4d60-aac2-d17271ae7bfa</message>
                <stack-trace>org.openqa.selenium.WebDriverException: An unknown server-side error occurred while processing the command. (WARNING: The server did not provide any stacktrace information)
Command duration or timeout: 6 milliseconds
Build info: version: '2.51.0', revision: '1af067dbcaedd7d2ab9af5151fc471d363d97193', time: '2016-02-05 11:20:57'
System info: host: 'ravis-mbp.corp.monocept.com', ip: '192.168.1.158', os.name: 'Mac OS X', os.arch: 'x86_64', os.version: '10.12', java.version: '1.8.0_60'
Driver info: io.appium.java_client.android.AndroidDriver
Capabilities [{app=/Users/monocept/Desktop/ads-android-master/APKFile/app_google_universal_debug_813000154.apk, appPackage=com.weather.Weather, networkConnectionEnabled=true, noReset=false, warnings={}, databaseEnabled=false, deviceName=03157df33d91c039, platform=LINUX, desired={app=/Users/monocept/Desktop/ads-android-master/APKFile/app_google_universal_debug_813000154.apk, appPackage=com.weather.Weather, appium-version=1.4.13, noReset=false, newCommandTimeout=100000.0, autoLaunch=true, platformVersion=6.0.1, platformName=Android, deviceName=Samsung S6}, appium-version=1.4.13, newCommandTimeout=100000.0, autoLaunch=true, platformVersion=7.0, webStorageEnabled=false, locationContextEnabled=false, browserName=Android, takesScreenshot=true, javascriptEnabled=true, platformName=Android}]
Session ID: a13baac4-afb1-4d60-aac2-d17271ae7bfa
	at sun.reflect.NativeConstructorAccessorImpl.newInstance0(Native Method)
	at sun.reflect.NativeConstructorAccessorImpl.newInstance(NativeConstructorAccessorImpl.java:62)
	at sun.reflect.DelegatingConstructorAccessorImpl.newInstance(DelegatingConstructorAccessorImpl.java:45)
	at java.lang.reflect.Constructor.newInstance(Constructor.java:422)
	at org.openqa.selenium.remote.ErrorHandler.createThrowable(ErrorHandler.java:206)
	at org.openqa.selenium.remote.ErrorHandler.throwIfResponseFailed(ErrorHandler.java:158)
	at org.openqa.selenium.remote.RemoteWebDriver.execute(RemoteWebDriver.java:678)
	at io.appium.java_client.DefaultGenericMobileDriver.execute(DefaultGenericMobileDriver.java:42)
	at io.appium.java_client.AppiumDriver.execute(AppiumDriver.java:1)
	at io.appium.java_client.android.AndroidDriver.execute(AndroidDriver.java:1)
	at org.openqa.selenium.remote.RemoteWebDriver$RemoteWebDriverOptions$RemoteWindow.getSize(RemoteWebDriver.java:914)
	at twc.Automation.HandleWithApp.AppFunctions.Swipe(AppFunctions.java:907)
	at twc.Automation.HandleWithApp.AppFunctions.verify_adpresent_onextended_page(AppFunctions.java:1040)
	at twc.Automation.SmokeTestCases.smokeTestCases.Smoke_Test_Case_C333175_Verify_Ad_Is_Present_On_Extended_Hourly_Page(smokeTestCases.java:239)
	at sun.reflect.NativeMethodAccessorImpl.invoke0(Native Method)
	at sun.reflect.NativeMethodAccessorImpl.invoke(NativeMethodAccessorImpl.java:62)
	at sun.reflect.DelegatingMethodAccessorImpl.invoke(DelegatingMethodAccessorImpl.java:43)
	at java.lang.reflect.Method.invoke(Method.java:497)
	at org.testng.internal.MethodInvocationHelper.invokeMethod(MethodInvocationHelper.java:85)
	at org.testng.internal.Invoker.invokeMethod(Invoker.java:659)
	at org.testng.internal.Invoker.invokeTestMethod(Invoker.java:845)
	at org.testng.internal.Invoker.invokeTestMethods(Invoker.java:1153)
	at org.testng.internal.TestMethodWorker.invokeTestMethods(TestMethodWorker.java:125)
	at org.testng.internal.TestMethodWorker.run(TestMethodWorker.java:108)
	at org.testng.TestRunner.privateRun(TestRunner.java:771)
	at org.testng.TestRunner.run(TestRunner.java:621)
	at org.testng.SuiteRunner.runTest(SuiteRunner.java:357)
	at org.testng.SuiteRunner.runSequentially(SuiteRunner.java:352)
	at org.testng.SuiteRunner.privateRun(SuiteRunner.java:310)
	at org.testng.SuiteRunner.run(SuiteRunner.java:259)
	at org.testng.SuiteRunnerWorker.runSuite(SuiteRunnerWorker.java:52)
	at org.testng.SuiteRunnerWorker.run(SuiteRunnerWorker.java:86)
	at org.testng.TestNG.runSuitesSequentially(TestNG.java:1199)
	at org.testng.TestNG.runSuitesLocally(TestNG.java:1124)
	at org.testng.TestNG.run(TestNG.java:1032)
	at org.testng.remote.AbstractRemoteTestNG.run(AbstractRemoteTestNG.java:132)
	at org.testng.remote.RemoteTestNG.initAndRun(RemoteTestNG.java:230)
	at org.testng.remote.RemoteTestNG.main(RemoteTestNG.java:76)
</stack-trace>
            </failure>
            <steps/>
            <attachments/>
            <labels>
                <label name="host" value="ravis-mbp.corp.monocept.com"/>
                <label name="thread" value="2370@ravis-mbp.corp.monocept.com.main(1)"/>
            </labels>
        </test-case>
        <test-case start="1522331543007" stop="1522331605645" status="broken">
            <name>Smoke_Test_Case_C333175_Verify_Ad_Is_Present_On_Extended_Hourly_Page</name>
            <title>Verify Ad Is Present On Extended Hourly Page</title>
            <failure>
                <message>WebDriverException: An unknown server-side error occurred while processing the command. (WARNING: The server did not provide any stacktrace information)
Command duration or timeout: 6 milliseconds
Build info: version: '2.51.0', revision: '1af067dbcaedd7d2ab9af5151fc471d363d97193', time: '2016-02-05 11:20:57'
System info: host: 'ravis-mbp.corp.monocept.com', ip: '192.168.1.158', os.name: 'Mac OS X', os.arch: 'x86_64', os.version: '10.12', java.version: '1.8.0_60'
Driver info: io.appium.java_client.android.AndroidDriver
Capabilities [{app=/Users/monocept/Desktop/ads-android-master/APKFile/app_google_universal_debug_813000154.apk, appPackage=com.weather.Weather, networkConnectionEnabled=true, noReset=false, warnings={}, databaseEnabled=false, deviceName=03157df33d91c039, platform=LINUX, desired={app=/Users/monocept/Desktop/ads-android-master/APKFile/app_google_universal_debug_813000154.apk, appPackage=com.weather.Weather, appium-version=1.4.13, noReset=false, newCommandTimeout=100000.0, autoLaunch=true, platformVersion=6.0.1, platformName=Android, deviceName=Samsung S6}, appium-version=1.4.13, newCommandTimeout=100000.0, autoLaunch=true, platformVersion=7.0, webStorageEnabled=false, locationContextEnabled=false, browserName=Android, takesScreenshot=true, javascriptEnabled=true, platformName=Android}]
Session ID: a13baac4-afb1-4d60-aac2-d17271ae7bfa</message>
                <stack-trace>org.openqa.selenium.WebDriverException: An unknown server-side error occurred while processing the command. (WARNING: The server did not provide any stacktrace information)
Command duration or timeout: 6 milliseconds
Build info: version: '2.51.0', revision: '1af067dbcaedd7d2ab9af5151fc471d363d97193', time: '2016-02-05 11:20:57'
System info: host: 'ravis-mbp.corp.monocept.com', ip: '192.168.1.158', os.name: 'Mac OS X', os.arch: 'x86_64', os.version: '10.12', java.version: '1.8.0_60'
Driver info: io.appium.java_client.android.AndroidDriver
Capabilities [{app=/Users/monocept/Desktop/ads-android-master/APKFile/app_google_universal_debug_813000154.apk, appPackage=com.weather.Weather, networkConnectionEnabled=true, noReset=false, warnings={}, databaseEnabled=false, deviceName=03157df33d91c039, platform=LINUX, desired={app=/Users/monocept/Desktop/ads-android-master/APKFile/app_google_universal_debug_813000154.apk, appPackage=com.weather.Weather, appium-version=1.4.13, noReset=false, newCommandTimeout=100000.0, autoLaunch=true, platformVersion=6.0.1, platformName=Android, deviceName=Samsung S6}, appium-version=1.4.13, newCommandTimeout=100000.0, autoLaunch=true, platformVersion=7.0, webStorageEnabled=false, locationContextEnabled=false, browserName=Android, takesScreenshot=true, javascriptEnabled=true, platformName=Android}]
Session ID: a13baac4-afb1-4d60-aac2-d17271ae7bfa
	at sun.reflect.NativeConstructorAccessorImpl.newInstance0(Native Method)
	at sun.reflect.NativeConstructorAccessorImpl.newInstance(NativeConstructorAccessorImpl.java:62)
	at sun.reflect.DelegatingConstructorAccessorImpl.newInstance(DelegatingConstructorAccessorImpl.java:45)
	at java.lang.reflect.Constructor.newInstance(Constructor.java:422)
	at org.openqa.selenium.remote.ErrorHandler.createThrowable(ErrorHandler.java:206)
	at org.openqa.selenium.remote.ErrorHandler.throwIfResponseFailed(ErrorHandler.java:158)
	at org.openqa.selenium.remote.RemoteWebDriver.execute(RemoteWebDriver.java:678)
	at io.appium.java_client.DefaultGenericMobileDriver.execute(DefaultGenericMobileDriver.java:42)
	at io.appium.java_client.AppiumDriver.execute(AppiumDriver.java:1)
	at io.appium.java_client.android.AndroidDriver.execute(AndroidDriver.java:1)
	at org.openqa.selenium.remote.RemoteWebDriver$RemoteWebDriverOptions$RemoteWindow.getSize(RemoteWebDriver.java:914)
	at twc.Automation.HandleWithApp.AppFunctions.Swipe(AppFunctions.java:907)
	at twc.Automation.HandleWithApp.AppFunctions.verify_adpresent_onextended_page(AppFunctions.java:1040)
	at twc.Automation.SmokeTestCases.smokeTestCases.Smoke_Test_Case_C333175_Verify_Ad_Is_Present_On_Extended_Hourly_Page(smokeTestCases.java:239)
	at sun.reflect.NativeMethodAccessorImpl.invoke0(Native Method)
	at sun.reflect.NativeMethodAccessorImpl.invoke(NativeMethodAccessorImpl.java:62)
	at sun.reflect.DelegatingMethodAccessorImpl.invoke(DelegatingMethodAccessorImpl.java:43)
	at java.lang.reflect.Method.invoke(Method.java:497)
	at org.testng.internal.MethodInvocationHelper.invokeMethod(MethodInvocationHelper.java:85)
	at org.testng.internal.Invoker.invokeMethod(Invoker.java:659)
	at org.testng.internal.Invoker.invokeTestMethod(Invoker.java:845)
	at org.testng.internal.Invoker.invokeTestMethods(Invoker.java:1153)
	at org.testng.internal.TestMethodWorker.invokeTestMethods(TestMethodWorker.java:125)
	at org.testng.internal.TestMethodWorker.run(TestMethodWorker.java:108)
	at org.testng.TestRunner.privateRun(TestRunner.java:771)
	at org.testng.TestRunner.run(TestRunner.java:621)
	at org.testng.SuiteRunner.runTest(SuiteRunner.java:357)
	at org.testng.SuiteRunner.runSequentially(SuiteRunner.java:352)
	at org.testng.SuiteRunner.privateRun(SuiteRunner.java:310)
	at org.testng.SuiteRunner.run(SuiteRunner.java:259)
	at org.testng.SuiteRunnerWorker.runSuite(SuiteRunnerWorker.java:52)
	at org.testng.SuiteRunnerWorker.run(SuiteRunnerWorker.java:86)
	at org.testng.TestNG.runSuitesSequentially(TestNG.java:1199)
	at org.testng.TestNG.runSuitesLocally(TestNG.java:1124)
	at org.testng.TestNG.run(TestNG.java:1032)
	at org.testng.remote.AbstractRemoteTestNG.run(AbstractRemoteTestNG.java:132)
	at org.testng.remote.RemoteTestNG.initAndRun(RemoteTestNG.java:230)
	at org.testng.remote.RemoteTestNG.main(RemoteTestNG.java:76)
</stack-trace>
            </failure>
            <steps/>
            <attachments/>
            <labels>
                <label name="host" value="ravis-mbp.corp.monocept.com"/>
                <label name="thread" value="2370@ravis-mbp.corp.monocept.com.main(1)"/>
            </labels>
        </test-case>
        <test-case start="1522331605649" stop="1522331668417" status="broken">
            <name>Smoke_Test_Case_C333180_Verify_Ad_Is_Present_On_Extended_Daily_Page</name>
            <title>Verify Ad Is Present On Extended Daily Page</title>
            <failure>
                <message>WebDriverException: An unknown server-side error occurred while processing the command. (WARNING: The server did not provide any stacktrace information)
Command duration or timeout: 5 milliseconds
Build info: version: '2.51.0', revision: '1af067dbcaedd7d2ab9af5151fc471d363d97193', time: '2016-02-05 11:20:57'
System info: host: 'ravis-mbp.corp.monocept.com', ip: '192.168.1.158', os.name: 'Mac OS X', os.arch: 'x86_64', os.version: '10.12', java.version: '1.8.0_60'
Driver info: io.appium.java_client.android.AndroidDriver
Capabilities [{app=/Users/monocept/Desktop/ads-android-master/APKFile/app_google_universal_debug_813000154.apk, appPackage=com.weather.Weather, networkConnectionEnabled=true, noReset=false, warnings={}, databaseEnabled=false, deviceName=03157df33d91c039, platform=LINUX, desired={app=/Users/monocept/Desktop/ads-android-master/APKFile/app_google_universal_debug_813000154.apk, appPackage=com.weather.Weather, appium-version=1.4.13, noReset=false, newCommandTimeout=100000.0, autoLaunch=true, platformVersion=6.0.1, platformName=Android, deviceName=Samsung S6}, appium-version=1.4.13, newCommandTimeout=100000.0, autoLaunch=true, platformVersion=7.0, webStorageEnabled=false, locationContextEnabled=false, browserName=Android, takesScreenshot=true, javascriptEnabled=true, platformName=Android}]
Session ID: a13baac4-afb1-4d60-aac2-d17271ae7bfa</message>
                <stack-trace>org.openqa.selenium.WebDriverException: An unknown server-side error occurred while processing the command. (WARNING: The server did not provide any stacktrace information)
Command duration or timeout: 5 milliseconds
Build info: version: '2.51.0', revision: '1af067dbcaedd7d2ab9af5151fc471d363d97193', time: '2016-02-05 11:20:57'
System info: host: 'ravis-mbp.corp.monocept.com', ip: '192.168.1.158', os.name: 'Mac OS X', os.arch: 'x86_64', os.version: '10.12', java.version: '1.8.0_60'
Driver info: io.appium.java_client.android.AndroidDriver
Capabilities [{app=/Users/monocept/Desktop/ads-android-master/APKFile/app_google_universal_debug_813000154.apk, appPackage=com.weather.Weather, networkConnectionEnabled=true, noReset=false, warnings={}, databaseEnabled=false, deviceName=03157df33d91c039, platform=LINUX, desired={app=/Users/monocept/Desktop/ads-android-master/APKFile/app_google_universal_debug_813000154.apk, appPackage=com.weather.Weather, appium-version=1.4.13, noReset=false, newCommandTimeout=100000.0, autoLaunch=true, platformVersion=6.0.1, platformName=Android, deviceName=Samsung S6}, appium-version=1.4.13, newCommandTimeout=100000.0, autoLaunch=true, platformVersion=7.0, webStorageEnabled=false, locationContextEnabled=false, browserName=Android, takesScreenshot=true, javascriptEnabled=true, platformName=Android}]
Session ID: a13baac4-afb1-4d60-aac2-d17271ae7bfa
	at sun.reflect.GeneratedConstructorAccessor85.newInstance(Unknown Source)
	at sun.reflect.DelegatingConstructorAccessorImpl.newInstance(DelegatingConstructorAccessorImpl.java:45)
	at java.lang.reflect.Constructor.newInstance(Constructor.java:422)
	at org.openqa.selenium.remote.ErrorHandler.createThrowable(ErrorHandler.java:206)
	at org.openqa.selenium.remote.ErrorHandler.throwIfResponseFailed(ErrorHandler.java:158)
	at org.openqa.selenium.remote.RemoteWebDriver.execute(RemoteWebDriver.java:678)
	at io.appium.java_client.DefaultGenericMobileDriver.execute(DefaultGenericMobileDriver.java:42)
	at io.appium.java_client.AppiumDriver.execute(AppiumDriver.java:1)
	at io.appium.java_client.android.AndroidDriver.execute(AndroidDriver.java:1)
	at org.openqa.selenium.remote.RemoteWebDriver$RemoteWebDriverOptions$RemoteWindow.getSize(RemoteWebDriver.java:914)
	at twc.Automation.HandleWithApp.AppFunctions.Swipe(AppFunctions.java:907)
	at twc.Automation.HandleWithApp.AppFunctions.verify_adpresent_onextended_page(AppFunctions.java:1040)
	at twc.Automation.SmokeTestCases.smokeTestCases.Smoke_Test_Case_C333180_Verify_Ad_Is_Present_On_Extended_Daily_Page(smokeTestCases.java:254)
	at sun.reflect.NativeMethodAccessorImpl.invoke0(Native Method)
	at sun.reflect.NativeMethodAccessorImpl.invoke(NativeMethodAccessorImpl.java:62)
	at sun.reflect.DelegatingMethodAccessorImpl.invoke(DelegatingMethodAccessorImpl.java:43)
	at java.lang.reflect.Method.invoke(Method.java:497)
	at org.testng.internal.MethodInvocationHelper.invokeMethod(MethodInvocationHelper.java:85)
	at org.testng.internal.Invoker.invokeMethod(Invoker.java:659)
	at org.testng.internal.Invoker.invokeTestMethod(Invoker.java:845)
	at org.testng.internal.Invoker.invokeTestMethods(Invoker.java:1153)
	at org.testng.internal.TestMethodWorker.invokeTestMethods(TestMethodWorker.java:125)
	at org.testng.internal.TestMethodWorker.run(TestMethodWorker.java:108)
	at org.testng.TestRunner.privateRun(TestRunner.java:771)
	at org.testng.TestRunner.run(TestRunner.java:621)
	at org.testng.SuiteRunner.runTest(SuiteRunner.java:357)
	at org.testng.SuiteRunner.runSequentially(SuiteRunner.java:352)
	at org.testng.SuiteRunner.privateRun(SuiteRunner.java:310)
	at org.testng.SuiteRunner.run(SuiteRunner.java:259)
	at org.testng.SuiteRunnerWorker.runSuite(SuiteRunnerWorker.java:52)
	at org.testng.SuiteRunnerWorker.run(SuiteRunnerWorker.java:86)
	at org.testng.TestNG.runSuitesSequentially(TestNG.java:1199)
	at org.testng.TestNG.runSuitesLocally(TestNG.java:1124)
	at org.testng.TestNG.run(TestNG.java:1032)
	at org.testng.remote.AbstractRemoteTestNG.run(AbstractRemoteTestNG.java:132)
	at org.testng.remote.RemoteTestNG.initAndRun(RemoteTestNG.java:230)
	at org.testng.remote.RemoteTestNG.main(RemoteTestNG.java:76)
</stack-trace>
            </failure>
            <steps/>
            <attachments/>
            <labels>
                <label name="host" value="ravis-mbp.corp.monocept.com"/>
                <label name="thread" value="2370@ravis-mbp.corp.monocept.com.main(1)"/>
            </labels>
        </test-case>
        <test-case start="1522331605649" stop="1522331668417" status="broken">
            <name>Smoke_Test_Case_C333180_Verify_Ad_Is_Present_On_Extended_Daily_Page</name>
            <title>Verify Ad Is Present On Extended Daily Page</title>
            <failure>
                <message>WebDriverException: An unknown server-side error occurred while processing the command. (WARNING: The server did not provide any stacktrace information)
Command duration or timeout: 5 milliseconds
Build info: version: '2.51.0', revision: '1af067dbcaedd7d2ab9af5151fc471d363d97193', time: '2016-02-05 11:20:57'
System info: host: 'ravis-mbp.corp.monocept.com', ip: '192.168.1.158', os.name: 'Mac OS X', os.arch: 'x86_64', os.version: '10.12', java.version: '1.8.0_60'
Driver info: io.appium.java_client.android.AndroidDriver
Capabilities [{app=/Users/monocept/Desktop/ads-android-master/APKFile/app_google_universal_debug_813000154.apk, appPackage=com.weather.Weather, networkConnectionEnabled=true, noReset=false, warnings={}, databaseEnabled=false, deviceName=03157df33d91c039, platform=LINUX, desired={app=/Users/monocept/Desktop/ads-android-master/APKFile/app_google_universal_debug_813000154.apk, appPackage=com.weather.Weather, appium-version=1.4.13, noReset=false, newCommandTimeout=100000.0, autoLaunch=true, platformVersion=6.0.1, platformName=Android, deviceName=Samsung S6}, appium-version=1.4.13, newCommandTimeout=100000.0, autoLaunch=true, platformVersion=7.0, webStorageEnabled=false, locationContextEnabled=false, browserName=Android, takesScreenshot=true, javascriptEnabled=true, platformName=Android}]
Session ID: a13baac4-afb1-4d60-aac2-d17271ae7bfa</message>
                <stack-trace>org.openqa.selenium.WebDriverException: An unknown server-side error occurred while processing the command. (WARNING: The server did not provide any stacktrace information)
Command duration or timeout: 5 milliseconds
Build info: version: '2.51.0', revision: '1af067dbcaedd7d2ab9af5151fc471d363d97193', time: '2016-02-05 11:20:57'
System info: host: 'ravis-mbp.corp.monocept.com', ip: '192.168.1.158', os.name: 'Mac OS X', os.arch: 'x86_64', os.version: '10.12', java.version: '1.8.0_60'
Driver info: io.appium.java_client.android.AndroidDriver
Capabilities [{app=/Users/monocept/Desktop/ads-android-master/APKFile/app_google_universal_debug_813000154.apk, appPackage=com.weather.Weather, networkConnectionEnabled=true, noReset=false, warnings={}, databaseEnabled=false, deviceName=03157df33d91c039, platform=LINUX, desired={app=/Users/monocept/Desktop/ads-android-master/APKFile/app_google_universal_debug_813000154.apk, appPackage=com.weather.Weather, appium-version=1.4.13, noReset=false, newCommandTimeout=100000.0, autoLaunch=true, platformVersion=6.0.1, platformName=Android, deviceName=Samsung S6}, appium-version=1.4.13, newCommandTimeout=100000.0, autoLaunch=true, platformVersion=7.0, webStorageEnabled=false, locationContextEnabled=false, browserName=Android, takesScreenshot=true, javascriptEnabled=true, platformName=Android}]
Session ID: a13baac4-afb1-4d60-aac2-d17271ae7bfa
	at sun.reflect.GeneratedConstructorAccessor85.newInstance(Unknown Source)
	at sun.reflect.DelegatingConstructorAccessorImpl.newInstance(DelegatingConstructorAccessorImpl.java:45)
	at java.lang.reflect.Constructor.newInstance(Constructor.java:422)
	at org.openqa.selenium.remote.ErrorHandler.createThrowable(ErrorHandler.java:206)
	at org.openqa.selenium.remote.ErrorHandler.throwIfResponseFailed(ErrorHandler.java:158)
	at org.openqa.selenium.remote.RemoteWebDriver.execute(RemoteWebDriver.java:678)
	at io.appium.java_client.DefaultGenericMobileDriver.execute(DefaultGenericMobileDriver.java:42)
	at io.appium.java_client.AppiumDriver.execute(AppiumDriver.java:1)
	at io.appium.java_client.android.AndroidDriver.execute(AndroidDriver.java:1)
	at org.openqa.selenium.remote.RemoteWebDriver$RemoteWebDriverOptions$RemoteWindow.getSize(RemoteWebDriver.java:914)
	at twc.Automation.HandleWithApp.AppFunctions.Swipe(AppFunctions.java:907)
	at twc.Automation.HandleWithApp.AppFunctions.verify_adpresent_onextended_page(AppFunctions.java:1040)
	at twc.Automation.SmokeTestCases.smokeTestCases.Smoke_Test_Case_C333180_Verify_Ad_Is_Present_On_Extended_Daily_Page(smokeTestCases.java:254)
	at sun.reflect.NativeMethodAccessorImpl.invoke0(Native Method)
	at sun.reflect.NativeMethodAccessorImpl.invoke(NativeMethodAccessorImpl.java:62)
	at sun.reflect.DelegatingMethodAccessorImpl.invoke(DelegatingMethodAccessorImpl.java:43)
	at java.lang.reflect.Method.invoke(Method.java:497)
	at org.testng.internal.MethodInvocationHelper.invokeMethod(MethodInvocationHelper.java:85)
	at org.testng.internal.Invoker.invokeMethod(Invoker.java:659)
	at org.testng.internal.Invoker.invokeTestMethod(Invoker.java:845)
	at org.testng.internal.Invoker.invokeTestMethods(Invoker.java:1153)
	at org.testng.internal.TestMethodWorker.invokeTestMethods(TestMethodWorker.java:125)
	at org.testng.internal.TestMethodWorker.run(TestMethodWorker.java:108)
	at org.testng.TestRunner.privateRun(TestRunner.java:771)
	at org.testng.TestRunner.run(TestRunner.java:621)
	at org.testng.SuiteRunner.runTest(SuiteRunner.java:357)
	at org.testng.SuiteRunner.runSequentially(SuiteRunner.java:352)
	at org.testng.SuiteRunner.privateRun(SuiteRunner.java:310)
	at org.testng.SuiteRunner.run(SuiteRunner.java:259)
	at org.testng.SuiteRunnerWorker.runSuite(SuiteRunnerWorker.java:52)
	at org.testng.SuiteRunnerWorker.run(SuiteRunnerWorker.java:86)
	at org.testng.TestNG.runSuitesSequentially(TestNG.java:1199)
	at org.testng.TestNG.runSuitesLocally(TestNG.java:1124)
	at org.testng.TestNG.run(TestNG.java:1032)
	at org.testng.remote.AbstractRemoteTestNG.run(AbstractRemoteTestNG.java:132)
	at org.testng.remote.RemoteTestNG.initAndRun(RemoteTestNG.java:230)
	at org.testng.remote.RemoteTestNG.main(RemoteTestNG.java:76)
</stack-trace>
            </failure>
            <steps/>
            <attachments/>
            <labels>
                <label name="host" value="ravis-mbp.corp.monocept.com"/>
                <label name="thread" value="2370@ravis-mbp.corp.monocept.com.main(1)"/>
            </labels>
        </test-case>
        <test-case start="1522331668427" stop="1522331731030" status="broken">
            <name>Smoke_Test_Case_C333176_Verify_Ad_Is_Present_On_Extended_Map_Page</name>
            <title>Verify Ad Is Present On Extended Map Page</title>
            <failure>
                <message>WebDriverException: An unknown server-side error occurred while processing the command. (WARNING: The server did not provide any stacktrace information)
Command duration or timeout: 8 milliseconds
Build info: version: '2.51.0', revision: '1af067dbcaedd7d2ab9af5151fc471d363d97193', time: '2016-02-05 11:20:57'
System info: host: 'ravis-mbp.corp.monocept.com', ip: '192.168.1.158', os.name: 'Mac OS X', os.arch: 'x86_64', os.version: '10.12', java.version: '1.8.0_60'
Driver info: io.appium.java_client.android.AndroidDriver
Capabilities [{app=/Users/monocept/Desktop/ads-android-master/APKFile/app_google_universal_debug_813000154.apk, appPackage=com.weather.Weather, networkConnectionEnabled=true, noReset=false, warnings={}, databaseEnabled=false, deviceName=03157df33d91c039, platform=LINUX, desired={app=/Users/monocept/Desktop/ads-android-master/APKFile/app_google_universal_debug_813000154.apk, appPackage=com.weather.Weather, appium-version=1.4.13, noReset=false, newCommandTimeout=100000.0, autoLaunch=true, platformVersion=6.0.1, platformName=Android, deviceName=Samsung S6}, appium-version=1.4.13, newCommandTimeout=100000.0, autoLaunch=true, platformVersion=7.0, webStorageEnabled=false, locationContextEnabled=false, browserName=Android, takesScreenshot=true, javascriptEnabled=true, platformName=Android}]
Session ID: a13baac4-afb1-4d60-aac2-d17271ae7bfa</message>
                <stack-trace>org.openqa.selenium.WebDriverException: An unknown server-side error occurred while processing the command. (WARNING: The server did not provide any stacktrace information)
Command duration or timeout: 8 milliseconds
Build info: version: '2.51.0', revision: '1af067dbcaedd7d2ab9af5151fc471d363d97193', time: '2016-02-05 11:20:57'
System info: host: 'ravis-mbp.corp.monocept.com', ip: '192.168.1.158', os.name: 'Mac OS X', os.arch: 'x86_64', os.version: '10.12', java.version: '1.8.0_60'
Driver info: io.appium.java_client.android.AndroidDriver
Capabilities [{app=/Users/monocept/Desktop/ads-android-master/APKFile/app_google_universal_debug_813000154.apk, appPackage=com.weather.Weather, networkConnectionEnabled=true, noReset=false, warnings={}, databaseEnabled=false, deviceName=03157df33d91c039, platform=LINUX, desired={app=/Users/monocept/Desktop/ads-android-master/APKFile/app_google_universal_debug_813000154.apk, appPackage=com.weather.Weather, appium-version=1.4.13, noReset=false, newCommandTimeout=100000.0, autoLaunch=true, platformVersion=6.0.1, platformName=Android, deviceName=Samsung S6}, appium-version=1.4.13, newCommandTimeout=100000.0, autoLaunch=true, platformVersion=7.0, webStorageEnabled=false, locationContextEnabled=false, browserName=Android, takesScreenshot=true, javascriptEnabled=true, platformName=Android}]
Session ID: a13baac4-afb1-4d60-aac2-d17271ae7bfa
	at sun.reflect.GeneratedConstructorAccessor85.newInstance(Unknown Source)
	at sun.reflect.DelegatingConstructorAccessorImpl.newInstance(DelegatingConstructorAccessorImpl.java:45)
	at java.lang.reflect.Constructor.newInstance(Constructor.java:422)
	at org.openqa.selenium.remote.ErrorHandler.createThrowable(ErrorHandler.java:206)
	at org.openqa.selenium.remote.ErrorHandler.throwIfResponseFailed(ErrorHandler.java:158)
	at org.openqa.selenium.remote.RemoteWebDriver.execute(RemoteWebDriver.java:678)
	at io.appium.java_client.DefaultGenericMobileDriver.execute(DefaultGenericMobileDriver.java:42)
	at io.appium.java_client.AppiumDriver.execute(AppiumDriver.java:1)
	at io.appium.java_client.android.AndroidDriver.execute(AndroidDriver.java:1)
	at org.openqa.selenium.remote.RemoteWebDriver$RemoteWebDriverOptions$RemoteWindow.getSize(RemoteWebDriver.java:914)
	at twc.Automation.HandleWithApp.AppFunctions.Swipe(AppFunctions.java:907)
	at twc.Automation.HandleWithApp.AppFunctions.verify_adpresent_onextended_page(AppFunctions.java:1040)
	at twc.Automation.SmokeTestCases.smokeTestCases.Smoke_Test_Case_C333176_Verify_Ad_Is_Present_On_Extended_Map_Page(smokeTestCases.java:274)
	at sun.reflect.NativeMethodAccessorImpl.invoke0(Native Method)
	at sun.reflect.NativeMethodAccessorImpl.invoke(NativeMethodAccessorImpl.java:62)
	at sun.reflect.DelegatingMethodAccessorImpl.invoke(DelegatingMethodAccessorImpl.java:43)
	at java.lang.reflect.Method.invoke(Method.java:497)
	at org.testng.internal.MethodInvocationHelper.invokeMethod(MethodInvocationHelper.java:85)
	at org.testng.internal.Invoker.invokeMethod(Invoker.java:659)
	at org.testng.internal.Invoker.invokeTestMethod(Invoker.java:845)
	at org.testng.internal.Invoker.invokeTestMethods(Invoker.java:1153)
	at org.testng.internal.TestMethodWorker.invokeTestMethods(TestMethodWorker.java:125)
	at org.testng.internal.TestMethodWorker.run(TestMethodWorker.java:108)
	at org.testng.TestRunner.privateRun(TestRunner.java:771)
	at org.testng.TestRunner.run(TestRunner.java:621)
	at org.testng.SuiteRunner.runTest(SuiteRunner.java:357)
	at org.testng.SuiteRunner.runSequentially(SuiteRunner.java:352)
	at org.testng.SuiteRunner.privateRun(SuiteRunner.java:310)
	at org.testng.SuiteRunner.run(SuiteRunner.java:259)
	at org.testng.SuiteRunnerWorker.runSuite(SuiteRunnerWorker.java:52)
	at org.testng.SuiteRunnerWorker.run(SuiteRunnerWorker.java:86)
	at org.testng.TestNG.runSuitesSequentially(TestNG.java:1199)
	at org.testng.TestNG.runSuitesLocally(TestNG.java:1124)
	at org.testng.TestNG.run(TestNG.java:1032)
	at org.testng.remote.AbstractRemoteTestNG.run(AbstractRemoteTestNG.java:132)
	at org.testng.remote.RemoteTestNG.initAndRun(RemoteTestNG.java:230)
	at org.testng.remote.RemoteTestNG.main(RemoteTestNG.java:76)
</stack-trace>
            </failure>
            <steps/>
            <attachments/>
            <labels>
                <label name="host" value="ravis-mbp.corp.monocept.com"/>
                <label name="thread" value="2370@ravis-mbp.corp.monocept.com.main(1)"/>
            </labels>
        </test-case>
        <test-case start="1522331668427" stop="1522331731030" status="broken">
            <name>Smoke_Test_Case_C333176_Verify_Ad_Is_Present_On_Extended_Map_Page</name>
            <title>Verify Ad Is Present On Extended Map Page</title>
            <failure>
                <message>WebDriverException: An unknown server-side error occurred while processing the command. (WARNING: The server did not provide any stacktrace information)
Command duration or timeout: 8 milliseconds
Build info: version: '2.51.0', revision: '1af067dbcaedd7d2ab9af5151fc471d363d97193', time: '2016-02-05 11:20:57'
System info: host: 'ravis-mbp.corp.monocept.com', ip: '192.168.1.158', os.name: 'Mac OS X', os.arch: 'x86_64', os.version: '10.12', java.version: '1.8.0_60'
Driver info: io.appium.java_client.android.AndroidDriver
Capabilities [{app=/Users/monocept/Desktop/ads-android-master/APKFile/app_google_universal_debug_813000154.apk, appPackage=com.weather.Weather, networkConnectionEnabled=true, noReset=false, warnings={}, databaseEnabled=false, deviceName=03157df33d91c039, platform=LINUX, desired={app=/Users/monocept/Desktop/ads-android-master/APKFile/app_google_universal_debug_813000154.apk, appPackage=com.weather.Weather, appium-version=1.4.13, noReset=false, newCommandTimeout=100000.0, autoLaunch=true, platformVersion=6.0.1, platformName=Android, deviceName=Samsung S6}, appium-version=1.4.13, newCommandTimeout=100000.0, autoLaunch=true, platformVersion=7.0, webStorageEnabled=false, locationContextEnabled=false, browserName=Android, takesScreenshot=true, javascriptEnabled=true, platformName=Android}]
Session ID: a13baac4-afb1-4d60-aac2-d17271ae7bfa</message>
                <stack-trace>org.openqa.selenium.WebDriverException: An unknown server-side error occurred while processing the command. (WARNING: The server did not provide any stacktrace information)
Command duration or timeout: 8 milliseconds
Build info: version: '2.51.0', revision: '1af067dbcaedd7d2ab9af5151fc471d363d97193', time: '2016-02-05 11:20:57'
System info: host: 'ravis-mbp.corp.monocept.com', ip: '192.168.1.158', os.name: 'Mac OS X', os.arch: 'x86_64', os.version: '10.12', java.version: '1.8.0_60'
Driver info: io.appium.java_client.android.AndroidDriver
Capabilities [{app=/Users/monocept/Desktop/ads-android-master/APKFile/app_google_universal_debug_813000154.apk, appPackage=com.weather.Weather, networkConnectionEnabled=true, noReset=false, warnings={}, databaseEnabled=false, deviceName=03157df33d91c039, platform=LINUX, desired={app=/Users/monocept/Desktop/ads-android-master/APKFile/app_google_universal_debug_813000154.apk, appPackage=com.weather.Weather, appium-version=1.4.13, noReset=false, newCommandTimeout=100000.0, autoLaunch=true, platformVersion=6.0.1, platformName=Android, deviceName=Samsung S6}, appium-version=1.4.13, newCommandTimeout=100000.0, autoLaunch=true, platformVersion=7.0, webStorageEnabled=false, locationContextEnabled=false, browserName=Android, takesScreenshot=true, javascriptEnabled=true, platformName=Android}]
Session ID: a13baac4-afb1-4d60-aac2-d17271ae7bfa
	at sun.reflect.GeneratedConstructorAccessor85.newInstance(Unknown Source)
	at sun.reflect.DelegatingConstructorAccessorImpl.newInstance(DelegatingConstructorAccessorImpl.java:45)
	at java.lang.reflect.Constructor.newInstance(Constructor.java:422)
	at org.openqa.selenium.remote.ErrorHandler.createThrowable(ErrorHandler.java:206)
	at org.openqa.selenium.remote.ErrorHandler.throwIfResponseFailed(ErrorHandler.java:158)
	at org.openqa.selenium.remote.RemoteWebDriver.execute(RemoteWebDriver.java:678)
	at io.appium.java_client.DefaultGenericMobileDriver.execute(DefaultGenericMobileDriver.java:42)
	at io.appium.java_client.AppiumDriver.execute(AppiumDriver.java:1)
	at io.appium.java_client.android.AndroidDriver.execute(AndroidDriver.java:1)
	at org.openqa.selenium.remote.RemoteWebDriver$RemoteWebDriverOptions$RemoteWindow.getSize(RemoteWebDriver.java:914)
	at twc.Automation.HandleWithApp.AppFunctions.Swipe(AppFunctions.java:907)
	at twc.Automation.HandleWithApp.AppFunctions.verify_adpresent_onextended_page(AppFunctions.java:1040)
	at twc.Automation.SmokeTestCases.smokeTestCases.Smoke_Test_Case_C333176_Verify_Ad_Is_Present_On_Extended_Map_Page(smokeTestCases.java:274)
	at sun.reflect.NativeMethodAccessorImpl.invoke0(Native Method)
	at sun.reflect.NativeMethodAccessorImpl.invoke(NativeMethodAccessorImpl.java:62)
	at sun.reflect.DelegatingMethodAccessorImpl.invoke(DelegatingMethodAccessorImpl.java:43)
	at java.lang.reflect.Method.invoke(Method.java:497)
	at org.testng.internal.MethodInvocationHelper.invokeMethod(MethodInvocationHelper.java:85)
	at org.testng.internal.Invoker.invokeMethod(Invoker.java:659)
	at org.testng.internal.Invoker.invokeTestMethod(Invoker.java:845)
	at org.testng.internal.Invoker.invokeTestMethods(Invoker.java:1153)
	at org.testng.internal.TestMethodWorker.invokeTestMethods(TestMethodWorker.java:125)
	at org.testng.internal.TestMethodWorker.run(TestMethodWorker.java:108)
	at org.testng.TestRunner.privateRun(TestRunner.java:771)
	at org.testng.TestRunner.run(TestRunner.java:621)
	at org.testng.SuiteRunner.runTest(SuiteRunner.java:357)
	at org.testng.SuiteRunner.runSequentially(SuiteRunner.java:352)
	at org.testng.SuiteRunner.privateRun(SuiteRunner.java:310)
	at org.testng.SuiteRunner.run(SuiteRunner.java:259)
	at org.testng.SuiteRunnerWorker.runSuite(SuiteRunnerWorker.java:52)
	at org.testng.SuiteRunnerWorker.run(SuiteRunnerWorker.java:86)
	at org.testng.TestNG.runSuitesSequentially(TestNG.java:1199)
	at org.testng.TestNG.runSuitesLocally(TestNG.java:1124)
	at org.testng.TestNG.run(TestNG.java:1032)
	at org.testng.remote.AbstractRemoteTestNG.run(AbstractRemoteTestNG.java:132)
	at org.testng.remote.RemoteTestNG.initAndRun(RemoteTestNG.java:230)
	at org.testng.remote.RemoteTestNG.main(RemoteTestNG.java:76)
</stack-trace>
            </failure>
            <steps/>
            <attachments/>
            <labels>
                <label name="host" value="ravis-mbp.corp.monocept.com"/>
                <label name="thread" value="2370@ravis-mbp.corp.monocept.com.main(1)"/>
            </labels>
        </test-case>
        <test-case start="1522331731033" stop="1522331793669" status="broken">
            <name>Smoke_Test_Case_C333175_Verify_Ad_Is_Present_On_Extended_News_Page</name>
            <title>Verify Ad Is Present On Extended News Page</title>
            <failure>
                <message>WebDriverException: An unknown server-side error occurred while processing the command. (WARNING: The server did not provide any stacktrace information)
Command duration or timeout: 4 milliseconds
Build info: version: '2.51.0', revision: '1af067dbcaedd7d2ab9af5151fc471d363d97193', time: '2016-02-05 11:20:57'
System info: host: 'ravis-mbp.corp.monocept.com', ip: '192.168.1.158', os.name: 'Mac OS X', os.arch: 'x86_64', os.version: '10.12', java.version: '1.8.0_60'
Driver info: io.appium.java_client.android.AndroidDriver
Capabilities [{app=/Users/monocept/Desktop/ads-android-master/APKFile/app_google_universal_debug_813000154.apk, appPackage=com.weather.Weather, networkConnectionEnabled=true, noReset=false, warnings={}, databaseEnabled=false, deviceName=03157df33d91c039, platform=LINUX, desired={app=/Users/monocept/Desktop/ads-android-master/APKFile/app_google_universal_debug_813000154.apk, appPackage=com.weather.Weather, appium-version=1.4.13, noReset=false, newCommandTimeout=100000.0, autoLaunch=true, platformVersion=6.0.1, platformName=Android, deviceName=Samsung S6}, appium-version=1.4.13, newCommandTimeout=100000.0, autoLaunch=true, platformVersion=7.0, webStorageEnabled=false, locationContextEnabled=false, browserName=Android, takesScreenshot=true, javascriptEnabled=true, platformName=Android}]
Session ID: a13baac4-afb1-4d60-aac2-d17271ae7bfa</message>
                <stack-trace>org.openqa.selenium.WebDriverException: An unknown server-side error occurred while processing the command. (WARNING: The server did not provide any stacktrace information)
Command duration or timeout: 4 milliseconds
Build info: version: '2.51.0', revision: '1af067dbcaedd7d2ab9af5151fc471d363d97193', time: '2016-02-05 11:20:57'
System info: host: 'ravis-mbp.corp.monocept.com', ip: '192.168.1.158', os.name: 'Mac OS X', os.arch: 'x86_64', os.version: '10.12', java.version: '1.8.0_60'
Driver info: io.appium.java_client.android.AndroidDriver
Capabilities [{app=/Users/monocept/Desktop/ads-android-master/APKFile/app_google_universal_debug_813000154.apk, appPackage=com.weather.Weather, networkConnectionEnabled=true, noReset=false, warnings={}, databaseEnabled=false, deviceName=03157df33d91c039, platform=LINUX, desired={app=/Users/monocept/Desktop/ads-android-master/APKFile/app_google_universal_debug_813000154.apk, appPackage=com.weather.Weather, appium-version=1.4.13, noReset=false, newCommandTimeout=100000.0, autoLaunch=true, platformVersion=6.0.1, platformName=Android, deviceName=Samsung S6}, appium-version=1.4.13, newCommandTimeout=100000.0, autoLaunch=true, platformVersion=7.0, webStorageEnabled=false, locationContextEnabled=false, browserName=Android, takesScreenshot=true, javascriptEnabled=true, platformName=Android}]
Session ID: a13baac4-afb1-4d60-aac2-d17271ae7bfa
	at sun.reflect.GeneratedConstructorAccessor85.newInstance(Unknown Source)
	at sun.reflect.DelegatingConstructorAccessorImpl.newInstance(DelegatingConstructorAccessorImpl.java:45)
	at java.lang.reflect.Constructor.newInstance(Constructor.java:422)
	at org.openqa.selenium.remote.ErrorHandler.createThrowable(ErrorHandler.java:206)
	at org.openqa.selenium.remote.ErrorHandler.throwIfResponseFailed(ErrorHandler.java:158)
	at org.openqa.selenium.remote.RemoteWebDriver.execute(RemoteWebDriver.java:678)
	at io.appium.java_client.DefaultGenericMobileDriver.execute(DefaultGenericMobileDriver.java:42)
	at io.appium.java_client.AppiumDriver.execute(AppiumDriver.java:1)
	at io.appium.java_client.android.AndroidDriver.execute(AndroidDriver.java:1)
	at org.openqa.selenium.remote.RemoteWebDriver$RemoteWebDriverOptions$RemoteWindow.getSize(RemoteWebDriver.java:914)
	at twc.Automation.HandleWithApp.AppFunctions.Swipe(AppFunctions.java:907)
	at twc.Automation.HandleWithApp.AppFunctions.verify_adpresent_onextended_page(AppFunctions.java:1040)
	at twc.Automation.SmokeTestCases.smokeTestCases.Smoke_Test_Case_C333175_Verify_Ad_Is_Present_On_Extended_News_Page(smokeTestCases.java:294)
	at sun.reflect.NativeMethodAccessorImpl.invoke0(Native Method)
	at sun.reflect.NativeMethodAccessorImpl.invoke(NativeMethodAccessorImpl.java:62)
	at sun.reflect.DelegatingMethodAccessorImpl.invoke(DelegatingMethodAccessorImpl.java:43)
	at java.lang.reflect.Method.invoke(Method.java:497)
	at org.testng.internal.MethodInvocationHelper.invokeMethod(MethodInvocationHelper.java:85)
	at org.testng.internal.Invoker.invokeMethod(Invoker.java:659)
	at org.testng.internal.Invoker.invokeTestMethod(Invoker.java:845)
	at org.testng.internal.Invoker.invokeTestMethods(Invoker.java:1153)
	at org.testng.internal.TestMethodWorker.invokeTestMethods(TestMethodWorker.java:125)
	at org.testng.internal.TestMethodWorker.run(TestMethodWorker.java:108)
	at org.testng.TestRunner.privateRun(TestRunner.java:771)
	at org.testng.TestRunner.run(TestRunner.java:621)
	at org.testng.SuiteRunner.runTest(SuiteRunner.java:357)
	at org.testng.SuiteRunner.runSequentially(SuiteRunner.java:352)
	at org.testng.SuiteRunner.privateRun(SuiteRunner.java:310)
	at org.testng.SuiteRunner.run(SuiteRunner.java:259)
	at org.testng.SuiteRunnerWorker.runSuite(SuiteRunnerWorker.java:52)
	at org.testng.SuiteRunnerWorker.run(SuiteRunnerWorker.java:86)
	at org.testng.TestNG.runSuitesSequentially(TestNG.java:1199)
	at org.testng.TestNG.runSuitesLocally(TestNG.java:1124)
	at org.testng.TestNG.run(TestNG.java:1032)
	at org.testng.remote.AbstractRemoteTestNG.run(AbstractRemoteTestNG.java:132)
	at org.testng.remote.RemoteTestNG.initAndRun(RemoteTestNG.java:230)
	at org.testng.remote.RemoteTestNG.main(RemoteTestNG.java:76)
</stack-trace>
            </failure>
            <steps/>
            <attachments/>
            <labels>
                <label name="host" value="ravis-mbp.corp.monocept.com"/>
                <label name="thread" value="2370@ravis-mbp.corp.monocept.com.main(1)"/>
            </labels>
        </test-case>
        <test-case start="1522331731033" stop="1522331793669" status="broken">
            <name>Smoke_Test_Case_C333175_Verify_Ad_Is_Present_On_Extended_News_Page</name>
            <title>Verify Ad Is Present On Extended News Page</title>
            <failure>
                <message>WebDriverException: An unknown server-side error occurred while processing the command. (WARNING: The server did not provide any stacktrace information)
Command duration or timeout: 4 milliseconds
Build info: version: '2.51.0', revision: '1af067dbcaedd7d2ab9af5151fc471d363d97193', time: '2016-02-05 11:20:57'
System info: host: 'ravis-mbp.corp.monocept.com', ip: '192.168.1.158', os.name: 'Mac OS X', os.arch: 'x86_64', os.version: '10.12', java.version: '1.8.0_60'
Driver info: io.appium.java_client.android.AndroidDriver
Capabilities [{app=/Users/monocept/Desktop/ads-android-master/APKFile/app_google_universal_debug_813000154.apk, appPackage=com.weather.Weather, networkConnectionEnabled=true, noReset=false, warnings={}, databaseEnabled=false, deviceName=03157df33d91c039, platform=LINUX, desired={app=/Users/monocept/Desktop/ads-android-master/APKFile/app_google_universal_debug_813000154.apk, appPackage=com.weather.Weather, appium-version=1.4.13, noReset=false, newCommandTimeout=100000.0, autoLaunch=true, platformVersion=6.0.1, platformName=Android, deviceName=Samsung S6}, appium-version=1.4.13, newCommandTimeout=100000.0, autoLaunch=true, platformVersion=7.0, webStorageEnabled=false, locationContextEnabled=false, browserName=Android, takesScreenshot=true, javascriptEnabled=true, platformName=Android}]
Session ID: a13baac4-afb1-4d60-aac2-d17271ae7bfa</message>
                <stack-trace>org.openqa.selenium.WebDriverException: An unknown server-side error occurred while processing the command. (WARNING: The server did not provide any stacktrace information)
Command duration or timeout: 4 milliseconds
Build info: version: '2.51.0', revision: '1af067dbcaedd7d2ab9af5151fc471d363d97193', time: '2016-02-05 11:20:57'
System info: host: 'ravis-mbp.corp.monocept.com', ip: '192.168.1.158', os.name: 'Mac OS X', os.arch: 'x86_64', os.version: '10.12', java.version: '1.8.0_60'
Driver info: io.appium.java_client.android.AndroidDriver
Capabilities [{app=/Users/monocept/Desktop/ads-android-master/APKFile/app_google_universal_debug_813000154.apk, appPackage=com.weather.Weather, networkConnectionEnabled=true, noReset=false, warnings={}, databaseEnabled=false, deviceName=03157df33d91c039, platform=LINUX, desired={app=/Users/monocept/Desktop/ads-android-master/APKFile/app_google_universal_debug_813000154.apk, appPackage=com.weather.Weather, appium-version=1.4.13, noReset=false, newCommandTimeout=100000.0, autoLaunch=true, platformVersion=6.0.1, platformName=Android, deviceName=Samsung S6}, appium-version=1.4.13, newCommandTimeout=100000.0, autoLaunch=true, platformVersion=7.0, webStorageEnabled=false, locationContextEnabled=false, browserName=Android, takesScreenshot=true, javascriptEnabled=true, platformName=Android}]
Session ID: a13baac4-afb1-4d60-aac2-d17271ae7bfa
	at sun.reflect.GeneratedConstructorAccessor85.newInstance(Unknown Source)
	at sun.reflect.DelegatingConstructorAccessorImpl.newInstance(DelegatingConstructorAccessorImpl.java:45)
	at java.lang.reflect.Constructor.newInstance(Constructor.java:422)
	at org.openqa.selenium.remote.ErrorHandler.createThrowable(ErrorHandler.java:206)
	at org.openqa.selenium.remote.ErrorHandler.throwIfResponseFailed(ErrorHandler.java:158)
	at org.openqa.selenium.remote.RemoteWebDriver.execute(RemoteWebDriver.java:678)
	at io.appium.java_client.DefaultGenericMobileDriver.execute(DefaultGenericMobileDriver.java:42)
	at io.appium.java_client.AppiumDriver.execute(AppiumDriver.java:1)
	at io.appium.java_client.android.AndroidDriver.execute(AndroidDriver.java:1)
	at org.openqa.selenium.remote.RemoteWebDriver$RemoteWebDriverOptions$RemoteWindow.getSize(RemoteWebDriver.java:914)
	at twc.Automation.HandleWithApp.AppFunctions.Swipe(AppFunctions.java:907)
	at twc.Automation.HandleWithApp.AppFunctions.verify_adpresent_onextended_page(AppFunctions.java:1040)
	at twc.Automation.SmokeTestCases.smokeTestCases.Smoke_Test_Case_C333175_Verify_Ad_Is_Present_On_Extended_News_Page(smokeTestCases.java:294)
	at sun.reflect.NativeMethodAccessorImpl.invoke0(Native Method)
	at sun.reflect.NativeMethodAccessorImpl.invoke(NativeMethodAccessorImpl.java:62)
	at sun.reflect.DelegatingMethodAccessorImpl.invoke(DelegatingMethodAccessorImpl.java:43)
	at java.lang.reflect.Method.invoke(Method.java:497)
	at org.testng.internal.MethodInvocationHelper.invokeMethod(MethodInvocationHelper.java:85)
	at org.testng.internal.Invoker.invokeMethod(Invoker.java:659)
	at org.testng.internal.Invoker.invokeTestMethod(Invoker.java:845)
	at org.testng.internal.Invoker.invokeTestMethods(Invoker.java:1153)
	at org.testng.internal.TestMethodWorker.invokeTestMethods(TestMethodWorker.java:125)
	at org.testng.internal.TestMethodWorker.run(TestMethodWorker.java:108)
	at org.testng.TestRunner.privateRun(TestRunner.java:771)
	at org.testng.TestRunner.run(TestRunner.java:621)
	at org.testng.SuiteRunner.runTest(SuiteRunner.java:357)
	at org.testng.SuiteRunner.runSequentially(SuiteRunner.java:352)
	at org.testng.SuiteRunner.privateRun(SuiteRunner.java:310)
	at org.testng.SuiteRunner.run(SuiteRunner.java:259)
	at org.testng.SuiteRunnerWorker.runSuite(SuiteRunnerWorker.java:52)
	at org.testng.SuiteRunnerWorker.run(SuiteRunnerWorker.java:86)
	at org.testng.TestNG.runSuitesSequentially(TestNG.java:1199)
	at org.testng.TestNG.runSuitesLocally(TestNG.java:1124)
	at org.testng.TestNG.run(TestNG.java:1032)
	at org.testng.remote.AbstractRemoteTestNG.run(AbstractRemoteTestNG.java:132)
	at org.testng.remote.RemoteTestNG.initAndRun(RemoteTestNG.java:230)
	at org.testng.remote.RemoteTestNG.main(RemoteTestNG.java:76)
</stack-trace>
            </failure>
            <steps/>
            <attachments/>
            <labels>
                <label name="host" value="ravis-mbp.corp.monocept.com"/>
                <label name="thread" value="2370@ravis-mbp.corp.monocept.com.main(1)"/>
            </labels>
        </test-case>
    </test-cases>
    <labels>
        <label name="framework" value="TestNG"/>
        <label name="language" value="JAVA"/>
    </labels>
</ns2:test-suite>
