<?xml version="1.0" encoding="UTF-8" standalone="yes"?>
<ns2:test-suite start="1522320881928" stop="1522323156453" version="1.4.16" xmlns:ns2="urn:model.allure.qatools.yandex.ru">
    <name>Default suite : Default test</name>
    <title>Default suite : Default test</title>
    <test-cases>
        <test-case start="1522321113007" stop="1522321113009" status="passed">
            <name>Smoke_Test_Case_C415129_Verify_Weatherfx_API_Call_Response_When_User_Selects_Contextual_Locations</name>
            <title>Verify WeatherFx API Call Response When User Selects Contextual Locations</title>
            <steps/>
            <attachments/>
            <labels>
                <label name="host" value="ravis-mbp.corp.monocept.com"/>
                <label name="thread" value="85186@ravis-mbp.corp.monocept.com.main(1)"/>
            </labels>
        </test-case>
        <test-case start="1522321113007" stop="1522321113009" status="passed">
            <name>Smoke_Test_Case_C415129_Verify_Weatherfx_API_Call_Response_When_User_Selects_Contextual_Locations</name>
            <title>Verify WeatherFx API Call Response When User Selects Contextual Locations</title>
            <steps/>
            <attachments/>
            <labels>
                <label name="host" value="ravis-mbp.corp.monocept.com"/>
                <label name="thread" value="85186@ravis-mbp.corp.monocept.com.main(1)"/>
            </labels>
        </test-case>
        <test-case start="1522321113088" stop="1522321117137" status="broken">
            <name>Smoke_Test_Case_C333173_Verify_WeatherFX_API_Request_For_Wfxtg_Value</name>
            <title>Verify WeatherFX API Request For Wfxtg Value</title>
            <failure>
                <message>NullPointerException: null</message>
                <stack-trace>java.lang.NullPointerException
	at twc.Automation.ReadDataFromFile.read_xml_data_into_buffer.read_xml_file_into_buffer_string(read_xml_data_into_buffer.java:55)
	at twc.Automation.General.Functions.get_Wfxtg_values(Functions.java:730)
	at twc.Automation.General.Functions.validate_Wfxtg_Value_With_Pubads_Call(Functions.java:217)
	at twc.Automation.SmokeTestCases.smokeTestCases.Smoke_Test_Case_C333173_Verify_WeatherFX_API_Request_For_Wfxtg_Value(smokeTestCases.java:153)
	at sun.reflect.NativeMethodAccessorImpl.invoke0(Native Method)
	at sun.reflect.NativeMethodAccessorImpl.invoke(NativeMethodAccessorImpl.java:62)
	at sun.reflect.DelegatingMethodAccessorImpl.invoke(DelegatingMethodAccessorImpl.java:43)
	at java.lang.reflect.Method.invoke(Method.java:497)
	at org.testng.internal.MethodInvocationHelper.invokeMethod(MethodInvocationHelper.java:85)
	at org.testng.internal.Invoker.invokeMethod(Invoker.java:659)
	at org.testng.internal.Invoker.invokeTestMethod(Invoker.java:845)
	at org.testng.internal.Invoker.invokeTestMethods(Invoker.java:1153)
	at org.testng.internal.TestMethodWorker.invokeTestMethods(TestMethodWorker.java:125)
	at org.testng.internal.TestMethodWorker.run(TestMethodWorker.java:108)
	at org.testng.TestRunner.privateRun(TestRunner.java:771)
	at org.testng.TestRunner.run(TestRunner.java:621)
	at org.testng.SuiteRunner.runTest(SuiteRunner.java:357)
	at org.testng.SuiteRunner.runSequentially(SuiteRunner.java:352)
	at org.testng.SuiteRunner.privateRun(SuiteRunner.java:310)
	at org.testng.SuiteRunner.run(SuiteRunner.java:259)
	at org.testng.SuiteRunnerWorker.runSuite(SuiteRunnerWorker.java:52)
	at org.testng.SuiteRunnerWorker.run(SuiteRunnerWorker.java:86)
	at org.testng.TestNG.runSuitesSequentially(TestNG.java:1199)
	at org.testng.TestNG.runSuitesLocally(TestNG.java:1124)
	at org.testng.TestNG.run(TestNG.java:1032)
	at org.testng.remote.AbstractRemoteTestNG.run(AbstractRemoteTestNG.java:132)
	at org.testng.remote.RemoteTestNG.initAndRun(RemoteTestNG.java:230)
	at org.testng.remote.RemoteTestNG.main(RemoteTestNG.java:76)
</stack-trace>
            </failure>
            <steps/>
            <attachments/>
            <labels>
                <label name="host" value="ravis-mbp.corp.monocept.com"/>
                <label name="thread" value="85186@ravis-mbp.corp.monocept.com.main(1)"/>
            </labels>
        </test-case>
        <test-case start="1522321113088" stop="1522321117137" status="broken">
            <name>Smoke_Test_Case_C333173_Verify_WeatherFX_API_Request_For_Wfxtg_Value</name>
            <title>Verify WeatherFX API Request For Wfxtg Value</title>
            <failure>
                <message>NullPointerException: null</message>
                <stack-trace>java.lang.NullPointerException
	at twc.Automation.ReadDataFromFile.read_xml_data_into_buffer.read_xml_file_into_buffer_string(read_xml_data_into_buffer.java:55)
	at twc.Automation.General.Functions.get_Wfxtg_values(Functions.java:730)
	at twc.Automation.General.Functions.validate_Wfxtg_Value_With_Pubads_Call(Functions.java:217)
	at twc.Automation.SmokeTestCases.smokeTestCases.Smoke_Test_Case_C333173_Verify_WeatherFX_API_Request_For_Wfxtg_Value(smokeTestCases.java:153)
	at sun.reflect.NativeMethodAccessorImpl.invoke0(Native Method)
	at sun.reflect.NativeMethodAccessorImpl.invoke(NativeMethodAccessorImpl.java:62)
	at sun.reflect.DelegatingMethodAccessorImpl.invoke(DelegatingMethodAccessorImpl.java:43)
	at java.lang.reflect.Method.invoke(Method.java:497)
	at org.testng.internal.MethodInvocationHelper.invokeMethod(MethodInvocationHelper.java:85)
	at org.testng.internal.Invoker.invokeMethod(Invoker.java:659)
	at org.testng.internal.Invoker.invokeTestMethod(Invoker.java:845)
	at org.testng.internal.Invoker.invokeTestMethods(Invoker.java:1153)
	at org.testng.internal.TestMethodWorker.invokeTestMethods(TestMethodWorker.java:125)
	at org.testng.internal.TestMethodWorker.run(TestMethodWorker.java:108)
	at org.testng.TestRunner.privateRun(TestRunner.java:771)
	at org.testng.TestRunner.run(TestRunner.java:621)
	at org.testng.SuiteRunner.runTest(SuiteRunner.java:357)
	at org.testng.SuiteRunner.runSequentially(SuiteRunner.java:352)
	at org.testng.SuiteRunner.privateRun(SuiteRunner.java:310)
	at org.testng.SuiteRunner.run(SuiteRunner.java:259)
	at org.testng.SuiteRunnerWorker.runSuite(SuiteRunnerWorker.java:52)
	at org.testng.SuiteRunnerWorker.run(SuiteRunnerWorker.java:86)
	at org.testng.TestNG.runSuitesSequentially(TestNG.java:1199)
	at org.testng.TestNG.runSuitesLocally(TestNG.java:1124)
	at org.testng.TestNG.run(TestNG.java:1032)
	at org.testng.remote.AbstractRemoteTestNG.run(AbstractRemoteTestNG.java:132)
	at org.testng.remote.RemoteTestNG.initAndRun(RemoteTestNG.java:230)
	at org.testng.remote.RemoteTestNG.main(RemoteTestNG.java:76)
</stack-trace>
            </failure>
            <steps/>
            <attachments/>
            <labels>
                <label name="host" value="ravis-mbp.corp.monocept.com"/>
                <label name="thread" value="85186@ravis-mbp.corp.monocept.com.main(1)"/>
            </labels>
        </test-case>
        <test-case start="1522321117140" stop="1522321121172" status="broken">
            <name>Smoke_Test_Case_C333173_Verify_WeatherFX_API_Request_For_Wfxtg_Value</name>
            <title>Verify WeatherFX API Request For Wfxtg Value</title>
            <failure>
                <message>NullPointerException: null</message>
                <stack-trace>java.lang.NullPointerException
	at twc.Automation.ReadDataFromFile.read_xml_data_into_buffer.read_xml_file_into_buffer_string(read_xml_data_into_buffer.java:55)
	at twc.Automation.General.Functions.get_Wfxtg_values(Functions.java:730)
	at twc.Automation.General.Functions.validate_Wfxtg_Value_With_Pubads_Call(Functions.java:217)
	at twc.Automation.SmokeTestCases.smokeTestCases.Smoke_Test_Case_C333173_Verify_WeatherFX_API_Request_For_Wfxtg_Value(smokeTestCases.java:150)
	at sun.reflect.NativeMethodAccessorImpl.invoke0(Native Method)
	at sun.reflect.NativeMethodAccessorImpl.invoke(NativeMethodAccessorImpl.java:62)
	at sun.reflect.DelegatingMethodAccessorImpl.invoke(DelegatingMethodAccessorImpl.java:43)
	at java.lang.reflect.Method.invoke(Method.java:497)
	at org.testng.internal.MethodInvocationHelper.invokeMethod(MethodInvocationHelper.java:85)
	at org.testng.internal.Invoker.invokeMethod(Invoker.java:659)
	at org.testng.internal.Invoker.retryFailed(Invoker.java:991)
	at org.testng.internal.Invoker.invokeTestMethods(Invoker.java:1171)
	at org.testng.internal.TestMethodWorker.invokeTestMethods(TestMethodWorker.java:125)
	at org.testng.internal.TestMethodWorker.run(TestMethodWorker.java:108)
	at org.testng.TestRunner.privateRun(TestRunner.java:771)
	at org.testng.TestRunner.run(TestRunner.java:621)
	at org.testng.SuiteRunner.runTest(SuiteRunner.java:357)
	at org.testng.SuiteRunner.runSequentially(SuiteRunner.java:352)
	at org.testng.SuiteRunner.privateRun(SuiteRunner.java:310)
	at org.testng.SuiteRunner.run(SuiteRunner.java:259)
	at org.testng.SuiteRunnerWorker.runSuite(SuiteRunnerWorker.java:52)
	at org.testng.SuiteRunnerWorker.run(SuiteRunnerWorker.java:86)
	at org.testng.TestNG.runSuitesSequentially(TestNG.java:1199)
	at org.testng.TestNG.runSuitesLocally(TestNG.java:1124)
	at org.testng.TestNG.run(TestNG.java:1032)
	at org.testng.remote.AbstractRemoteTestNG.run(AbstractRemoteTestNG.java:132)
	at org.testng.remote.RemoteTestNG.initAndRun(RemoteTestNG.java:230)
	at org.testng.remote.RemoteTestNG.main(RemoteTestNG.java:76)
</stack-trace>
            </failure>
            <steps/>
            <attachments/>
            <labels>
                <label name="host" value="ravis-mbp.corp.monocept.com"/>
                <label name="thread" value="85186@ravis-mbp.corp.monocept.com.main(1)"/>
            </labels>
        </test-case>
        <test-case start="1522321117140" stop="1522321121172" status="broken">
            <name>Smoke_Test_Case_C333173_Verify_WeatherFX_API_Request_For_Wfxtg_Value</name>
            <title>Verify WeatherFX API Request For Wfxtg Value</title>
            <failure>
                <message>NullPointerException: null</message>
                <stack-trace>java.lang.NullPointerException
	at twc.Automation.ReadDataFromFile.read_xml_data_into_buffer.read_xml_file_into_buffer_string(read_xml_data_into_buffer.java:55)
	at twc.Automation.General.Functions.get_Wfxtg_values(Functions.java:730)
	at twc.Automation.General.Functions.validate_Wfxtg_Value_With_Pubads_Call(Functions.java:217)
	at twc.Automation.SmokeTestCases.smokeTestCases.Smoke_Test_Case_C333173_Verify_WeatherFX_API_Request_For_Wfxtg_Value(smokeTestCases.java:150)
	at sun.reflect.NativeMethodAccessorImpl.invoke0(Native Method)
	at sun.reflect.NativeMethodAccessorImpl.invoke(NativeMethodAccessorImpl.java:62)
	at sun.reflect.DelegatingMethodAccessorImpl.invoke(DelegatingMethodAccessorImpl.java:43)
	at java.lang.reflect.Method.invoke(Method.java:497)
	at org.testng.internal.MethodInvocationHelper.invokeMethod(MethodInvocationHelper.java:85)
	at org.testng.internal.Invoker.invokeMethod(Invoker.java:659)
	at org.testng.internal.Invoker.retryFailed(Invoker.java:991)
	at org.testng.internal.Invoker.invokeTestMethods(Invoker.java:1171)
	at org.testng.internal.TestMethodWorker.invokeTestMethods(TestMethodWorker.java:125)
	at org.testng.internal.TestMethodWorker.run(TestMethodWorker.java:108)
	at org.testng.TestRunner.privateRun(TestRunner.java:771)
	at org.testng.TestRunner.run(TestRunner.java:621)
	at org.testng.SuiteRunner.runTest(SuiteRunner.java:357)
	at org.testng.SuiteRunner.runSequentially(SuiteRunner.java:352)
	at org.testng.SuiteRunner.privateRun(SuiteRunner.java:310)
	at org.testng.SuiteRunner.run(SuiteRunner.java:259)
	at org.testng.SuiteRunnerWorker.runSuite(SuiteRunnerWorker.java:52)
	at org.testng.SuiteRunnerWorker.run(SuiteRunnerWorker.java:86)
	at org.testng.TestNG.runSuitesSequentially(TestNG.java:1199)
	at org.testng.TestNG.runSuitesLocally(TestNG.java:1124)
	at org.testng.TestNG.run(TestNG.java:1032)
	at org.testng.remote.AbstractRemoteTestNG.run(AbstractRemoteTestNG.java:132)
	at org.testng.remote.RemoteTestNG.initAndRun(RemoteTestNG.java:230)
	at org.testng.remote.RemoteTestNG.main(RemoteTestNG.java:76)
</stack-trace>
            </failure>
            <steps/>
            <attachments/>
            <labels>
                <label name="host" value="ravis-mbp.corp.monocept.com"/>
                <label name="thread" value="85186@ravis-mbp.corp.monocept.com.main(1)"/>
            </labels>
        </test-case>
        <test-case start="1522321121183" stop="1522321121207" status="broken">
            <name>Smoke_Test_Case_C333174_Verify_Factual_Call</name>
            <title>Verify Factual Call</title>
            <failure>
                <message>NullPointerException: null</message>
                <stack-trace>java.lang.NullPointerException
	at twc.Automation.ReadDataFromFile.read_xml_data_into_buffer.read_xml_file_into_buffer_string(read_xml_data_into_buffer.java:55)
	at twc.Automation.General.Functions.read_API_Call_Data(Functions.java:248)
	at twc.Automation.General.Functions.validate_API_Call_With_PubAds_Call(Functions.java:139)
	at twc.Automation.SmokeTestCases.smokeTestCases.Smoke_Test_Case_C333174_Verify_Factual_Call(smokeTestCases.java:169)
	at sun.reflect.NativeMethodAccessorImpl.invoke0(Native Method)
	at sun.reflect.NativeMethodAccessorImpl.invoke(NativeMethodAccessorImpl.java:62)
	at sun.reflect.DelegatingMethodAccessorImpl.invoke(DelegatingMethodAccessorImpl.java:43)
	at java.lang.reflect.Method.invoke(Method.java:497)
	at org.testng.internal.MethodInvocationHelper.invokeMethod(MethodInvocationHelper.java:85)
	at org.testng.internal.Invoker.invokeMethod(Invoker.java:659)
	at org.testng.internal.Invoker.invokeTestMethod(Invoker.java:845)
	at org.testng.internal.Invoker.invokeTestMethods(Invoker.java:1153)
	at org.testng.internal.TestMethodWorker.invokeTestMethods(TestMethodWorker.java:125)
	at org.testng.internal.TestMethodWorker.run(TestMethodWorker.java:108)
	at org.testng.TestRunner.privateRun(TestRunner.java:771)
	at org.testng.TestRunner.run(TestRunner.java:621)
	at org.testng.SuiteRunner.runTest(SuiteRunner.java:357)
	at org.testng.SuiteRunner.runSequentially(SuiteRunner.java:352)
	at org.testng.SuiteRunner.privateRun(SuiteRunner.java:310)
	at org.testng.SuiteRunner.run(SuiteRunner.java:259)
	at org.testng.SuiteRunnerWorker.runSuite(SuiteRunnerWorker.java:52)
	at org.testng.SuiteRunnerWorker.run(SuiteRunnerWorker.java:86)
	at org.testng.TestNG.runSuitesSequentially(TestNG.java:1199)
	at org.testng.TestNG.runSuitesLocally(TestNG.java:1124)
	at org.testng.TestNG.run(TestNG.java:1032)
	at org.testng.remote.AbstractRemoteTestNG.run(AbstractRemoteTestNG.java:132)
	at org.testng.remote.RemoteTestNG.initAndRun(RemoteTestNG.java:230)
	at org.testng.remote.RemoteTestNG.main(RemoteTestNG.java:76)
</stack-trace>
            </failure>
            <steps/>
            <attachments/>
            <labels>
                <label name="host" value="ravis-mbp.corp.monocept.com"/>
                <label name="thread" value="85186@ravis-mbp.corp.monocept.com.main(1)"/>
            </labels>
        </test-case>
        <test-case start="1522321121183" stop="1522321121207" status="broken">
            <name>Smoke_Test_Case_C333174_Verify_Factual_Call</name>
            <title>Verify Factual Call</title>
            <failure>
                <message>NullPointerException: null</message>
                <stack-trace>java.lang.NullPointerException
	at twc.Automation.ReadDataFromFile.read_xml_data_into_buffer.read_xml_file_into_buffer_string(read_xml_data_into_buffer.java:55)
	at twc.Automation.General.Functions.read_API_Call_Data(Functions.java:248)
	at twc.Automation.General.Functions.validate_API_Call_With_PubAds_Call(Functions.java:139)
	at twc.Automation.SmokeTestCases.smokeTestCases.Smoke_Test_Case_C333174_Verify_Factual_Call(smokeTestCases.java:169)
	at sun.reflect.NativeMethodAccessorImpl.invoke0(Native Method)
	at sun.reflect.NativeMethodAccessorImpl.invoke(NativeMethodAccessorImpl.java:62)
	at sun.reflect.DelegatingMethodAccessorImpl.invoke(DelegatingMethodAccessorImpl.java:43)
	at java.lang.reflect.Method.invoke(Method.java:497)
	at org.testng.internal.MethodInvocationHelper.invokeMethod(MethodInvocationHelper.java:85)
	at org.testng.internal.Invoker.invokeMethod(Invoker.java:659)
	at org.testng.internal.Invoker.invokeTestMethod(Invoker.java:845)
	at org.testng.internal.Invoker.invokeTestMethods(Invoker.java:1153)
	at org.testng.internal.TestMethodWorker.invokeTestMethods(TestMethodWorker.java:125)
	at org.testng.internal.TestMethodWorker.run(TestMethodWorker.java:108)
	at org.testng.TestRunner.privateRun(TestRunner.java:771)
	at org.testng.TestRunner.run(TestRunner.java:621)
	at org.testng.SuiteRunner.runTest(SuiteRunner.java:357)
	at org.testng.SuiteRunner.runSequentially(SuiteRunner.java:352)
	at org.testng.SuiteRunner.privateRun(SuiteRunner.java:310)
	at org.testng.SuiteRunner.run(SuiteRunner.java:259)
	at org.testng.SuiteRunnerWorker.runSuite(SuiteRunnerWorker.java:52)
	at org.testng.SuiteRunnerWorker.run(SuiteRunnerWorker.java:86)
	at org.testng.TestNG.runSuitesSequentially(TestNG.java:1199)
	at org.testng.TestNG.runSuitesLocally(TestNG.java:1124)
	at org.testng.TestNG.run(TestNG.java:1032)
	at org.testng.remote.AbstractRemoteTestNG.run(AbstractRemoteTestNG.java:132)
	at org.testng.remote.RemoteTestNG.initAndRun(RemoteTestNG.java:230)
	at org.testng.remote.RemoteTestNG.main(RemoteTestNG.java:76)
</stack-trace>
            </failure>
            <steps/>
            <attachments/>
            <labels>
                <label name="host" value="ravis-mbp.corp.monocept.com"/>
                <label name="thread" value="85186@ravis-mbp.corp.monocept.com.main(1)"/>
            </labels>
        </test-case>
        <test-case start="1522321121211" stop="1522321121211" status="passed">
            <name>Smoke_Test_Case_C333182_Verify_Lotame_Call</name>
            <title>Verify Lotame Call</title>
            <steps/>
            <attachments/>
            <labels>
                <label name="host" value="ravis-mbp.corp.monocept.com"/>
                <label name="thread" value="85186@ravis-mbp.corp.monocept.com.main(1)"/>
            </labels>
        </test-case>
        <test-case start="1522321121211" stop="1522321121211" status="passed">
            <name>Smoke_Test_Case_C333182_Verify_Lotame_Call</name>
            <title>Verify Lotame Call</title>
            <steps/>
            <attachments/>
            <labels>
                <label name="host" value="ravis-mbp.corp.monocept.com"/>
                <label name="thread" value="85186@ravis-mbp.corp.monocept.com.main(1)"/>
            </labels>
        </test-case>
        <test-case start="1522321121225" stop="1522321446102" status="failed">
            <name>Smoke_Test_Case_C333179_Verify_Ad_Call_Is_Made_On_Pull_To_Refresh</name>
            <title>Verify Ad Call Is Made On Pull To Refresh</title>
            <failure>
                <message>AssertionError:  Call not generated. </message>
                <stack-trace>java.lang.AssertionError:  Call not generated. 
	at org.testng.Assert.fail(Assert.java:94)
	at twc.Automation.General.Functions.bb_call_validation(Functions.java:487)
	at twc.Automation.SmokeTestCases.smokeTestCases.Smoke_Test_Case_C333179_Verify_Ad_Call_Is_Made_On_Pull_To_Refresh(smokeTestCases.java:208)
	at sun.reflect.NativeMethodAccessorImpl.invoke0(Native Method)
	at sun.reflect.NativeMethodAccessorImpl.invoke(NativeMethodAccessorImpl.java:62)
	at sun.reflect.DelegatingMethodAccessorImpl.invoke(DelegatingMethodAccessorImpl.java:43)
	at java.lang.reflect.Method.invoke(Method.java:497)
	at org.testng.internal.MethodInvocationHelper.invokeMethod(MethodInvocationHelper.java:85)
	at org.testng.internal.Invoker.invokeMethod(Invoker.java:659)
	at org.testng.internal.Invoker.invokeTestMethod(Invoker.java:845)
	at org.testng.internal.Invoker.invokeTestMethods(Invoker.java:1153)
	at org.testng.internal.TestMethodWorker.invokeTestMethods(TestMethodWorker.java:125)
	at org.testng.internal.TestMethodWorker.run(TestMethodWorker.java:108)
	at org.testng.TestRunner.privateRun(TestRunner.java:771)
	at org.testng.TestRunner.run(TestRunner.java:621)
	at org.testng.SuiteRunner.runTest(SuiteRunner.java:357)
	at org.testng.SuiteRunner.runSequentially(SuiteRunner.java:352)
	at org.testng.SuiteRunner.privateRun(SuiteRunner.java:310)
	at org.testng.SuiteRunner.run(SuiteRunner.java:259)
	at org.testng.SuiteRunnerWorker.runSuite(SuiteRunnerWorker.java:52)
	at org.testng.SuiteRunnerWorker.run(SuiteRunnerWorker.java:86)
	at org.testng.TestNG.runSuitesSequentially(TestNG.java:1199)
	at org.testng.TestNG.runSuitesLocally(TestNG.java:1124)
	at org.testng.TestNG.run(TestNG.java:1032)
	at org.testng.remote.AbstractRemoteTestNG.run(AbstractRemoteTestNG.java:132)
	at org.testng.remote.RemoteTestNG.initAndRun(RemoteTestNG.java:230)
	at org.testng.remote.RemoteTestNG.main(RemoteTestNG.java:76)
</stack-trace>
            </failure>
            <steps/>
            <attachments/>
            <labels>
                <label name="host" value="ravis-mbp.corp.monocept.com"/>
                <label name="thread" value="85186@ravis-mbp.corp.monocept.com.main(1)"/>
            </labels>
        </test-case>
        <test-case start="1522321121225" stop="1522321446102" status="failed">
            <name>Smoke_Test_Case_C333179_Verify_Ad_Call_Is_Made_On_Pull_To_Refresh</name>
            <title>Verify Ad Call Is Made On Pull To Refresh</title>
            <failure>
                <message>AssertionError:  Call not generated. </message>
                <stack-trace>java.lang.AssertionError:  Call not generated. 
	at org.testng.Assert.fail(Assert.java:94)
	at twc.Automation.General.Functions.bb_call_validation(Functions.java:487)
	at twc.Automation.SmokeTestCases.smokeTestCases.Smoke_Test_Case_C333179_Verify_Ad_Call_Is_Made_On_Pull_To_Refresh(smokeTestCases.java:208)
	at sun.reflect.NativeMethodAccessorImpl.invoke0(Native Method)
	at sun.reflect.NativeMethodAccessorImpl.invoke(NativeMethodAccessorImpl.java:62)
	at sun.reflect.DelegatingMethodAccessorImpl.invoke(DelegatingMethodAccessorImpl.java:43)
	at java.lang.reflect.Method.invoke(Method.java:497)
	at org.testng.internal.MethodInvocationHelper.invokeMethod(MethodInvocationHelper.java:85)
	at org.testng.internal.Invoker.invokeMethod(Invoker.java:659)
	at org.testng.internal.Invoker.invokeTestMethod(Invoker.java:845)
	at org.testng.internal.Invoker.invokeTestMethods(Invoker.java:1153)
	at org.testng.internal.TestMethodWorker.invokeTestMethods(TestMethodWorker.java:125)
	at org.testng.internal.TestMethodWorker.run(TestMethodWorker.java:108)
	at org.testng.TestRunner.privateRun(TestRunner.java:771)
	at org.testng.TestRunner.run(TestRunner.java:621)
	at org.testng.SuiteRunner.runTest(SuiteRunner.java:357)
	at org.testng.SuiteRunner.runSequentially(SuiteRunner.java:352)
	at org.testng.SuiteRunner.privateRun(SuiteRunner.java:310)
	at org.testng.SuiteRunner.run(SuiteRunner.java:259)
	at org.testng.SuiteRunnerWorker.runSuite(SuiteRunnerWorker.java:52)
	at org.testng.SuiteRunnerWorker.run(SuiteRunnerWorker.java:86)
	at org.testng.TestNG.runSuitesSequentially(TestNG.java:1199)
	at org.testng.TestNG.runSuitesLocally(TestNG.java:1124)
	at org.testng.TestNG.run(TestNG.java:1032)
	at org.testng.remote.AbstractRemoteTestNG.run(AbstractRemoteTestNG.java:132)
	at org.testng.remote.RemoteTestNG.initAndRun(RemoteTestNG.java:230)
	at org.testng.remote.RemoteTestNG.main(RemoteTestNG.java:76)
</stack-trace>
            </failure>
            <steps/>
            <attachments/>
            <labels>
                <label name="host" value="ravis-mbp.corp.monocept.com"/>
                <label name="thread" value="85186@ravis-mbp.corp.monocept.com.main(1)"/>
            </labels>
        </test-case>
        <test-case start="1522321446129" stop="1522322035187" status="passed">
            <name>Smoke_Test_Case_C333172_Verify_Ad_Calls_On_Clean_Launch</name>
            <title>Verify Ad Calls On Clean Launch</title>
            <steps/>
            <attachments/>
            <labels>
                <label name="host" value="ravis-mbp.corp.monocept.com"/>
                <label name="thread" value="85186@ravis-mbp.corp.monocept.com.main(1)"/>
            </labels>
        </test-case>
        <test-case start="1522321446129" stop="1522322035187" status="passed">
            <name>Smoke_Test_Case_C333172_Verify_Ad_Calls_On_Clean_Launch</name>
            <title>Verify Ad Calls On Clean Launch</title>
            <steps/>
            <attachments/>
            <labels>
                <label name="host" value="ravis-mbp.corp.monocept.com"/>
                <label name="thread" value="85186@ravis-mbp.corp.monocept.com.main(1)"/>
            </labels>
        </test-case>
        <test-case start="1522322035195" stop="1522322487544" status="failed">
            <name>Smoke_Test_Case_C333175_Verify_Ad_Is_Present_On_Extended_Hourly_Page</name>
            <title>Verify Ad Is Present On Extended Hourly Page</title>
            <failure>
                <message>AssertionError: Hourly - Module not found</message>
                <stack-trace>java.lang.AssertionError: Hourly - Module not found
	at org.testng.Assert.fail(Assert.java:94)
	at twc.Automation.HandleWithApp.AppFunctions.verify_adpresent_onextended_page(AppFunctions.java:1042)
	at twc.Automation.SmokeTestCases.smokeTestCases.Smoke_Test_Case_C333175_Verify_Ad_Is_Present_On_Extended_Hourly_Page(smokeTestCases.java:239)
	at sun.reflect.NativeMethodAccessorImpl.invoke0(Native Method)
	at sun.reflect.NativeMethodAccessorImpl.invoke(NativeMethodAccessorImpl.java:62)
	at sun.reflect.DelegatingMethodAccessorImpl.invoke(DelegatingMethodAccessorImpl.java:43)
	at java.lang.reflect.Method.invoke(Method.java:497)
	at org.testng.internal.MethodInvocationHelper.invokeMethod(MethodInvocationHelper.java:85)
	at org.testng.internal.Invoker.invokeMethod(Invoker.java:659)
	at org.testng.internal.Invoker.invokeTestMethod(Invoker.java:845)
	at org.testng.internal.Invoker.invokeTestMethods(Invoker.java:1153)
	at org.testng.internal.TestMethodWorker.invokeTestMethods(TestMethodWorker.java:125)
	at org.testng.internal.TestMethodWorker.run(TestMethodWorker.java:108)
	at org.testng.TestRunner.privateRun(TestRunner.java:771)
	at org.testng.TestRunner.run(TestRunner.java:621)
	at org.testng.SuiteRunner.runTest(SuiteRunner.java:357)
	at org.testng.SuiteRunner.runSequentially(SuiteRunner.java:352)
	at org.testng.SuiteRunner.privateRun(SuiteRunner.java:310)
	at org.testng.SuiteRunner.run(SuiteRunner.java:259)
	at org.testng.SuiteRunnerWorker.runSuite(SuiteRunnerWorker.java:52)
	at org.testng.SuiteRunnerWorker.run(SuiteRunnerWorker.java:86)
	at org.testng.TestNG.runSuitesSequentially(TestNG.java:1199)
	at org.testng.TestNG.runSuitesLocally(TestNG.java:1124)
	at org.testng.TestNG.run(TestNG.java:1032)
	at org.testng.remote.AbstractRemoteTestNG.run(AbstractRemoteTestNG.java:132)
	at org.testng.remote.RemoteTestNG.initAndRun(RemoteTestNG.java:230)
	at org.testng.remote.RemoteTestNG.main(RemoteTestNG.java:76)
</stack-trace>
            </failure>
            <steps/>
            <attachments/>
            <labels>
                <label name="host" value="ravis-mbp.corp.monocept.com"/>
                <label name="thread" value="85186@ravis-mbp.corp.monocept.com.main(1)"/>
            </labels>
        </test-case>
        <test-case start="1522322035195" stop="1522322487544" status="failed">
            <name>Smoke_Test_Case_C333175_Verify_Ad_Is_Present_On_Extended_Hourly_Page</name>
            <title>Verify Ad Is Present On Extended Hourly Page</title>
            <failure>
                <message>AssertionError: Hourly - Module not found</message>
                <stack-trace>java.lang.AssertionError: Hourly - Module not found
	at org.testng.Assert.fail(Assert.java:94)
	at twc.Automation.HandleWithApp.AppFunctions.verify_adpresent_onextended_page(AppFunctions.java:1042)
	at twc.Automation.SmokeTestCases.smokeTestCases.Smoke_Test_Case_C333175_Verify_Ad_Is_Present_On_Extended_Hourly_Page(smokeTestCases.java:239)
	at sun.reflect.NativeMethodAccessorImpl.invoke0(Native Method)
	at sun.reflect.NativeMethodAccessorImpl.invoke(NativeMethodAccessorImpl.java:62)
	at sun.reflect.DelegatingMethodAccessorImpl.invoke(DelegatingMethodAccessorImpl.java:43)
	at java.lang.reflect.Method.invoke(Method.java:497)
	at org.testng.internal.MethodInvocationHelper.invokeMethod(MethodInvocationHelper.java:85)
	at org.testng.internal.Invoker.invokeMethod(Invoker.java:659)
	at org.testng.internal.Invoker.invokeTestMethod(Invoker.java:845)
	at org.testng.internal.Invoker.invokeTestMethods(Invoker.java:1153)
	at org.testng.internal.TestMethodWorker.invokeTestMethods(TestMethodWorker.java:125)
	at org.testng.internal.TestMethodWorker.run(TestMethodWorker.java:108)
	at org.testng.TestRunner.privateRun(TestRunner.java:771)
	at org.testng.TestRunner.run(TestRunner.java:621)
	at org.testng.SuiteRunner.runTest(SuiteRunner.java:357)
	at org.testng.SuiteRunner.runSequentially(SuiteRunner.java:352)
	at org.testng.SuiteRunner.privateRun(SuiteRunner.java:310)
	at org.testng.SuiteRunner.run(SuiteRunner.java:259)
	at org.testng.SuiteRunnerWorker.runSuite(SuiteRunnerWorker.java:52)
	at org.testng.SuiteRunnerWorker.run(SuiteRunnerWorker.java:86)
	at org.testng.TestNG.runSuitesSequentially(TestNG.java:1199)
	at org.testng.TestNG.runSuitesLocally(TestNG.java:1124)
	at org.testng.TestNG.run(TestNG.java:1032)
	at org.testng.remote.AbstractRemoteTestNG.run(AbstractRemoteTestNG.java:132)
	at org.testng.remote.RemoteTestNG.initAndRun(RemoteTestNG.java:230)
	at org.testng.remote.RemoteTestNG.main(RemoteTestNG.java:76)
</stack-trace>
            </failure>
            <steps/>
            <attachments/>
            <labels>
                <label name="host" value="ravis-mbp.corp.monocept.com"/>
                <label name="thread" value="85186@ravis-mbp.corp.monocept.com.main(1)"/>
            </labels>
        </test-case>
        <test-case start="1522322487548" stop="1522322819879" status="failed">
            <name>Smoke_Test_Case_C333180_Verify_Ad_Is_Present_On_Extended_Daily_Page</name>
            <title>Verify Ad Is Present On Extended Daily Page</title>
            <failure>
                <message>AssertionError: Daily - Module not found</message>
                <stack-trace>java.lang.AssertionError: Daily - Module not found
	at org.testng.Assert.fail(Assert.java:94)
	at twc.Automation.HandleWithApp.AppFunctions.verify_adpresent_onextended_page(AppFunctions.java:1042)
	at twc.Automation.SmokeTestCases.smokeTestCases.Smoke_Test_Case_C333180_Verify_Ad_Is_Present_On_Extended_Daily_Page(smokeTestCases.java:254)
	at sun.reflect.NativeMethodAccessorImpl.invoke0(Native Method)
	at sun.reflect.NativeMethodAccessorImpl.invoke(NativeMethodAccessorImpl.java:62)
	at sun.reflect.DelegatingMethodAccessorImpl.invoke(DelegatingMethodAccessorImpl.java:43)
	at java.lang.reflect.Method.invoke(Method.java:497)
	at org.testng.internal.MethodInvocationHelper.invokeMethod(MethodInvocationHelper.java:85)
	at org.testng.internal.Invoker.invokeMethod(Invoker.java:659)
	at org.testng.internal.Invoker.invokeTestMethod(Invoker.java:845)
	at org.testng.internal.Invoker.invokeTestMethods(Invoker.java:1153)
	at org.testng.internal.TestMethodWorker.invokeTestMethods(TestMethodWorker.java:125)
	at org.testng.internal.TestMethodWorker.run(TestMethodWorker.java:108)
	at org.testng.TestRunner.privateRun(TestRunner.java:771)
	at org.testng.TestRunner.run(TestRunner.java:621)
	at org.testng.SuiteRunner.runTest(SuiteRunner.java:357)
	at org.testng.SuiteRunner.runSequentially(SuiteRunner.java:352)
	at org.testng.SuiteRunner.privateRun(SuiteRunner.java:310)
	at org.testng.SuiteRunner.run(SuiteRunner.java:259)
	at org.testng.SuiteRunnerWorker.runSuite(SuiteRunnerWorker.java:52)
	at org.testng.SuiteRunnerWorker.run(SuiteRunnerWorker.java:86)
	at org.testng.TestNG.runSuitesSequentially(TestNG.java:1199)
	at org.testng.TestNG.runSuitesLocally(TestNG.java:1124)
	at org.testng.TestNG.run(TestNG.java:1032)
	at org.testng.remote.AbstractRemoteTestNG.run(AbstractRemoteTestNG.java:132)
	at org.testng.remote.RemoteTestNG.initAndRun(RemoteTestNG.java:230)
	at org.testng.remote.RemoteTestNG.main(RemoteTestNG.java:76)
</stack-trace>
            </failure>
            <steps/>
            <attachments/>
            <labels>
                <label name="host" value="ravis-mbp.corp.monocept.com"/>
                <label name="thread" value="85186@ravis-mbp.corp.monocept.com.main(1)"/>
            </labels>
        </test-case>
        <test-case start="1522322487548" stop="1522322819879" status="failed">
            <name>Smoke_Test_Case_C333180_Verify_Ad_Is_Present_On_Extended_Daily_Page</name>
            <title>Verify Ad Is Present On Extended Daily Page</title>
            <failure>
                <message>AssertionError: Daily - Module not found</message>
                <stack-trace>java.lang.AssertionError: Daily - Module not found
	at org.testng.Assert.fail(Assert.java:94)
	at twc.Automation.HandleWithApp.AppFunctions.verify_adpresent_onextended_page(AppFunctions.java:1042)
	at twc.Automation.SmokeTestCases.smokeTestCases.Smoke_Test_Case_C333180_Verify_Ad_Is_Present_On_Extended_Daily_Page(smokeTestCases.java:254)
	at sun.reflect.NativeMethodAccessorImpl.invoke0(Native Method)
	at sun.reflect.NativeMethodAccessorImpl.invoke(NativeMethodAccessorImpl.java:62)
	at sun.reflect.DelegatingMethodAccessorImpl.invoke(DelegatingMethodAccessorImpl.java:43)
	at java.lang.reflect.Method.invoke(Method.java:497)
	at org.testng.internal.MethodInvocationHelper.invokeMethod(MethodInvocationHelper.java:85)
	at org.testng.internal.Invoker.invokeMethod(Invoker.java:659)
	at org.testng.internal.Invoker.invokeTestMethod(Invoker.java:845)
	at org.testng.internal.Invoker.invokeTestMethods(Invoker.java:1153)
	at org.testng.internal.TestMethodWorker.invokeTestMethods(TestMethodWorker.java:125)
	at org.testng.internal.TestMethodWorker.run(TestMethodWorker.java:108)
	at org.testng.TestRunner.privateRun(TestRunner.java:771)
	at org.testng.TestRunner.run(TestRunner.java:621)
	at org.testng.SuiteRunner.runTest(SuiteRunner.java:357)
	at org.testng.SuiteRunner.runSequentially(SuiteRunner.java:352)
	at org.testng.SuiteRunner.privateRun(SuiteRunner.java:310)
	at org.testng.SuiteRunner.run(SuiteRunner.java:259)
	at org.testng.SuiteRunnerWorker.runSuite(SuiteRunnerWorker.java:52)
	at org.testng.SuiteRunnerWorker.run(SuiteRunnerWorker.java:86)
	at org.testng.TestNG.runSuitesSequentially(TestNG.java:1199)
	at org.testng.TestNG.runSuitesLocally(TestNG.java:1124)
	at org.testng.TestNG.run(TestNG.java:1032)
	at org.testng.remote.AbstractRemoteTestNG.run(AbstractRemoteTestNG.java:132)
	at org.testng.remote.RemoteTestNG.initAndRun(RemoteTestNG.java:230)
	at org.testng.remote.RemoteTestNG.main(RemoteTestNG.java:76)
</stack-trace>
            </failure>
            <steps/>
            <attachments/>
            <labels>
                <label name="host" value="ravis-mbp.corp.monocept.com"/>
                <label name="thread" value="85186@ravis-mbp.corp.monocept.com.main(1)"/>
            </labels>
        </test-case>
        <test-case start="1522322819886" stop="1522323078196" status="passed">
            <name>Smoke_Test_Case_C333176_Verify_Ad_Is_Present_On_Extended_Map_Page</name>
            <title>Verify Ad Is Present On Extended Map Page</title>
            <steps/>
            <attachments/>
            <labels>
                <label name="host" value="ravis-mbp.corp.monocept.com"/>
                <label name="thread" value="85186@ravis-mbp.corp.monocept.com.main(1)"/>
            </labels>
        </test-case>
        <test-case start="1522322819886" stop="1522323078196" status="passed">
            <name>Smoke_Test_Case_C333176_Verify_Ad_Is_Present_On_Extended_Map_Page</name>
            <title>Verify Ad Is Present On Extended Map Page</title>
            <steps/>
            <attachments/>
            <labels>
                <label name="host" value="ravis-mbp.corp.monocept.com"/>
                <label name="thread" value="85186@ravis-mbp.corp.monocept.com.main(1)"/>
            </labels>
        </test-case>
        <test-case start="1522323078207" stop="1522323156389" status="passed">
            <name>Smoke_Test_Case_C333175_Verify_Ad_Is_Present_On_Extended_News_Page</name>
            <title>Verify Ad Is Present On Extended News Page</title>
            <steps/>
            <attachments/>
            <labels>
                <label name="host" value="ravis-mbp.corp.monocept.com"/>
                <label name="thread" value="85186@ravis-mbp.corp.monocept.com.main(1)"/>
            </labels>
        </test-case>
        <test-case start="1522323078207" stop="1522323156389" status="passed">
            <name>Smoke_Test_Case_C333175_Verify_Ad_Is_Present_On_Extended_News_Page</name>
            <title>Verify Ad Is Present On Extended News Page</title>
            <steps/>
            <attachments/>
            <labels>
                <label name="host" value="ravis-mbp.corp.monocept.com"/>
                <label name="thread" value="85186@ravis-mbp.corp.monocept.com.main(1)"/>
            </labels>
        </test-case>
    </test-cases>
    <labels>
        <label name="framework" value="TestNG"/>
        <label name="language" value="JAVA"/>
    </labels>
</ns2:test-suite>
